[INFO ] [2021-06-12 00:43:01] [main] top.baozoulolw.webchat.WebchatApplication  t.b.webchat.WebchatApplication - Starting WebchatApplication using Java 1.8.0_212 on DESKTOP-P5QJ30K with PID 9512 (G:\STUDY\WebChat\my\webchat\target\classes started by Baozoulolw in G:\STUDY\WebChat\my\webchat)
[INFO ] [2021-06-12 00:43:01] [main] top.baozoulolw.webchat.WebchatApplication  t.b.webchat.WebchatApplication - The following profiles are active: dev
[INFO ] [2021-06-12 00:43:02] [main] org.springframework.data.repository.config.RepositoryConfigurationDelegate  o.s.d.r.c.RepositoryConfigurationDelegate - Multiple Spring Data modules found, entering strict repository configuration mode!
[INFO ] [2021-06-12 00:43:02] [main] org.springframework.data.repository.config.RepositoryConfigurationDelegate  o.s.d.r.c.RepositoryConfigurationDelegate - Bootstrapping Spring Data Redis repositories in DEFAULT mode.
[INFO ] [2021-06-12 00:43:02] [main] org.springframework.data.repository.config.RepositoryConfigurationDelegate  o.s.d.r.c.RepositoryConfigurationDelegate - Finished Spring Data repository scanning in 12 ms. Found 0 Redis repository interfaces.
[INFO ] [2021-06-12 00:43:03] [main] org.springframework.context.support.PostProcessorRegistrationDelegate$BeanPostProcessorChecker  o.s.c.s.PostProcessorRegistrationDelegate$BeanPostProcessorChecker - Bean 'org.springframework.security.access.expression.method.DefaultMethodSecurityExpressionHandler@168b4cb0' of type [org.springframework.security.access.expression.method.DefaultMethodSecurityExpressionHandler] is not eligible for getting processed by all BeanPostProcessors (for example: not eligible for auto-proxying)
[INFO ] [2021-06-12 00:43:03] [main] org.springframework.context.support.PostProcessorRegistrationDelegate$BeanPostProcessorChecker  o.s.c.s.PostProcessorRegistrationDelegate$BeanPostProcessorChecker - Bean 'methodSecurityMetadataSource' of type [org.springframework.security.access.method.DelegatingMethodSecurityMetadataSource] is not eligible for getting processed by all BeanPostProcessors (for example: not eligible for auto-proxying)
[INFO ] [2021-06-12 00:43:03] [main] org.springframework.boot.web.embedded.tomcat.TomcatWebServer  o.s.b.w.e.tomcat.TomcatWebServer - Tomcat initialized with port(s): 8001 (http)
[INFO ] [2021-06-12 00:43:03] [main] org.apache.coyote.http11.Http11NioProtocol  o.a.coyote.http11.Http11NioProtocol - Initializing ProtocolHandler ["http-nio-8001"]
[INFO ] [2021-06-12 00:43:03] [main] org.apache.catalina.core.StandardService  o.a.catalina.core.StandardService - Starting service [Tomcat]
[INFO ] [2021-06-12 00:43:03] [main] org.apache.catalina.core.StandardEngine  o.a.catalina.core.StandardEngine - Starting Servlet engine: [Apache Tomcat/9.0.46]
[INFO ] [2021-06-12 00:43:03] [main] org.apache.catalina.core.ContainerBase.[Tomcat].[localhost].[/]  o.a.c.c.C.[Tomcat].[localhost].[/] - Initializing Spring embedded WebApplicationContext
[INFO ] [2021-06-12 00:43:03] [main] org.springframework.boot.web.servlet.context.ServletWebServerApplicationContext  o.s.b.w.s.c.ServletWebServerApplicationContext - Root WebApplicationContext: initialization completed in 1580 ms
[INFO ] [2021-06-12 00:43:04] [main] springfox.documentation.spring.web.PropertySourcedRequestMappingHandlerMapping  s.d.s.w.PropertySourcedRequestMappingHandlerMapping - Mapped URL path [/v2/api-docs] onto method [springfox.documentation.swagger2.web.Swagger2Controller#getDocumentation(String, HttpServletRequest)]
[INFO ] [2021-06-12 00:43:04] [main] org.springframework.security.web.DefaultSecurityFilterChain  o.s.s.web.DefaultSecurityFilterChain - Will secure Ant [pattern='/chat'] with []
[INFO ] [2021-06-12 00:43:05] [main] org.springframework.security.web.DefaultSecurityFilterChain  o.s.s.web.DefaultSecurityFilterChain - Will secure any request with [org.springframework.security.web.context.request.async.WebAsyncManagerIntegrationFilter@70697478, org.springframework.security.web.context.SecurityContextPersistenceFilter@6533629, org.springframework.security.web.header.HeaderWriterFilter@5d5574c7, org.springframework.web.filter.CorsFilter@42b43a6, org.springframework.security.web.authentication.logout.LogoutFilter@92e2c93, top.baozoulolw.webchat.filter.JwtLoginFilter@1d622556, top.baozoulolw.webchat.filter.JwtPreFilter@4b9f7edc, org.springframework.security.web.authentication.www.BasicAuthenticationFilter@78f5cbc5, org.springframework.security.web.savedrequest.RequestCacheAwareFilter@1b444b5, org.springframework.security.web.servletapi.SecurityContextHolderAwareRequestFilter@4a4ff5ed, org.springframework.security.web.authentication.AnonymousAuthenticationFilter@70ee1963, org.springframework.security.web.session.SessionManagementFilter@36871e98, org.springframework.security.web.access.ExceptionTranslationFilter@7b1c501d, org.springframework.security.web.access.intercept.FilterSecurityInterceptor@cf08c97]
[INFO ] [2021-06-12 00:43:05] [main] org.apache.coyote.http11.Http11NioProtocol  o.a.coyote.http11.Http11NioProtocol - Starting ProtocolHandler ["http-nio-8001"]
[INFO ] [2021-06-12 00:43:05] [main] org.springframework.boot.web.embedded.tomcat.TomcatWebServer  o.s.b.w.e.tomcat.TomcatWebServer - Tomcat started on port(s): 8001 (http) with context path ''
[INFO ] [2021-06-12 00:43:05] [main] springfox.documentation.spring.web.plugins.DocumentationPluginsBootstrapper  s.d.s.w.p.DocumentationPluginsBootstrapper - Context refreshed
[INFO ] [2021-06-12 00:43:05] [main] springfox.documentation.spring.web.plugins.DocumentationPluginsBootstrapper  s.d.s.w.p.DocumentationPluginsBootstrapper - Found 1 custom documentation plugin(s)
[INFO ] [2021-06-12 00:43:05] [main] springfox.documentation.spring.web.scanners.ApiListingReferenceScanner  s.d.s.w.s.ApiListingReferenceScanner - Scanning for api listing references
[INFO ] [2021-06-12 00:43:05] [main] top.baozoulolw.webchat.WebchatApplication  t.b.webchat.WebchatApplication - Started WebchatApplication in 4.34 seconds (JVM running for 6.087)
[INFO ] [2021-06-12 00:43:05] [main] org.springframework.boot.availability.ApplicationAvailabilityBean  o.s.b.a.ApplicationAvailabilityBean - Application availability state LivenessState changed to CORRECT
[INFO ] [2021-06-12 00:43:05] [main] org.springframework.boot.availability.ApplicationAvailabilityBean  o.s.b.a.ApplicationAvailabilityBean - Application availability state ReadinessState changed to ACCEPTING_TRAFFIC
[INFO ] [2021-06-12 00:47:57] [http-nio-8001-exec-1] org.apache.catalina.core.ContainerBase.[Tomcat].[localhost].[/]  o.a.c.c.C.[Tomcat].[localhost].[/] - Initializing Spring DispatcherServlet 'dispatcherServlet'
[INFO ] [2021-06-12 00:47:57] [http-nio-8001-exec-1] org.springframework.web.servlet.DispatcherServlet  o.s.web.servlet.DispatcherServlet - Initializing Servlet 'dispatcherServlet'
[INFO ] [2021-06-12 00:47:57] [http-nio-8001-exec-1] org.springframework.web.servlet.DispatcherServlet  o.s.web.servlet.DispatcherServlet - Completed initialization in 3 ms
[INFO ] [2021-06-12 00:48:50] [http-nio-8001-exec-1] com.zaxxer.hikari.HikariDataSource  com.zaxxer.hikari.HikariDataSource - HikariPool-1 - Starting...
[INFO ] [2021-06-12 00:48:51] [http-nio-8001-exec-1] com.zaxxer.hikari.HikariDataSource  com.zaxxer.hikari.HikariDataSource - HikariPool-1 - Start completed.
[INFO ] [2021-06-12 02:41:34] [main] top.baozoulolw.webchat.WebchatApplication  t.b.webchat.WebchatApplication - Starting WebchatApplication using Java 1.8.0_212 on DESKTOP-P5QJ30K with PID 3428 (G:\STUDY\WebChat\my\webchat\target\classes started by Baozoulolw in G:\STUDY\WebChat\my\webchat)
[INFO ] [2021-06-12 02:41:34] [main] top.baozoulolw.webchat.WebchatApplication  t.b.webchat.WebchatApplication - The following profiles are active: dev
[INFO ] [2021-06-12 02:41:35] [main] org.springframework.data.repository.config.RepositoryConfigurationDelegate  o.s.d.r.c.RepositoryConfigurationDelegate - Multiple Spring Data modules found, entering strict repository configuration mode!
[INFO ] [2021-06-12 02:41:35] [main] org.springframework.data.repository.config.RepositoryConfigurationDelegate  o.s.d.r.c.RepositoryConfigurationDelegate - Bootstrapping Spring Data Redis repositories in DEFAULT mode.
[INFO ] [2021-06-12 02:41:35] [main] org.springframework.data.repository.config.RepositoryConfigurationDelegate  o.s.d.r.c.RepositoryConfigurationDelegate - Finished Spring Data repository scanning in 11 ms. Found 0 Redis repository interfaces.
[INFO ] [2021-06-12 02:41:35] [main] org.springframework.context.support.PostProcessorRegistrationDelegate$BeanPostProcessorChecker  o.s.c.s.PostProcessorRegistrationDelegate$BeanPostProcessorChecker - Bean 'org.springframework.security.access.expression.method.DefaultMethodSecurityExpressionHandler@50b0afd7' of type [org.springframework.security.access.expression.method.DefaultMethodSecurityExpressionHandler] is not eligible for getting processed by all BeanPostProcessors (for example: not eligible for auto-proxying)
[INFO ] [2021-06-12 02:41:35] [main] org.springframework.context.support.PostProcessorRegistrationDelegate$BeanPostProcessorChecker  o.s.c.s.PostProcessorRegistrationDelegate$BeanPostProcessorChecker - Bean 'methodSecurityMetadataSource' of type [org.springframework.security.access.method.DelegatingMethodSecurityMetadataSource] is not eligible for getting processed by all BeanPostProcessors (for example: not eligible for auto-proxying)
[INFO ] [2021-06-12 02:41:35] [main] org.springframework.boot.web.embedded.tomcat.TomcatWebServer  o.s.b.w.e.tomcat.TomcatWebServer - Tomcat initialized with port(s): 8001 (http)
[INFO ] [2021-06-12 02:41:35] [main] org.apache.coyote.http11.Http11NioProtocol  o.a.coyote.http11.Http11NioProtocol - Initializing ProtocolHandler ["http-nio-8001"]
[INFO ] [2021-06-12 02:41:35] [main] org.apache.catalina.core.StandardService  o.a.catalina.core.StandardService - Starting service [Tomcat]
[INFO ] [2021-06-12 02:41:35] [main] org.apache.catalina.core.StandardEngine  o.a.catalina.core.StandardEngine - Starting Servlet engine: [Apache Tomcat/9.0.46]
[INFO ] [2021-06-12 02:41:35] [main] org.apache.catalina.core.ContainerBase.[Tomcat].[localhost].[/]  o.a.c.c.C.[Tomcat].[localhost].[/] - Initializing Spring embedded WebApplicationContext
[INFO ] [2021-06-12 02:41:35] [main] org.springframework.boot.web.servlet.context.ServletWebServerApplicationContext  o.s.b.w.s.c.ServletWebServerApplicationContext - Root WebApplicationContext: initialization completed in 1651 ms
[INFO ] [2021-06-12 02:41:37] [main] springfox.documentation.spring.web.PropertySourcedRequestMappingHandlerMapping  s.d.s.w.PropertySourcedRequestMappingHandlerMapping - Mapped URL path [/v2/api-docs] onto method [springfox.documentation.swagger2.web.Swagger2Controller#getDocumentation(String, HttpServletRequest)]
[INFO ] [2021-06-12 02:41:37] [main] org.springframework.security.web.DefaultSecurityFilterChain  o.s.s.web.DefaultSecurityFilterChain - Will secure Ant [pattern='/chat'] with []
[INFO ] [2021-06-12 02:41:37] [main] org.springframework.security.web.DefaultSecurityFilterChain  o.s.s.web.DefaultSecurityFilterChain - Will secure any request with [org.springframework.security.web.context.request.async.WebAsyncManagerIntegrationFilter@a1cb94, org.springframework.security.web.context.SecurityContextPersistenceFilter@36665c11, org.springframework.security.web.header.HeaderWriterFilter@4152bd0f, org.springframework.web.filter.CorsFilter@46d148bd, org.springframework.security.web.authentication.logout.LogoutFilter@1827fc4e, top.baozoulolw.webchat.filter.JwtLoginFilter@37f41a81, top.baozoulolw.webchat.filter.JwtPreFilter@47c81e89, org.springframework.security.web.authentication.www.BasicAuthenticationFilter@1c3d9e28, org.springframework.security.web.savedrequest.RequestCacheAwareFilter@3a709cc7, org.springframework.security.web.servletapi.SecurityContextHolderAwareRequestFilter@edbc2bf, org.springframework.security.web.authentication.AnonymousAuthenticationFilter@49bb808f, org.springframework.security.web.session.SessionManagementFilter@e4b54d3, org.springframework.security.web.access.ExceptionTranslationFilter@53ba25ff, org.springframework.security.web.access.intercept.FilterSecurityInterceptor@5f33e6d]
[INFO ] [2021-06-12 02:41:37] [main] org.apache.coyote.http11.Http11NioProtocol  o.a.coyote.http11.Http11NioProtocol - Starting ProtocolHandler ["http-nio-8001"]
[INFO ] [2021-06-12 02:41:37] [main] org.springframework.boot.web.embedded.tomcat.TomcatWebServer  o.s.b.w.e.tomcat.TomcatWebServer - Tomcat started on port(s): 8001 (http) with context path ''
[INFO ] [2021-06-12 02:41:37] [main] springfox.documentation.spring.web.plugins.DocumentationPluginsBootstrapper  s.d.s.w.p.DocumentationPluginsBootstrapper - Context refreshed
[INFO ] [2021-06-12 02:41:37] [main] springfox.documentation.spring.web.plugins.DocumentationPluginsBootstrapper  s.d.s.w.p.DocumentationPluginsBootstrapper - Found 1 custom documentation plugin(s)
[INFO ] [2021-06-12 02:41:37] [main] springfox.documentation.spring.web.scanners.ApiListingReferenceScanner  s.d.s.w.s.ApiListingReferenceScanner - Scanning for api listing references
[INFO ] [2021-06-12 02:41:37] [main] top.baozoulolw.webchat.WebchatApplication  t.b.webchat.WebchatApplication - Started WebchatApplication in 4.666 seconds (JVM running for 6.083)
[INFO ] [2021-06-12 02:41:37] [main] org.springframework.boot.availability.ApplicationAvailabilityBean  o.s.b.a.ApplicationAvailabilityBean - Application availability state LivenessState changed to CORRECT
[INFO ] [2021-06-12 02:41:37] [main] org.springframework.boot.availability.ApplicationAvailabilityBean  o.s.b.a.ApplicationAvailabilityBean - Application availability state ReadinessState changed to ACCEPTING_TRAFFIC
[INFO ] [2021-06-12 02:42:11] [http-nio-8001-exec-2] org.apache.catalina.core.ContainerBase.[Tomcat].[localhost].[/]  o.a.c.c.C.[Tomcat].[localhost].[/] - Initializing Spring DispatcherServlet 'dispatcherServlet'
[INFO ] [2021-06-12 02:42:11] [http-nio-8001-exec-2] org.springframework.web.servlet.DispatcherServlet  o.s.web.servlet.DispatcherServlet - Initializing Servlet 'dispatcherServlet'
[INFO ] [2021-06-12 02:42:11] [http-nio-8001-exec-2] org.springframework.web.servlet.DispatcherServlet  o.s.web.servlet.DispatcherServlet - Completed initialization in 1 ms
[INFO ] [2021-06-12 02:42:11] [http-nio-8001-exec-2] com.zaxxer.hikari.HikariDataSource  com.zaxxer.hikari.HikariDataSource - HikariPool-1 - Starting...
[INFO ] [2021-06-12 02:42:13] [http-nio-8001-exec-2] com.zaxxer.hikari.HikariDataSource  com.zaxxer.hikari.HikariDataSource - HikariPool-1 - Start completed.
