[INFO ] [2021-06-09 11:21:09] [main] top.baozoulolw.webchat.WebchatApplication  t.b.webchat.WebchatApplication - Starting WebchatApplication using Java 1.8.0_271 on DESKTOP-MR1797F with PID 7984 (D:\STUDY\WebScoket\webchat\target\classes started by Baozoulolw in D:\STUDY\WebScoket\webchat)
[INFO ] [2021-06-09 11:21:09] [main] top.baozoulolw.webchat.WebchatApplication  t.b.webchat.WebchatApplication - The following profiles are active: dev
[WARN ] [2021-06-09 11:21:09] [background-preinit] org.springframework.http.converter.json.Jackson2ObjectMapperBuilder  o.s.h.c.j.Jackson2ObjectMapperBuilder - For Jackson Kotlin classes support please add "com.fasterxml.jackson.module:jackson-module-kotlin" to the classpath
[INFO ] [2021-06-09 11:21:10] [main] org.springframework.data.repository.config.RepositoryConfigurationDelegate  o.s.d.r.c.RepositoryConfigurationDelegate - Multiple Spring Data modules found, entering strict repository configuration mode!
[INFO ] [2021-06-09 11:21:10] [main] org.springframework.data.repository.config.RepositoryConfigurationDelegate  o.s.d.r.c.RepositoryConfigurationDelegate - Bootstrapping Spring Data Redis repositories in DEFAULT mode.
[INFO ] [2021-06-09 11:21:10] [main] org.springframework.data.repository.config.RepositoryConfigurationDelegate  o.s.d.r.c.RepositoryConfigurationDelegate - Finished Spring Data repository scanning in 9 ms. Found 0 Redis repository interfaces.
[WARN ] [2021-06-09 11:21:10] [main] org.mybatis.spring.mapper.ClassPathMapperScanner  o.m.s.mapper.ClassPathMapperScanner - No MyBatis mapper was found in '[top.baozoulolw.webchat]' package. Please check your configuration.
[INFO ] [2021-06-09 11:21:11] [main] org.springframework.boot.web.embedded.tomcat.TomcatWebServer  o.s.b.w.e.tomcat.TomcatWebServer - Tomcat initialized with port(s): 8080 (http)
[INFO ] [2021-06-09 11:21:11] [main] org.apache.coyote.http11.Http11NioProtocol  o.a.coyote.http11.Http11NioProtocol - Initializing ProtocolHandler ["http-nio-8080"]
[INFO ] [2021-06-09 11:21:11] [main] org.apache.catalina.core.StandardService  o.a.catalina.core.StandardService - Starting service [Tomcat]
[INFO ] [2021-06-09 11:21:11] [main] org.apache.catalina.core.StandardEngine  o.a.catalina.core.StandardEngine - Starting Servlet engine: [Apache Tomcat/9.0.46]
[INFO ] [2021-06-09 11:21:11] [main] org.apache.catalina.core.ContainerBase.[Tomcat].[localhost].[/]  o.a.c.c.C.[Tomcat].[localhost].[/] - Initializing Spring embedded WebApplicationContext
[INFO ] [2021-06-09 11:21:11] [main] org.springframework.boot.web.servlet.context.ServletWebServerApplicationContext  o.s.b.w.s.c.ServletWebServerApplicationContext - Root WebApplicationContext: initialization completed in 1867 ms
[INFO ] [2021-06-09 11:21:12] [main] org.springframework.boot.autoconfigure.security.servlet.UserDetailsServiceAutoConfiguration  o.s.b.a.s.s.UserDetailsServiceAutoConfiguration - 

Using generated security password: c95e1db1-f315-4b0b-9131-8d51cbd773a5

[INFO ] [2021-06-09 11:21:13] [main] org.springframework.security.web.DefaultSecurityFilterChain  o.s.s.web.DefaultSecurityFilterChain - Will secure any request with [org.springframework.security.web.context.request.async.WebAsyncManagerIntegrationFilter@cedee22, org.springframework.security.web.context.SecurityContextPersistenceFilter@6bcb12e6, org.springframework.security.web.header.HeaderWriterFilter@67536ae0, org.springframework.security.web.csrf.CsrfFilter@5b88b8e, org.springframework.security.web.authentication.logout.LogoutFilter@2f10f633, org.springframework.security.web.authentication.UsernamePasswordAuthenticationFilter@4debbf0, org.springframework.security.web.authentication.ui.DefaultLoginPageGeneratingFilter@3440e9cd, org.springframework.security.web.authentication.ui.DefaultLogoutPageGeneratingFilter@59b32539, org.springframework.security.web.authentication.www.BasicAuthenticationFilter@796f632b, org.springframework.security.web.savedrequest.RequestCacheAwareFilter@29c17c3d, org.springframework.security.web.servletapi.SecurityContextHolderAwareRequestFilter@3e1fd62b, org.springframework.security.web.authentication.AnonymousAuthenticationFilter@5b47731f, org.springframework.security.web.session.SessionManagementFilter@d16be4f, org.springframework.security.web.access.ExceptionTranslationFilter@493da830, org.springframework.security.web.access.intercept.FilterSecurityInterceptor@fa5f81c]
[INFO ] [2021-06-09 11:21:13] [main] org.apache.coyote.http11.Http11NioProtocol  o.a.coyote.http11.Http11NioProtocol - Starting ProtocolHandler ["http-nio-8080"]
[INFO ] [2021-06-09 11:21:13] [main] org.springframework.boot.web.embedded.tomcat.TomcatWebServer  o.s.b.w.e.tomcat.TomcatWebServer - Tomcat started on port(s): 8080 (http) with context path ''
[INFO ] [2021-06-09 11:21:13] [main] top.baozoulolw.webchat.WebchatApplication  t.b.webchat.WebchatApplication - Started WebchatApplication in 5.158 seconds (JVM running for 8.342)
[INFO ] [2021-06-09 11:21:13] [main] org.springframework.boot.availability.ApplicationAvailabilityBean  o.s.b.a.ApplicationAvailabilityBean - Application availability state LivenessState changed to CORRECT
[INFO ] [2021-06-09 11:21:13] [main] org.springframework.boot.availability.ApplicationAvailabilityBean  o.s.b.a.ApplicationAvailabilityBean - Application availability state ReadinessState changed to ACCEPTING_TRAFFIC
[INFO ] [2021-06-09 11:21:48] [http-nio-8080-exec-1] org.apache.catalina.core.ContainerBase.[Tomcat].[localhost].[/]  o.a.c.c.C.[Tomcat].[localhost].[/] - Initializing Spring DispatcherServlet 'dispatcherServlet'
[INFO ] [2021-06-09 11:21:48] [http-nio-8080-exec-1] org.springframework.web.servlet.DispatcherServlet  o.s.web.servlet.DispatcherServlet - Initializing Servlet 'dispatcherServlet'
[INFO ] [2021-06-09 11:21:48] [http-nio-8080-exec-1] org.springframework.web.servlet.DispatcherServlet  o.s.web.servlet.DispatcherServlet - Completed initialization in 1 ms
[INFO ] [2021-06-09 15:06:04] [main] top.baozoulolw.webchat.WebchatApplication  t.b.webchat.WebchatApplication - Starting WebchatApplication using Java 1.8.0_271 on DESKTOP-MR1797F with PID 1692 (D:\STUDY\WebScoket\webchat\target\classes started by Baozoulolw in D:\STUDY\WebScoket\webchat)
[INFO ] [2021-06-09 15:06:04] [main] top.baozoulolw.webchat.WebchatApplication  t.b.webchat.WebchatApplication - The following profiles are active: dev
[WARN ] [2021-06-09 15:06:04] [background-preinit] org.springframework.http.converter.json.Jackson2ObjectMapperBuilder  o.s.h.c.j.Jackson2ObjectMapperBuilder - For Jackson Kotlin classes support please add "com.fasterxml.jackson.module:jackson-module-kotlin" to the classpath
[INFO ] [2021-06-09 15:06:06] [main] org.springframework.data.repository.config.RepositoryConfigurationDelegate  o.s.d.r.c.RepositoryConfigurationDelegate - Multiple Spring Data modules found, entering strict repository configuration mode!
[INFO ] [2021-06-09 15:06:06] [main] org.springframework.data.repository.config.RepositoryConfigurationDelegate  o.s.d.r.c.RepositoryConfigurationDelegate - Bootstrapping Spring Data Redis repositories in DEFAULT mode.
[INFO ] [2021-06-09 15:06:06] [main] org.springframework.data.repository.config.RepositoryConfigurationDelegate  o.s.d.r.c.RepositoryConfigurationDelegate - Finished Spring Data repository scanning in 12 ms. Found 0 Redis repository interfaces.
[WARN ] [2021-06-09 15:06:06] [main] org.mybatis.spring.mapper.ClassPathMapperScanner  o.m.s.mapper.ClassPathMapperScanner - No MyBatis mapper was found in '[top.baozoulolw.webchat]' package. Please check your configuration.
[INFO ] [2021-06-09 15:06:06] [main] org.springframework.context.support.PostProcessorRegistrationDelegate$BeanPostProcessorChecker  o.s.c.s.PostProcessorRegistrationDelegate$BeanPostProcessorChecker - Bean 'org.springframework.security.access.expression.method.DefaultMethodSecurityExpressionHandler@764cba' of type [org.springframework.security.access.expression.method.DefaultMethodSecurityExpressionHandler] is not eligible for getting processed by all BeanPostProcessors (for example: not eligible for auto-proxying)
[INFO ] [2021-06-09 15:06:06] [main] org.springframework.context.support.PostProcessorRegistrationDelegate$BeanPostProcessorChecker  o.s.c.s.PostProcessorRegistrationDelegate$BeanPostProcessorChecker - Bean 'methodSecurityMetadataSource' of type [org.springframework.security.access.method.DelegatingMethodSecurityMetadataSource] is not eligible for getting processed by all BeanPostProcessors (for example: not eligible for auto-proxying)
[INFO ] [2021-06-09 15:06:06] [main] org.springframework.boot.web.embedded.tomcat.TomcatWebServer  o.s.b.w.e.tomcat.TomcatWebServer - Tomcat initialized with port(s): 8080 (http)
[INFO ] [2021-06-09 15:06:06] [main] org.apache.coyote.http11.Http11NioProtocol  o.a.coyote.http11.Http11NioProtocol - Initializing ProtocolHandler ["http-nio-8080"]
[INFO ] [2021-06-09 15:06:06] [main] org.apache.catalina.core.StandardService  o.a.catalina.core.StandardService - Starting service [Tomcat]
[INFO ] [2021-06-09 15:06:06] [main] org.apache.catalina.core.StandardEngine  o.a.catalina.core.StandardEngine - Starting Servlet engine: [Apache Tomcat/9.0.46]
[INFO ] [2021-06-09 15:06:06] [main] org.apache.catalina.core.ContainerBase.[Tomcat].[localhost].[/]  o.a.c.c.C.[Tomcat].[localhost].[/] - Initializing Spring embedded WebApplicationContext
[INFO ] [2021-06-09 15:06:06] [main] org.springframework.boot.web.servlet.context.ServletWebServerApplicationContext  o.s.b.w.s.c.ServletWebServerApplicationContext - Root WebApplicationContext: initialization completed in 2403 ms
[WARN ] [2021-06-09 15:06:07] [main] org.springframework.boot.web.servlet.context.AnnotationConfigServletWebServerApplicationContext  o.s.b.w.s.c.AnnotationConfigServletWebServerApplicationContext - Exception encountered during context initialization - cancelling refresh attempt: org.springframework.beans.factory.BeanCreationException: Error creating bean with name 'webSecurityConfig': Injection of resource dependencies failed; nested exception is org.springframework.beans.factory.BeanCreationException: Error creating bean with name 'userServiceImpl': Injection of resource dependencies failed; nested exception is org.springframework.beans.factory.NoSuchBeanDefinitionException: No qualifying bean of type 'top.baozoulolw.webchat.dao.UserDao' available: expected at least 1 bean which qualifies as autowire candidate. Dependency annotations: {@javax.annotation.Resource(shareable=true, lookup=, name=, description=, authenticationType=CONTAINER, type=class java.lang.Object, mappedName=)}
[INFO ] [2021-06-09 15:06:07] [main] org.apache.catalina.core.StandardService  o.a.catalina.core.StandardService - Stopping service [Tomcat]
[INFO ] [2021-06-09 15:06:07] [main] org.springframework.boot.autoconfigure.logging.ConditionEvaluationReportLoggingListener  o.s.b.a.l.ConditionEvaluationReportLoggingListener - 

Error starting ApplicationContext. To display the conditions report re-run your application with 'debug' enabled.
[ERROR] [2021-06-09 15:06:07] [main] org.springframework.boot.diagnostics.LoggingFailureAnalysisReporter  o.s.b.d.LoggingFailureAnalysisReporter - 

***************************
APPLICATION FAILED TO START
***************************

Description:

A component required a bean of type 'top.baozoulolw.webchat.dao.UserDao' that could not be found.


Action:

Consider defining a bean of type 'top.baozoulolw.webchat.dao.UserDao' in your configuration.

[INFO ] [2021-06-09 15:07:15] [main] top.baozoulolw.webchat.WebchatApplication  t.b.webchat.WebchatApplication - Starting WebchatApplication using Java 1.8.0_271 on DESKTOP-MR1797F with PID 3900 (D:\STUDY\WebScoket\webchat\target\classes started by Baozoulolw in D:\STUDY\WebScoket\webchat)
[INFO ] [2021-06-09 15:07:15] [main] top.baozoulolw.webchat.WebchatApplication  t.b.webchat.WebchatApplication - The following profiles are active: dev
[WARN ] [2021-06-09 15:07:15] [background-preinit] org.springframework.http.converter.json.Jackson2ObjectMapperBuilder  o.s.h.c.j.Jackson2ObjectMapperBuilder - For Jackson Kotlin classes support please add "com.fasterxml.jackson.module:jackson-module-kotlin" to the classpath
[INFO ] [2021-06-09 15:07:17] [main] org.springframework.data.repository.config.RepositoryConfigurationDelegate  o.s.d.r.c.RepositoryConfigurationDelegate - Multiple Spring Data modules found, entering strict repository configuration mode!
[INFO ] [2021-06-09 15:07:17] [main] org.springframework.data.repository.config.RepositoryConfigurationDelegate  o.s.d.r.c.RepositoryConfigurationDelegate - Bootstrapping Spring Data Redis repositories in DEFAULT mode.
[INFO ] [2021-06-09 15:07:17] [main] org.springframework.data.repository.config.RepositoryConfigurationDelegate  o.s.d.r.c.RepositoryConfigurationDelegate - Finished Spring Data repository scanning in 14 ms. Found 0 Redis repository interfaces.
[INFO ] [2021-06-09 15:07:17] [main] org.springframework.context.support.PostProcessorRegistrationDelegate$BeanPostProcessorChecker  o.s.c.s.PostProcessorRegistrationDelegate$BeanPostProcessorChecker - Bean 'org.springframework.security.access.expression.method.DefaultMethodSecurityExpressionHandler@47a7a101' of type [org.springframework.security.access.expression.method.DefaultMethodSecurityExpressionHandler] is not eligible for getting processed by all BeanPostProcessors (for example: not eligible for auto-proxying)
[INFO ] [2021-06-09 15:07:17] [main] org.springframework.context.support.PostProcessorRegistrationDelegate$BeanPostProcessorChecker  o.s.c.s.PostProcessorRegistrationDelegate$BeanPostProcessorChecker - Bean 'methodSecurityMetadataSource' of type [org.springframework.security.access.method.DelegatingMethodSecurityMetadataSource] is not eligible for getting processed by all BeanPostProcessors (for example: not eligible for auto-proxying)
[INFO ] [2021-06-09 15:07:17] [main] org.springframework.boot.web.embedded.tomcat.TomcatWebServer  o.s.b.w.e.tomcat.TomcatWebServer - Tomcat initialized with port(s): 8080 (http)
[INFO ] [2021-06-09 15:07:17] [main] org.apache.coyote.http11.Http11NioProtocol  o.a.coyote.http11.Http11NioProtocol - Initializing ProtocolHandler ["http-nio-8080"]
[INFO ] [2021-06-09 15:07:17] [main] org.apache.catalina.core.StandardService  o.a.catalina.core.StandardService - Starting service [Tomcat]
[INFO ] [2021-06-09 15:07:17] [main] org.apache.catalina.core.StandardEngine  o.a.catalina.core.StandardEngine - Starting Servlet engine: [Apache Tomcat/9.0.46]
[INFO ] [2021-06-09 15:07:18] [main] org.apache.catalina.core.ContainerBase.[Tomcat].[localhost].[/]  o.a.c.c.C.[Tomcat].[localhost].[/] - Initializing Spring embedded WebApplicationContext
[INFO ] [2021-06-09 15:07:18] [main] org.springframework.boot.web.servlet.context.ServletWebServerApplicationContext  o.s.b.w.s.c.ServletWebServerApplicationContext - Root WebApplicationContext: initialization completed in 2222 ms
[INFO ] [2021-06-09 15:07:19] [main] springfox.documentation.spring.web.PropertySourcedRequestMappingHandlerMapping  s.d.s.w.PropertySourcedRequestMappingHandlerMapping - Mapped URL path [/v2/api-docs] onto method [springfox.documentation.swagger2.web.Swagger2Controller#getDocumentation(String, HttpServletRequest)]
[INFO ] [2021-06-09 15:07:20] [main] org.springframework.security.web.DefaultSecurityFilterChain  o.s.s.web.DefaultSecurityFilterChain - Will secure any request with [org.springframework.security.web.context.request.async.WebAsyncManagerIntegrationFilter@9408857, org.springframework.security.web.context.SecurityContextPersistenceFilter@7e191fda, org.springframework.security.web.header.HeaderWriterFilter@24d8f87a, org.springframework.security.web.authentication.logout.LogoutFilter@79195c22, org.springframework.security.web.authentication.UsernamePasswordAuthenticationFilter@1e495414, org.springframework.security.web.authentication.ui.DefaultLoginPageGeneratingFilter@712e787e, org.springframework.security.web.authentication.ui.DefaultLogoutPageGeneratingFilter@27e44e9c, org.springframework.security.web.savedrequest.RequestCacheAwareFilter@2ce524d2, org.springframework.security.web.servletapi.SecurityContextHolderAwareRequestFilter@47187f50, org.springframework.security.web.authentication.AnonymousAuthenticationFilter@2f09e6b2, org.springframework.security.web.session.SessionManagementFilter@255d9277, org.springframework.security.web.access.ExceptionTranslationFilter@226d5af0, org.springframework.security.web.access.intercept.FilterSecurityInterceptor@7f22687e]
[INFO ] [2021-06-09 15:07:20] [main] org.apache.coyote.http11.Http11NioProtocol  o.a.coyote.http11.Http11NioProtocol - Starting ProtocolHandler ["http-nio-8080"]
[INFO ] [2021-06-09 15:07:20] [main] org.springframework.boot.web.embedded.tomcat.TomcatWebServer  o.s.b.w.e.tomcat.TomcatWebServer - Tomcat started on port(s): 8080 (http) with context path ''
[INFO ] [2021-06-09 15:07:20] [main] springfox.documentation.spring.web.plugins.DocumentationPluginsBootstrapper  s.d.s.w.p.DocumentationPluginsBootstrapper - Context refreshed
[INFO ] [2021-06-09 15:07:20] [main] springfox.documentation.spring.web.plugins.DocumentationPluginsBootstrapper  s.d.s.w.p.DocumentationPluginsBootstrapper - Found 1 custom documentation plugin(s)
[INFO ] [2021-06-09 15:07:20] [main] springfox.documentation.spring.web.scanners.ApiListingReferenceScanner  s.d.s.w.s.ApiListingReferenceScanner - Scanning for api listing references
[INFO ] [2021-06-09 15:07:20] [main] top.baozoulolw.webchat.WebchatApplication  t.b.webchat.WebchatApplication - Started WebchatApplication in 6.441 seconds (JVM running for 8.034)
[INFO ] [2021-06-09 15:07:20] [main] org.springframework.boot.availability.ApplicationAvailabilityBean  o.s.b.a.ApplicationAvailabilityBean - Application availability state LivenessState changed to CORRECT
[INFO ] [2021-06-09 15:07:20] [main] org.springframework.boot.availability.ApplicationAvailabilityBean  o.s.b.a.ApplicationAvailabilityBean - Application availability state ReadinessState changed to ACCEPTING_TRAFFIC
[INFO ] [2021-06-09 15:08:29] [main] top.baozoulolw.webchat.WebchatApplication  t.b.webchat.WebchatApplication - Starting WebchatApplication using Java 1.8.0_271 on DESKTOP-MR1797F with PID 13980 (D:\STUDY\WebScoket\webchat\target\classes started by Baozoulolw in D:\STUDY\WebScoket\webchat)
[INFO ] [2021-06-09 15:08:29] [main] top.baozoulolw.webchat.WebchatApplication  t.b.webchat.WebchatApplication - The following profiles are active: dev
[WARN ] [2021-06-09 15:08:29] [background-preinit] org.springframework.http.converter.json.Jackson2ObjectMapperBuilder  o.s.h.c.j.Jackson2ObjectMapperBuilder - For Jackson Kotlin classes support please add "com.fasterxml.jackson.module:jackson-module-kotlin" to the classpath
[INFO ] [2021-06-09 15:08:30] [main] org.springframework.data.repository.config.RepositoryConfigurationDelegate  o.s.d.r.c.RepositoryConfigurationDelegate - Multiple Spring Data modules found, entering strict repository configuration mode!
[INFO ] [2021-06-09 15:08:30] [main] org.springframework.data.repository.config.RepositoryConfigurationDelegate  o.s.d.r.c.RepositoryConfigurationDelegate - Bootstrapping Spring Data Redis repositories in DEFAULT mode.
[INFO ] [2021-06-09 15:08:30] [main] org.springframework.data.repository.config.RepositoryConfigurationDelegate  o.s.d.r.c.RepositoryConfigurationDelegate - Finished Spring Data repository scanning in 16 ms. Found 0 Redis repository interfaces.
[INFO ] [2021-06-09 15:08:31] [main] org.springframework.context.support.PostProcessorRegistrationDelegate$BeanPostProcessorChecker  o.s.c.s.PostProcessorRegistrationDelegate$BeanPostProcessorChecker - Bean 'org.springframework.security.access.expression.method.DefaultMethodSecurityExpressionHandler@47a7a101' of type [org.springframework.security.access.expression.method.DefaultMethodSecurityExpressionHandler] is not eligible for getting processed by all BeanPostProcessors (for example: not eligible for auto-proxying)
[INFO ] [2021-06-09 15:08:31] [main] org.springframework.context.support.PostProcessorRegistrationDelegate$BeanPostProcessorChecker  o.s.c.s.PostProcessorRegistrationDelegate$BeanPostProcessorChecker - Bean 'methodSecurityMetadataSource' of type [org.springframework.security.access.method.DelegatingMethodSecurityMetadataSource] is not eligible for getting processed by all BeanPostProcessors (for example: not eligible for auto-proxying)
[INFO ] [2021-06-09 15:08:31] [main] org.springframework.boot.web.embedded.tomcat.TomcatWebServer  o.s.b.w.e.tomcat.TomcatWebServer - Tomcat initialized with port(s): 8001 (http)
[INFO ] [2021-06-09 15:08:31] [main] org.apache.coyote.http11.Http11NioProtocol  o.a.coyote.http11.Http11NioProtocol - Initializing ProtocolHandler ["http-nio-8001"]
[INFO ] [2021-06-09 15:08:31] [main] org.apache.catalina.core.StandardService  o.a.catalina.core.StandardService - Starting service [Tomcat]
[INFO ] [2021-06-09 15:08:31] [main] org.apache.catalina.core.StandardEngine  o.a.catalina.core.StandardEngine - Starting Servlet engine: [Apache Tomcat/9.0.46]
[INFO ] [2021-06-09 15:08:31] [main] org.apache.catalina.core.ContainerBase.[Tomcat].[localhost].[/]  o.a.c.c.C.[Tomcat].[localhost].[/] - Initializing Spring embedded WebApplicationContext
[INFO ] [2021-06-09 15:08:31] [main] org.springframework.boot.web.servlet.context.ServletWebServerApplicationContext  o.s.b.w.s.c.ServletWebServerApplicationContext - Root WebApplicationContext: initialization completed in 2186 ms
[INFO ] [2021-06-09 15:08:33] [main] springfox.documentation.spring.web.PropertySourcedRequestMappingHandlerMapping  s.d.s.w.PropertySourcedRequestMappingHandlerMapping - Mapped URL path [/v2/api-docs] onto method [springfox.documentation.swagger2.web.Swagger2Controller#getDocumentation(String, HttpServletRequest)]
[INFO ] [2021-06-09 15:08:34] [main] org.springframework.security.web.DefaultSecurityFilterChain  o.s.s.web.DefaultSecurityFilterChain - Will secure any request with [org.springframework.security.web.context.request.async.WebAsyncManagerIntegrationFilter@25a5c8e, org.springframework.security.web.context.SecurityContextPersistenceFilter@7d484fcd, org.springframework.security.web.header.HeaderWriterFilter@6562cc23, org.springframework.security.web.authentication.logout.LogoutFilter@4f3c7808, org.springframework.security.web.authentication.UsernamePasswordAuthenticationFilter@9408857, org.springframework.security.web.authentication.ui.DefaultLoginPageGeneratingFilter@241b971f, org.springframework.security.web.authentication.ui.DefaultLogoutPageGeneratingFilter@656c5c3, org.springframework.security.web.savedrequest.RequestCacheAwareFilter@d25e878, org.springframework.security.web.servletapi.SecurityContextHolderAwareRequestFilter@245cb8df, org.springframework.security.web.authentication.AnonymousAuthenticationFilter@7911cc15, org.springframework.security.web.session.SessionManagementFilter@3869a6e5, org.springframework.security.web.access.ExceptionTranslationFilter@3f048c86, org.springframework.security.web.access.intercept.FilterSecurityInterceptor@3711c71c]
[INFO ] [2021-06-09 15:08:34] [main] org.apache.coyote.http11.Http11NioProtocol  o.a.coyote.http11.Http11NioProtocol - Starting ProtocolHandler ["http-nio-8001"]
[INFO ] [2021-06-09 15:08:34] [main] org.springframework.boot.web.embedded.tomcat.TomcatWebServer  o.s.b.w.e.tomcat.TomcatWebServer - Tomcat started on port(s): 8001 (http) with context path ''
[INFO ] [2021-06-09 15:08:34] [main] springfox.documentation.spring.web.plugins.DocumentationPluginsBootstrapper  s.d.s.w.p.DocumentationPluginsBootstrapper - Context refreshed
[INFO ] [2021-06-09 15:08:34] [main] springfox.documentation.spring.web.plugins.DocumentationPluginsBootstrapper  s.d.s.w.p.DocumentationPluginsBootstrapper - Found 1 custom documentation plugin(s)
[INFO ] [2021-06-09 15:08:34] [main] springfox.documentation.spring.web.scanners.ApiListingReferenceScanner  s.d.s.w.s.ApiListingReferenceScanner - Scanning for api listing references
[INFO ] [2021-06-09 15:08:34] [main] top.baozoulolw.webchat.WebchatApplication  t.b.webchat.WebchatApplication - Started WebchatApplication in 6.398 seconds (JVM running for 8.016)
[INFO ] [2021-06-09 15:08:34] [main] org.springframework.boot.availability.ApplicationAvailabilityBean  o.s.b.a.ApplicationAvailabilityBean - Application availability state LivenessState changed to CORRECT
[INFO ] [2021-06-09 15:08:34] [main] org.springframework.boot.availability.ApplicationAvailabilityBean  o.s.b.a.ApplicationAvailabilityBean - Application availability state ReadinessState changed to ACCEPTING_TRAFFIC
[INFO ] [2021-06-09 15:08:45] [http-nio-8001-exec-1] org.apache.catalina.core.ContainerBase.[Tomcat].[localhost].[/]  o.a.c.c.C.[Tomcat].[localhost].[/] - Initializing Spring DispatcherServlet 'dispatcherServlet'
[INFO ] [2021-06-09 15:08:45] [http-nio-8001-exec-1] org.springframework.web.servlet.DispatcherServlet  o.s.web.servlet.DispatcherServlet - Initializing Servlet 'dispatcherServlet'
[INFO ] [2021-06-09 15:08:45] [http-nio-8001-exec-1] org.springframework.web.servlet.DispatcherServlet  o.s.web.servlet.DispatcherServlet - Completed initialization in 3 ms
[INFO ] [2021-06-09 15:11:15] [http-nio-8001-exec-7] com.zaxxer.hikari.HikariDataSource  com.zaxxer.hikari.HikariDataSource - HikariPool-1 - Starting...
[INFO ] [2021-06-09 15:11:16] [http-nio-8001-exec-7] com.zaxxer.hikari.HikariDataSource  com.zaxxer.hikari.HikariDataSource - HikariPool-1 - Start completed.
[ERROR] [2021-06-09 15:11:16] [http-nio-8001-exec-7] org.springframework.security.web.authentication.UsernamePasswordAuthenticationFilter  o.s.s.w.a.UsernamePasswordAuthenticationFilter - An internal error occurred while trying to authenticate the user.
org.springframework.security.authentication.InternalAuthenticationServiceException: 
### Error querying database.  Cause: java.sql.SQLSyntaxErrorException: Unknown column 'oper_change_time' in 'field list'
### The error may exist in top/baozoulolw/webchat/dao/UserDao.java (best guess)
### The error may involve defaultParameterMap
### The error occurred while setting parameters
### SQL: SELECT  id,username,password,phone,email,status,oper_user,oper_change_time,oper_create_time  FROM tb_user     WHERE (username = ?)
### Cause: java.sql.SQLSyntaxErrorException: Unknown column 'oper_change_time' in 'field list'
; bad SQL grammar []; nested exception is java.sql.SQLSyntaxErrorException: Unknown column 'oper_change_time' in 'field list'
	at org.springframework.security.authentication.dao.DaoAuthenticationProvider.retrieveUser(DaoAuthenticationProvider.java:108)
	at org.springframework.security.authentication.dao.AbstractUserDetailsAuthenticationProvider.authenticate(AbstractUserDetailsAuthenticationProvider.java:133)
	at org.springframework.security.authentication.ProviderManager.authenticate(ProviderManager.java:182)
	at org.springframework.security.web.authentication.UsernamePasswordAuthenticationFilter.attemptAuthentication(UsernamePasswordAuthenticationFilter.java:85)
	at org.springframework.security.web.authentication.AbstractAuthenticationProcessingFilter.doFilter(AbstractAuthenticationProcessingFilter.java:222)
	at org.springframework.security.web.authentication.AbstractAuthenticationProcessingFilter.doFilter(AbstractAuthenticationProcessingFilter.java:212)
	at org.springframework.security.web.FilterChainProxy$VirtualFilterChain.doFilter(FilterChainProxy.java:336)
	at org.springframework.security.web.authentication.logout.LogoutFilter.doFilter(LogoutFilter.java:103)
	at org.springframework.security.web.authentication.logout.LogoutFilter.doFilter(LogoutFilter.java:89)
	at org.springframework.security.web.FilterChainProxy$VirtualFilterChain.doFilter(FilterChainProxy.java:336)
	at org.springframework.security.web.header.HeaderWriterFilter.doHeadersAfter(HeaderWriterFilter.java:90)
	at org.springframework.security.web.header.HeaderWriterFilter.doFilterInternal(HeaderWriterFilter.java:75)
	at org.springframework.web.filter.OncePerRequestFilter.doFilter(OncePerRequestFilter.java:119)
	at org.springframework.security.web.FilterChainProxy$VirtualFilterChain.doFilter(FilterChainProxy.java:336)
	at org.springframework.security.web.context.SecurityContextPersistenceFilter.doFilter(SecurityContextPersistenceFilter.java:110)
	at org.springframework.security.web.context.SecurityContextPersistenceFilter.doFilter(SecurityContextPersistenceFilter.java:80)
	at org.springframework.security.web.FilterChainProxy$VirtualFilterChain.doFilter(FilterChainProxy.java:336)
	at org.springframework.security.web.context.request.async.WebAsyncManagerIntegrationFilter.doFilterInternal(WebAsyncManagerIntegrationFilter.java:55)
	at org.springframework.web.filter.OncePerRequestFilter.doFilter(OncePerRequestFilter.java:119)
	at org.springframework.security.web.FilterChainProxy$VirtualFilterChain.doFilter(FilterChainProxy.java:336)
	at org.springframework.security.web.FilterChainProxy.doFilterInternal(FilterChainProxy.java:211)
	at org.springframework.security.web.FilterChainProxy.doFilter(FilterChainProxy.java:183)
	at org.springframework.web.filter.DelegatingFilterProxy.invokeDelegate(DelegatingFilterProxy.java:358)
	at org.springframework.web.filter.DelegatingFilterProxy.doFilter(DelegatingFilterProxy.java:271)
	at org.apache.catalina.core.ApplicationFilterChain.internalDoFilter(ApplicationFilterChain.java:189)
	at org.apache.catalina.core.ApplicationFilterChain.doFilter(ApplicationFilterChain.java:162)
	at org.springframework.web.filter.RequestContextFilter.doFilterInternal(RequestContextFilter.java:100)
	at org.springframework.web.filter.OncePerRequestFilter.doFilter(OncePerRequestFilter.java:119)
	at org.apache.catalina.core.ApplicationFilterChain.internalDoFilter(ApplicationFilterChain.java:189)
	at org.apache.catalina.core.ApplicationFilterChain.doFilter(ApplicationFilterChain.java:162)
	at org.springframework.web.filter.FormContentFilter.doFilterInternal(FormContentFilter.java:93)
	at org.springframework.web.filter.OncePerRequestFilter.doFilter(OncePerRequestFilter.java:119)
	at org.apache.catalina.core.ApplicationFilterChain.internalDoFilter(ApplicationFilterChain.java:189)
	at org.apache.catalina.core.ApplicationFilterChain.doFilter(ApplicationFilterChain.java:162)
	at org.springframework.web.filter.CharacterEncodingFilter.doFilterInternal(CharacterEncodingFilter.java:201)
	at org.springframework.web.filter.OncePerRequestFilter.doFilter(OncePerRequestFilter.java:119)
	at org.apache.catalina.core.ApplicationFilterChain.internalDoFilter(ApplicationFilterChain.java:189)
	at org.apache.catalina.core.ApplicationFilterChain.doFilter(ApplicationFilterChain.java:162)
	at org.apache.catalina.core.StandardWrapperValve.invoke(StandardWrapperValve.java:202)
	at org.apache.catalina.core.StandardContextValve.invoke(StandardContextValve.java:97)
	at org.apache.catalina.authenticator.AuthenticatorBase.invoke(AuthenticatorBase.java:542)
	at org.apache.catalina.core.StandardHostValve.invoke(StandardHostValve.java:143)
	at org.apache.catalina.valves.ErrorReportValve.invoke(ErrorReportValve.java:92)
	at org.apache.catalina.core.StandardEngineValve.invoke(StandardEngineValve.java:78)
	at org.apache.catalina.connector.CoyoteAdapter.service(CoyoteAdapter.java:357)
	at org.apache.coyote.http11.Http11Processor.service(Http11Processor.java:374)
	at org.apache.coyote.AbstractProcessorLight.process(AbstractProcessorLight.java:65)
	at org.apache.coyote.AbstractProtocol$ConnectionHandler.process(AbstractProtocol.java:893)
	at org.apache.tomcat.util.net.NioEndpoint$SocketProcessor.doRun(NioEndpoint.java:1707)
	at org.apache.tomcat.util.net.SocketProcessorBase.run(SocketProcessorBase.java:49)
	at java.util.concurrent.ThreadPoolExecutor.runWorker(ThreadPoolExecutor.java:1149)
	at java.util.concurrent.ThreadPoolExecutor$Worker.run(ThreadPoolExecutor.java:624)
	at org.apache.tomcat.util.threads.TaskThread$WrappingRunnable.run(TaskThread.java:61)
	at java.lang.Thread.run(Thread.java:748)
Caused by: org.springframework.jdbc.BadSqlGrammarException: 
### Error querying database.  Cause: java.sql.SQLSyntaxErrorException: Unknown column 'oper_change_time' in 'field list'
### The error may exist in top/baozoulolw/webchat/dao/UserDao.java (best guess)
### The error may involve defaultParameterMap
### The error occurred while setting parameters
### SQL: SELECT  id,username,password,phone,email,status,oper_user,oper_change_time,oper_create_time  FROM tb_user     WHERE (username = ?)
### Cause: java.sql.SQLSyntaxErrorException: Unknown column 'oper_change_time' in 'field list'
; bad SQL grammar []; nested exception is java.sql.SQLSyntaxErrorException: Unknown column 'oper_change_time' in 'field list'
	at org.springframework.jdbc.support.SQLErrorCodeSQLExceptionTranslator.doTranslate(SQLErrorCodeSQLExceptionTranslator.java:239)
	at org.springframework.jdbc.support.AbstractFallbackSQLExceptionTranslator.translate(AbstractFallbackSQLExceptionTranslator.java:70)
	at org.mybatis.spring.MyBatisExceptionTranslator.translateExceptionIfPossible(MyBatisExceptionTranslator.java:88)
	at org.mybatis.spring.SqlSessionTemplate$SqlSessionInterceptor.invoke(SqlSessionTemplate.java:440)
	at com.sun.proxy.$Proxy75.selectOne(Unknown Source)
	at org.mybatis.spring.SqlSessionTemplate.selectOne(SqlSessionTemplate.java:159)
	at com.baomidou.mybatisplus.core.override.MybatisMapperMethod.execute(MybatisMapperMethod.java:108)
	at com.baomidou.mybatisplus.core.override.MybatisMapperProxy.invoke(MybatisMapperProxy.java:96)
	at com.sun.proxy.$Proxy79.selectOne(Unknown Source)
	at sun.reflect.NativeMethodAccessorImpl.invoke0(Native Method)
	at sun.reflect.NativeMethodAccessorImpl.invoke(NativeMethodAccessorImpl.java:62)
	at sun.reflect.DelegatingMethodAccessorImpl.invoke(DelegatingMethodAccessorImpl.java:43)
	at java.lang.reflect.Method.invoke(Method.java:498)
	at org.springframework.aop.support.AopUtils.invokeJoinpointUsingReflection(AopUtils.java:344)
	at org.springframework.aop.framework.ReflectiveMethodInvocation.invokeJoinpoint(ReflectiveMethodInvocation.java:198)
	at org.springframework.aop.framework.ReflectiveMethodInvocation.proceed(ReflectiveMethodInvocation.java:163)
	at org.springframework.dao.support.PersistenceExceptionTranslationInterceptor.invoke(PersistenceExceptionTranslationInterceptor.java:137)
	at org.springframework.aop.framework.ReflectiveMethodInvocation.proceed(ReflectiveMethodInvocation.java:186)
	at org.springframework.aop.framework.JdkDynamicAopProxy.invoke(JdkDynamicAopProxy.java:215)
	at com.sun.proxy.$Proxy80.selectOne(Unknown Source)
	at top.baozoulolw.webchat.service.impl.UserServiceImpl.loadUserByUsername(UserServiceImpl.java:23)
	at top.baozoulolw.webchat.service.impl.UserServiceImpl.loadUserByUsername(UserServiceImpl.java:13)
	at org.springframework.security.authentication.dao.DaoAuthenticationProvider.retrieveUser(DaoAuthenticationProvider.java:93)
	... 53 common frames omitted
Caused by: java.sql.SQLSyntaxErrorException: Unknown column 'oper_change_time' in 'field list'
	at com.mysql.cj.jdbc.exceptions.SQLError.createSQLException(SQLError.java:120)
	at com.mysql.cj.jdbc.exceptions.SQLExceptionsMapping.translateException(SQLExceptionsMapping.java:122)
	at com.mysql.cj.jdbc.ClientPreparedStatement.executeInternal(ClientPreparedStatement.java:953)
	at com.mysql.cj.jdbc.ClientPreparedStatement.execute(ClientPreparedStatement.java:370)
	at com.zaxxer.hikari.pool.ProxyPreparedStatement.execute(ProxyPreparedStatement.java:44)
	at com.zaxxer.hikari.pool.HikariProxyPreparedStatement.execute(HikariProxyPreparedStatement.java)
	at org.apache.ibatis.executor.statement.PreparedStatementHandler.query(PreparedStatementHandler.java:64)
	at org.apache.ibatis.executor.statement.RoutingStatementHandler.query(RoutingStatementHandler.java:79)
	at com.baomidou.mybatisplus.core.executor.MybatisSimpleExecutor.doQuery(MybatisSimpleExecutor.java:67)
	at org.apache.ibatis.executor.BaseExecutor.queryFromDatabase(BaseExecutor.java:324)
	at org.apache.ibatis.executor.BaseExecutor.query(BaseExecutor.java:156)
	at com.baomidou.mybatisplus.core.executor.MybatisCachingExecutor.query(MybatisCachingExecutor.java:163)
	at com.baomidou.mybatisplus.core.executor.MybatisCachingExecutor.query(MybatisCachingExecutor.java:90)
	at org.apache.ibatis.session.defaults.DefaultSqlSession.selectList(DefaultSqlSession.java:147)
	at org.apache.ibatis.session.defaults.DefaultSqlSession.selectList(DefaultSqlSession.java:140)
	at org.apache.ibatis.session.defaults.DefaultSqlSession.selectOne(DefaultSqlSession.java:76)
	at sun.reflect.NativeMethodAccessorImpl.invoke0(Native Method)
	at sun.reflect.NativeMethodAccessorImpl.invoke(NativeMethodAccessorImpl.java:62)
	at sun.reflect.DelegatingMethodAccessorImpl.invoke(DelegatingMethodAccessorImpl.java:43)
	at java.lang.reflect.Method.invoke(Method.java:498)
	at org.mybatis.spring.SqlSessionTemplate$SqlSessionInterceptor.invoke(SqlSessionTemplate.java:426)
	... 72 common frames omitted
[INFO ] [2021-06-09 15:12:20] [main] top.baozoulolw.webchat.WebchatApplication  t.b.webchat.WebchatApplication - Starting WebchatApplication using Java 1.8.0_271 on DESKTOP-MR1797F with PID 14516 (D:\STUDY\WebScoket\webchat\target\classes started by Baozoulolw in D:\STUDY\WebScoket\webchat)
[INFO ] [2021-06-09 15:12:20] [main] top.baozoulolw.webchat.WebchatApplication  t.b.webchat.WebchatApplication - The following profiles are active: dev
[WARN ] [2021-06-09 15:12:21] [background-preinit] org.springframework.http.converter.json.Jackson2ObjectMapperBuilder  o.s.h.c.j.Jackson2ObjectMapperBuilder - For Jackson Kotlin classes support please add "com.fasterxml.jackson.module:jackson-module-kotlin" to the classpath
[INFO ] [2021-06-09 15:12:21] [main] org.springframework.data.repository.config.RepositoryConfigurationDelegate  o.s.d.r.c.RepositoryConfigurationDelegate - Multiple Spring Data modules found, entering strict repository configuration mode!
[INFO ] [2021-06-09 15:12:21] [main] org.springframework.data.repository.config.RepositoryConfigurationDelegate  o.s.d.r.c.RepositoryConfigurationDelegate - Bootstrapping Spring Data Redis repositories in DEFAULT mode.
[INFO ] [2021-06-09 15:12:22] [main] org.springframework.data.repository.config.RepositoryConfigurationDelegate  o.s.d.r.c.RepositoryConfigurationDelegate - Finished Spring Data repository scanning in 13 ms. Found 0 Redis repository interfaces.
[INFO ] [2021-06-09 15:12:22] [main] org.springframework.context.support.PostProcessorRegistrationDelegate$BeanPostProcessorChecker  o.s.c.s.PostProcessorRegistrationDelegate$BeanPostProcessorChecker - Bean 'org.springframework.security.access.expression.method.DefaultMethodSecurityExpressionHandler@1aa6e3c0' of type [org.springframework.security.access.expression.method.DefaultMethodSecurityExpressionHandler] is not eligible for getting processed by all BeanPostProcessors (for example: not eligible for auto-proxying)
[INFO ] [2021-06-09 15:12:22] [main] org.springframework.context.support.PostProcessorRegistrationDelegate$BeanPostProcessorChecker  o.s.c.s.PostProcessorRegistrationDelegate$BeanPostProcessorChecker - Bean 'methodSecurityMetadataSource' of type [org.springframework.security.access.method.DelegatingMethodSecurityMetadataSource] is not eligible for getting processed by all BeanPostProcessors (for example: not eligible for auto-proxying)
[INFO ] [2021-06-09 15:12:22] [main] org.springframework.boot.web.embedded.tomcat.TomcatWebServer  o.s.b.w.e.tomcat.TomcatWebServer - Tomcat initialized with port(s): 8001 (http)
[INFO ] [2021-06-09 15:12:22] [main] org.apache.coyote.http11.Http11NioProtocol  o.a.coyote.http11.Http11NioProtocol - Initializing ProtocolHandler ["http-nio-8001"]
[INFO ] [2021-06-09 15:12:22] [main] org.apache.catalina.core.StandardService  o.a.catalina.core.StandardService - Starting service [Tomcat]
[INFO ] [2021-06-09 15:12:22] [main] org.apache.catalina.core.StandardEngine  o.a.catalina.core.StandardEngine - Starting Servlet engine: [Apache Tomcat/9.0.46]
[INFO ] [2021-06-09 15:12:22] [main] org.apache.catalina.core.ContainerBase.[Tomcat].[localhost].[/]  o.a.c.c.C.[Tomcat].[localhost].[/] - Initializing Spring embedded WebApplicationContext
[INFO ] [2021-06-09 15:12:22] [main] org.springframework.boot.web.servlet.context.ServletWebServerApplicationContext  o.s.b.w.s.c.ServletWebServerApplicationContext - Root WebApplicationContext: initialization completed in 1695 ms
[INFO ] [2021-06-09 15:12:24] [main] springfox.documentation.spring.web.PropertySourcedRequestMappingHandlerMapping  s.d.s.w.PropertySourcedRequestMappingHandlerMapping - Mapped URL path [/v2/api-docs] onto method [springfox.documentation.swagger2.web.Swagger2Controller#getDocumentation(String, HttpServletRequest)]
[INFO ] [2021-06-09 15:12:24] [main] org.springframework.security.web.DefaultSecurityFilterChain  o.s.s.web.DefaultSecurityFilterChain - Will secure any request with [org.springframework.security.web.context.request.async.WebAsyncManagerIntegrationFilter@1e495414, org.springframework.security.web.context.SecurityContextPersistenceFilter@6c2a95d5, org.springframework.security.web.header.HeaderWriterFilter@6b063470, org.springframework.security.web.authentication.logout.LogoutFilter@241b971f, org.springframework.security.web.authentication.UsernamePasswordAuthenticationFilter@289f15e9, org.springframework.security.web.authentication.ui.DefaultLoginPageGeneratingFilter@7d484fcd, org.springframework.security.web.authentication.ui.DefaultLogoutPageGeneratingFilter@3711c71c, org.springframework.security.web.savedrequest.RequestCacheAwareFilter@3f048c86, org.springframework.security.web.servletapi.SecurityContextHolderAwareRequestFilter@3869a6e5, org.springframework.security.web.authentication.AnonymousAuthenticationFilter@33e3bd2e, org.springframework.security.web.session.SessionManagementFilter@527937d0, org.springframework.security.web.access.ExceptionTranslationFilter@6238d5e0, org.springframework.security.web.access.intercept.FilterSecurityInterceptor@463045fb]
[INFO ] [2021-06-09 15:12:25] [main] org.apache.coyote.http11.Http11NioProtocol  o.a.coyote.http11.Http11NioProtocol - Starting ProtocolHandler ["http-nio-8001"]
[INFO ] [2021-06-09 15:12:25] [main] org.springframework.boot.web.embedded.tomcat.TomcatWebServer  o.s.b.w.e.tomcat.TomcatWebServer - Tomcat started on port(s): 8001 (http) with context path ''
[INFO ] [2021-06-09 15:12:25] [main] springfox.documentation.spring.web.plugins.DocumentationPluginsBootstrapper  s.d.s.w.p.DocumentationPluginsBootstrapper - Context refreshed
[INFO ] [2021-06-09 15:12:25] [main] springfox.documentation.spring.web.plugins.DocumentationPluginsBootstrapper  s.d.s.w.p.DocumentationPluginsBootstrapper - Found 1 custom documentation plugin(s)
[INFO ] [2021-06-09 15:12:25] [main] springfox.documentation.spring.web.scanners.ApiListingReferenceScanner  s.d.s.w.s.ApiListingReferenceScanner - Scanning for api listing references
[INFO ] [2021-06-09 15:12:25] [main] top.baozoulolw.webchat.WebchatApplication  t.b.webchat.WebchatApplication - Started WebchatApplication in 5.185 seconds (JVM running for 6.59)
[INFO ] [2021-06-09 15:12:25] [main] org.springframework.boot.availability.ApplicationAvailabilityBean  o.s.b.a.ApplicationAvailabilityBean - Application availability state LivenessState changed to CORRECT
[INFO ] [2021-06-09 15:12:25] [main] org.springframework.boot.availability.ApplicationAvailabilityBean  o.s.b.a.ApplicationAvailabilityBean - Application availability state ReadinessState changed to ACCEPTING_TRAFFIC
[INFO ] [2021-06-09 15:13:23] [http-nio-8001-exec-1] org.apache.catalina.core.ContainerBase.[Tomcat].[localhost].[/]  o.a.c.c.C.[Tomcat].[localhost].[/] - Initializing Spring DispatcherServlet 'dispatcherServlet'
[INFO ] [2021-06-09 15:13:23] [http-nio-8001-exec-1] org.springframework.web.servlet.DispatcherServlet  o.s.web.servlet.DispatcherServlet - Initializing Servlet 'dispatcherServlet'
[INFO ] [2021-06-09 15:13:23] [http-nio-8001-exec-1] org.springframework.web.servlet.DispatcherServlet  o.s.web.servlet.DispatcherServlet - Completed initialization in 1 ms
[INFO ] [2021-06-09 15:13:24] [http-nio-8001-exec-4] com.zaxxer.hikari.HikariDataSource  com.zaxxer.hikari.HikariDataSource - HikariPool-1 - Starting...
[INFO ] [2021-06-09 15:13:25] [http-nio-8001-exec-4] com.zaxxer.hikari.HikariDataSource  com.zaxxer.hikari.HikariDataSource - HikariPool-1 - Start completed.
[INFO ] [2021-06-09 15:14:07] [main] top.baozoulolw.webchat.WebchatApplication  t.b.webchat.WebchatApplication - Starting WebchatApplication using Java 1.8.0_271 on DESKTOP-MR1797F with PID 15176 (D:\STUDY\WebScoket\webchat\target\classes started by Baozoulolw in D:\STUDY\WebScoket\webchat)
[INFO ] [2021-06-09 15:14:07] [main] top.baozoulolw.webchat.WebchatApplication  t.b.webchat.WebchatApplication - The following profiles are active: dev
[WARN ] [2021-06-09 15:14:07] [background-preinit] org.springframework.http.converter.json.Jackson2ObjectMapperBuilder  o.s.h.c.j.Jackson2ObjectMapperBuilder - For Jackson Kotlin classes support please add "com.fasterxml.jackson.module:jackson-module-kotlin" to the classpath
[INFO ] [2021-06-09 15:14:08] [main] org.springframework.data.repository.config.RepositoryConfigurationDelegate  o.s.d.r.c.RepositoryConfigurationDelegate - Multiple Spring Data modules found, entering strict repository configuration mode!
[INFO ] [2021-06-09 15:14:08] [main] org.springframework.data.repository.config.RepositoryConfigurationDelegate  o.s.d.r.c.RepositoryConfigurationDelegate - Bootstrapping Spring Data Redis repositories in DEFAULT mode.
[INFO ] [2021-06-09 15:14:08] [main] org.springframework.data.repository.config.RepositoryConfigurationDelegate  o.s.d.r.c.RepositoryConfigurationDelegate - Finished Spring Data repository scanning in 8 ms. Found 0 Redis repository interfaces.
[INFO ] [2021-06-09 15:14:08] [main] org.springframework.context.support.PostProcessorRegistrationDelegate$BeanPostProcessorChecker  o.s.c.s.PostProcessorRegistrationDelegate$BeanPostProcessorChecker - Bean 'org.springframework.security.access.expression.method.DefaultMethodSecurityExpressionHandler@1aa6e3c0' of type [org.springframework.security.access.expression.method.DefaultMethodSecurityExpressionHandler] is not eligible for getting processed by all BeanPostProcessors (for example: not eligible for auto-proxying)
[INFO ] [2021-06-09 15:14:08] [main] org.springframework.context.support.PostProcessorRegistrationDelegate$BeanPostProcessorChecker  o.s.c.s.PostProcessorRegistrationDelegate$BeanPostProcessorChecker - Bean 'methodSecurityMetadataSource' of type [org.springframework.security.access.method.DelegatingMethodSecurityMetadataSource] is not eligible for getting processed by all BeanPostProcessors (for example: not eligible for auto-proxying)
[INFO ] [2021-06-09 15:14:09] [main] org.springframework.boot.web.embedded.tomcat.TomcatWebServer  o.s.b.w.e.tomcat.TomcatWebServer - Tomcat initialized with port(s): 8001 (http)
[INFO ] [2021-06-09 15:14:09] [main] org.apache.coyote.http11.Http11NioProtocol  o.a.coyote.http11.Http11NioProtocol - Initializing ProtocolHandler ["http-nio-8001"]
[INFO ] [2021-06-09 15:14:09] [main] org.apache.catalina.core.StandardService  o.a.catalina.core.StandardService - Starting service [Tomcat]
[INFO ] [2021-06-09 15:14:09] [main] org.apache.catalina.core.StandardEngine  o.a.catalina.core.StandardEngine - Starting Servlet engine: [Apache Tomcat/9.0.46]
[INFO ] [2021-06-09 15:14:09] [main] org.apache.catalina.core.ContainerBase.[Tomcat].[localhost].[/]  o.a.c.c.C.[Tomcat].[localhost].[/] - Initializing Spring embedded WebApplicationContext
[INFO ] [2021-06-09 15:14:09] [main] org.springframework.boot.web.servlet.context.ServletWebServerApplicationContext  o.s.b.w.s.c.ServletWebServerApplicationContext - Root WebApplicationContext: initialization completed in 1809 ms
[INFO ] [2021-06-09 15:14:10] [main] springfox.documentation.spring.web.PropertySourcedRequestMappingHandlerMapping  s.d.s.w.PropertySourcedRequestMappingHandlerMapping - Mapped URL path [/v2/api-docs] onto method [springfox.documentation.swagger2.web.Swagger2Controller#getDocumentation(String, HttpServletRequest)]
[INFO ] [2021-06-09 15:14:11] [main] org.springframework.security.web.DefaultSecurityFilterChain  o.s.s.web.DefaultSecurityFilterChain - Will secure any request with [org.springframework.security.web.context.request.async.WebAsyncManagerIntegrationFilter@1e495414, org.springframework.security.web.context.SecurityContextPersistenceFilter@6c2a95d5, org.springframework.security.web.header.HeaderWriterFilter@6b063470, org.springframework.security.web.authentication.logout.LogoutFilter@241b971f, org.springframework.security.web.authentication.UsernamePasswordAuthenticationFilter@289f15e9, org.springframework.security.web.authentication.ui.DefaultLoginPageGeneratingFilter@7d484fcd, org.springframework.security.web.authentication.ui.DefaultLogoutPageGeneratingFilter@3711c71c, org.springframework.security.web.savedrequest.RequestCacheAwareFilter@3f048c86, org.springframework.security.web.servletapi.SecurityContextHolderAwareRequestFilter@3869a6e5, org.springframework.security.web.authentication.AnonymousAuthenticationFilter@33e3bd2e, org.springframework.security.web.session.SessionManagementFilter@527937d0, org.springframework.security.web.access.ExceptionTranslationFilter@6238d5e0, org.springframework.security.web.access.intercept.FilterSecurityInterceptor@463045fb]
[INFO ] [2021-06-09 15:14:11] [main] org.apache.coyote.http11.Http11NioProtocol  o.a.coyote.http11.Http11NioProtocol - Starting ProtocolHandler ["http-nio-8001"]
[INFO ] [2021-06-09 15:14:11] [main] org.springframework.boot.web.embedded.tomcat.TomcatWebServer  o.s.b.w.e.tomcat.TomcatWebServer - Tomcat started on port(s): 8001 (http) with context path ''
[INFO ] [2021-06-09 15:14:11] [main] springfox.documentation.spring.web.plugins.DocumentationPluginsBootstrapper  s.d.s.w.p.DocumentationPluginsBootstrapper - Context refreshed
[INFO ] [2021-06-09 15:14:11] [main] springfox.documentation.spring.web.plugins.DocumentationPluginsBootstrapper  s.d.s.w.p.DocumentationPluginsBootstrapper - Found 1 custom documentation plugin(s)
[INFO ] [2021-06-09 15:14:11] [main] springfox.documentation.spring.web.scanners.ApiListingReferenceScanner  s.d.s.w.s.ApiListingReferenceScanner - Scanning for api listing references
[INFO ] [2021-06-09 15:14:11] [main] top.baozoulolw.webchat.WebchatApplication  t.b.webchat.WebchatApplication - Started WebchatApplication in 5.503 seconds (JVM running for 7.165)
[INFO ] [2021-06-09 15:14:11] [main] org.springframework.boot.availability.ApplicationAvailabilityBean  o.s.b.a.ApplicationAvailabilityBean - Application availability state LivenessState changed to CORRECT
[INFO ] [2021-06-09 15:14:11] [main] org.springframework.boot.availability.ApplicationAvailabilityBean  o.s.b.a.ApplicationAvailabilityBean - Application availability state ReadinessState changed to ACCEPTING_TRAFFIC
[INFO ] [2021-06-09 15:14:28] [main] top.baozoulolw.webchat.WebchatApplication  t.b.webchat.WebchatApplication - Starting WebchatApplication using Java 1.8.0_271 on DESKTOP-MR1797F with PID 5712 (D:\STUDY\WebScoket\webchat\target\classes started by Baozoulolw in D:\STUDY\WebScoket\webchat)
[INFO ] [2021-06-09 15:14:28] [main] top.baozoulolw.webchat.WebchatApplication  t.b.webchat.WebchatApplication - The following profiles are active: dev
[WARN ] [2021-06-09 15:14:28] [background-preinit] org.springframework.http.converter.json.Jackson2ObjectMapperBuilder  o.s.h.c.j.Jackson2ObjectMapperBuilder - For Jackson Kotlin classes support please add "com.fasterxml.jackson.module:jackson-module-kotlin" to the classpath
[INFO ] [2021-06-09 15:14:29] [main] org.springframework.data.repository.config.RepositoryConfigurationDelegate  o.s.d.r.c.RepositoryConfigurationDelegate - Multiple Spring Data modules found, entering strict repository configuration mode!
[INFO ] [2021-06-09 15:14:29] [main] org.springframework.data.repository.config.RepositoryConfigurationDelegate  o.s.d.r.c.RepositoryConfigurationDelegate - Bootstrapping Spring Data Redis repositories in DEFAULT mode.
[INFO ] [2021-06-09 15:14:29] [main] org.springframework.data.repository.config.RepositoryConfigurationDelegate  o.s.d.r.c.RepositoryConfigurationDelegate - Finished Spring Data repository scanning in 9 ms. Found 0 Redis repository interfaces.
[INFO ] [2021-06-09 15:14:29] [main] org.springframework.context.support.PostProcessorRegistrationDelegate$BeanPostProcessorChecker  o.s.c.s.PostProcessorRegistrationDelegate$BeanPostProcessorChecker - Bean 'org.springframework.security.access.expression.method.DefaultMethodSecurityExpressionHandler@74dbb1ee' of type [org.springframework.security.access.expression.method.DefaultMethodSecurityExpressionHandler] is not eligible for getting processed by all BeanPostProcessors (for example: not eligible for auto-proxying)
[INFO ] [2021-06-09 15:14:29] [main] org.springframework.context.support.PostProcessorRegistrationDelegate$BeanPostProcessorChecker  o.s.c.s.PostProcessorRegistrationDelegate$BeanPostProcessorChecker - Bean 'methodSecurityMetadataSource' of type [org.springframework.security.access.method.DelegatingMethodSecurityMetadataSource] is not eligible for getting processed by all BeanPostProcessors (for example: not eligible for auto-proxying)
[INFO ] [2021-06-09 15:14:29] [main] org.springframework.boot.web.embedded.tomcat.TomcatWebServer  o.s.b.w.e.tomcat.TomcatWebServer - Tomcat initialized with port(s): 8001 (http)
[INFO ] [2021-06-09 15:14:29] [main] org.apache.coyote.http11.Http11NioProtocol  o.a.coyote.http11.Http11NioProtocol - Initializing ProtocolHandler ["http-nio-8001"]
[INFO ] [2021-06-09 15:14:29] [main] org.apache.catalina.core.StandardService  o.a.catalina.core.StandardService - Starting service [Tomcat]
[INFO ] [2021-06-09 15:14:29] [main] org.apache.catalina.core.StandardEngine  o.a.catalina.core.StandardEngine - Starting Servlet engine: [Apache Tomcat/9.0.46]
[INFO ] [2021-06-09 15:14:29] [main] org.apache.catalina.core.ContainerBase.[Tomcat].[localhost].[/]  o.a.c.c.C.[Tomcat].[localhost].[/] - Initializing Spring embedded WebApplicationContext
[INFO ] [2021-06-09 15:14:29] [main] org.springframework.boot.web.servlet.context.ServletWebServerApplicationContext  o.s.b.w.s.c.ServletWebServerApplicationContext - Root WebApplicationContext: initialization completed in 1615 ms
[INFO ] [2021-06-09 15:14:31] [main] springfox.documentation.spring.web.PropertySourcedRequestMappingHandlerMapping  s.d.s.w.PropertySourcedRequestMappingHandlerMapping - Mapped URL path [/v2/api-docs] onto method [springfox.documentation.swagger2.web.Swagger2Controller#getDocumentation(String, HttpServletRequest)]
[INFO ] [2021-06-09 15:14:32] [main] org.springframework.security.web.DefaultSecurityFilterChain  o.s.s.web.DefaultSecurityFilterChain - Will secure any request with [org.springframework.security.web.context.request.async.WebAsyncManagerIntegrationFilter@2c7c0e36, org.springframework.security.web.context.SecurityContextPersistenceFilter@70be89ec, org.springframework.security.web.header.HeaderWriterFilter@6b42e36d, org.springframework.security.web.authentication.logout.LogoutFilter@6cdee57, org.springframework.security.web.authentication.UsernamePasswordAuthenticationFilter@14e750c5, org.springframework.security.web.authentication.ui.DefaultLoginPageGeneratingFilter@3de79067, org.springframework.security.web.authentication.ui.DefaultLogoutPageGeneratingFilter@307cf964, org.springframework.security.web.savedrequest.RequestCacheAwareFilter@19a5b637, org.springframework.security.web.servletapi.SecurityContextHolderAwareRequestFilter@9b367c8, org.springframework.security.web.authentication.AnonymousAuthenticationFilter@374ccb9, org.springframework.security.web.session.SessionManagementFilter@79195c22, org.springframework.security.web.access.ExceptionTranslationFilter@26b3c9a2, org.springframework.security.web.access.intercept.FilterSecurityInterceptor@25a5c8e]
[INFO ] [2021-06-09 15:14:32] [main] org.apache.coyote.http11.Http11NioProtocol  o.a.coyote.http11.Http11NioProtocol - Starting ProtocolHandler ["http-nio-8001"]
[INFO ] [2021-06-09 15:14:32] [main] org.springframework.boot.web.embedded.tomcat.TomcatWebServer  o.s.b.w.e.tomcat.TomcatWebServer - Tomcat started on port(s): 8001 (http) with context path ''
[INFO ] [2021-06-09 15:14:32] [main] springfox.documentation.spring.web.plugins.DocumentationPluginsBootstrapper  s.d.s.w.p.DocumentationPluginsBootstrapper - Context refreshed
[INFO ] [2021-06-09 15:14:32] [main] springfox.documentation.spring.web.plugins.DocumentationPluginsBootstrapper  s.d.s.w.p.DocumentationPluginsBootstrapper - Found 1 custom documentation plugin(s)
[INFO ] [2021-06-09 15:14:32] [main] springfox.documentation.spring.web.scanners.ApiListingReferenceScanner  s.d.s.w.s.ApiListingReferenceScanner - Scanning for api listing references
[INFO ] [2021-06-09 15:14:32] [main] top.baozoulolw.webchat.WebchatApplication  t.b.webchat.WebchatApplication - Started WebchatApplication in 4.873 seconds (JVM running for 6.247)
[INFO ] [2021-06-09 15:14:32] [main] org.springframework.boot.availability.ApplicationAvailabilityBean  o.s.b.a.ApplicationAvailabilityBean - Application availability state LivenessState changed to CORRECT
[INFO ] [2021-06-09 15:14:32] [main] org.springframework.boot.availability.ApplicationAvailabilityBean  o.s.b.a.ApplicationAvailabilityBean - Application availability state ReadinessState changed to ACCEPTING_TRAFFIC
[INFO ] [2021-06-09 15:15:59] [http-nio-8001-exec-1] org.apache.catalina.core.ContainerBase.[Tomcat].[localhost].[/]  o.a.c.c.C.[Tomcat].[localhost].[/] - Initializing Spring DispatcherServlet 'dispatcherServlet'
[INFO ] [2021-06-09 15:15:59] [http-nio-8001-exec-1] org.springframework.web.servlet.DispatcherServlet  o.s.web.servlet.DispatcherServlet - Initializing Servlet 'dispatcherServlet'
[INFO ] [2021-06-09 15:15:59] [http-nio-8001-exec-1] org.springframework.web.servlet.DispatcherServlet  o.s.web.servlet.DispatcherServlet - Completed initialization in 1 ms
[INFO ] [2021-06-09 15:16:00] [http-nio-8001-exec-4] com.zaxxer.hikari.HikariDataSource  com.zaxxer.hikari.HikariDataSource - HikariPool-1 - Starting...
[INFO ] [2021-06-09 15:16:01] [http-nio-8001-exec-4] com.zaxxer.hikari.HikariDataSource  com.zaxxer.hikari.HikariDataSource - HikariPool-1 - Start completed.
[INFO ] [2021-06-09 15:18:12] [main] top.baozoulolw.webchat.WebchatApplication  t.b.webchat.WebchatApplication - Starting WebchatApplication using Java 1.8.0_271 on DESKTOP-MR1797F with PID 12808 (D:\STUDY\WebScoket\webchat\target\classes started by Baozoulolw in D:\STUDY\WebScoket\webchat)
[INFO ] [2021-06-09 15:18:12] [main] top.baozoulolw.webchat.WebchatApplication  t.b.webchat.WebchatApplication - The following profiles are active: dev
[WARN ] [2021-06-09 15:18:13] [background-preinit] org.springframework.http.converter.json.Jackson2ObjectMapperBuilder  o.s.h.c.j.Jackson2ObjectMapperBuilder - For Jackson Kotlin classes support please add "com.fasterxml.jackson.module:jackson-module-kotlin" to the classpath
[INFO ] [2021-06-09 15:18:14] [main] org.springframework.data.repository.config.RepositoryConfigurationDelegate  o.s.d.r.c.RepositoryConfigurationDelegate - Multiple Spring Data modules found, entering strict repository configuration mode!
[INFO ] [2021-06-09 15:18:14] [main] org.springframework.data.repository.config.RepositoryConfigurationDelegate  o.s.d.r.c.RepositoryConfigurationDelegate - Bootstrapping Spring Data Redis repositories in DEFAULT mode.
[INFO ] [2021-06-09 15:18:14] [main] org.springframework.data.repository.config.RepositoryConfigurationDelegate  o.s.d.r.c.RepositoryConfigurationDelegate - Finished Spring Data repository scanning in 12 ms. Found 0 Redis repository interfaces.
[INFO ] [2021-06-09 15:18:14] [main] org.springframework.context.support.PostProcessorRegistrationDelegate$BeanPostProcessorChecker  o.s.c.s.PostProcessorRegistrationDelegate$BeanPostProcessorChecker - Bean 'org.springframework.security.access.expression.method.DefaultMethodSecurityExpressionHandler@1e84f3c8' of type [org.springframework.security.access.expression.method.DefaultMethodSecurityExpressionHandler] is not eligible for getting processed by all BeanPostProcessors (for example: not eligible for auto-proxying)
[INFO ] [2021-06-09 15:18:14] [main] org.springframework.context.support.PostProcessorRegistrationDelegate$BeanPostProcessorChecker  o.s.c.s.PostProcessorRegistrationDelegate$BeanPostProcessorChecker - Bean 'methodSecurityMetadataSource' of type [org.springframework.security.access.method.DelegatingMethodSecurityMetadataSource] is not eligible for getting processed by all BeanPostProcessors (for example: not eligible for auto-proxying)
[INFO ] [2021-06-09 15:18:15] [main] org.springframework.boot.web.embedded.tomcat.TomcatWebServer  o.s.b.w.e.tomcat.TomcatWebServer - Tomcat initialized with port(s): 8001 (http)
[INFO ] [2021-06-09 15:18:15] [main] org.apache.coyote.http11.Http11NioProtocol  o.a.coyote.http11.Http11NioProtocol - Initializing ProtocolHandler ["http-nio-8001"]
[INFO ] [2021-06-09 15:18:15] [main] org.apache.catalina.core.StandardService  o.a.catalina.core.StandardService - Starting service [Tomcat]
[INFO ] [2021-06-09 15:18:15] [main] org.apache.catalina.core.StandardEngine  o.a.catalina.core.StandardEngine - Starting Servlet engine: [Apache Tomcat/9.0.46]
[INFO ] [2021-06-09 15:18:15] [main] org.apache.catalina.core.ContainerBase.[Tomcat].[localhost].[/]  o.a.c.c.C.[Tomcat].[localhost].[/] - Initializing Spring embedded WebApplicationContext
[INFO ] [2021-06-09 15:18:15] [main] org.springframework.boot.web.servlet.context.ServletWebServerApplicationContext  o.s.b.w.s.c.ServletWebServerApplicationContext - Root WebApplicationContext: initialization completed in 2160 ms
[INFO ] [2021-06-09 15:18:16] [main] springfox.documentation.spring.web.PropertySourcedRequestMappingHandlerMapping  s.d.s.w.PropertySourcedRequestMappingHandlerMapping - Mapped URL path [/v2/api-docs] onto method [springfox.documentation.swagger2.web.Swagger2Controller#getDocumentation(String, HttpServletRequest)]
[INFO ] [2021-06-09 15:18:18] [main] org.springframework.security.web.DefaultSecurityFilterChain  o.s.s.web.DefaultSecurityFilterChain - Will secure any request with [org.springframework.security.web.context.request.async.WebAsyncManagerIntegrationFilter@4583b617, org.springframework.security.web.context.SecurityContextPersistenceFilter@5bf7f15f, org.springframework.security.web.header.HeaderWriterFilter@33eab2e8, org.springframework.security.web.authentication.logout.LogoutFilter@73234691, org.springframework.security.web.authentication.UsernamePasswordAuthenticationFilter@5fb514c2, org.springframework.security.web.authentication.ui.DefaultLoginPageGeneratingFilter@5c3710b3, org.springframework.security.web.authentication.ui.DefaultLogoutPageGeneratingFilter@22a63740, org.springframework.security.web.savedrequest.RequestCacheAwareFilter@11309dd4, org.springframework.security.web.servletapi.SecurityContextHolderAwareRequestFilter@103e7c7c, org.springframework.security.web.authentication.AnonymousAuthenticationFilter@211da640, org.springframework.security.web.session.SessionManagementFilter@37364634, org.springframework.security.web.access.ExceptionTranslationFilter@36cf16a6, org.springframework.security.web.access.intercept.FilterSecurityInterceptor@2864d34d]
[INFO ] [2021-06-09 15:18:18] [main] org.apache.coyote.http11.Http11NioProtocol  o.a.coyote.http11.Http11NioProtocol - Starting ProtocolHandler ["http-nio-8001"]
[INFO ] [2021-06-09 15:18:18] [main] org.springframework.boot.web.embedded.tomcat.TomcatWebServer  o.s.b.w.e.tomcat.TomcatWebServer - Tomcat started on port(s): 8001 (http) with context path ''
[INFO ] [2021-06-09 15:18:18] [main] springfox.documentation.spring.web.plugins.DocumentationPluginsBootstrapper  s.d.s.w.p.DocumentationPluginsBootstrapper - Context refreshed
[INFO ] [2021-06-09 15:18:18] [main] springfox.documentation.spring.web.plugins.DocumentationPluginsBootstrapper  s.d.s.w.p.DocumentationPluginsBootstrapper - Found 1 custom documentation plugin(s)
[INFO ] [2021-06-09 15:18:18] [main] springfox.documentation.spring.web.scanners.ApiListingReferenceScanner  s.d.s.w.s.ApiListingReferenceScanner - Scanning for api listing references
[INFO ] [2021-06-09 15:18:18] [main] top.baozoulolw.webchat.WebchatApplication  t.b.webchat.WebchatApplication - Started WebchatApplication in 6.175 seconds (JVM running for 9.169)
[INFO ] [2021-06-09 15:18:18] [main] org.springframework.boot.availability.ApplicationAvailabilityBean  o.s.b.a.ApplicationAvailabilityBean - Application availability state LivenessState changed to CORRECT
[INFO ] [2021-06-09 15:18:18] [main] org.springframework.boot.availability.ApplicationAvailabilityBean  o.s.b.a.ApplicationAvailabilityBean - Application availability state ReadinessState changed to ACCEPTING_TRAFFIC
[INFO ] [2021-06-09 15:18:32] [http-nio-8001-exec-1] org.apache.catalina.core.ContainerBase.[Tomcat].[localhost].[/]  o.a.c.c.C.[Tomcat].[localhost].[/] - Initializing Spring DispatcherServlet 'dispatcherServlet'
[INFO ] [2021-06-09 15:18:32] [http-nio-8001-exec-1] org.springframework.web.servlet.DispatcherServlet  o.s.web.servlet.DispatcherServlet - Initializing Servlet 'dispatcherServlet'
[INFO ] [2021-06-09 15:18:32] [http-nio-8001-exec-1] org.springframework.web.servlet.DispatcherServlet  o.s.web.servlet.DispatcherServlet - Completed initialization in 0 ms
[INFO ] [2021-06-09 15:18:43] [http-nio-8001-exec-4] com.zaxxer.hikari.HikariDataSource  com.zaxxer.hikari.HikariDataSource - HikariPool-1 - Starting...
[INFO ] [2021-06-09 15:18:52] [http-nio-8001-exec-4] com.zaxxer.hikari.HikariDataSource  com.zaxxer.hikari.HikariDataSource - HikariPool-1 - Start completed.
[WARN ] [2021-06-09 15:20:44] [HikariPool-1 housekeeper] com.zaxxer.hikari.pool.HikariPool  com.zaxxer.hikari.pool.HikariPool - HikariPool-1 - Thread starvation or clock leap detected (housekeeper delta=1m51s442ms333s800ns).
[INFO ] [2021-06-09 15:20:44] [SpringContextShutdownHook] org.springframework.boot.availability.ApplicationAvailabilityBean  o.s.b.a.ApplicationAvailabilityBean - Application availability state ReadinessState changed from ACCEPTING_TRAFFIC to REFUSING_TRAFFIC
[INFO ] [2021-06-09 15:20:51] [main] top.baozoulolw.webchat.WebchatApplication  t.b.webchat.WebchatApplication - Starting WebchatApplication using Java 1.8.0_271 on DESKTOP-MR1797F with PID 14376 (D:\STUDY\WebScoket\webchat\target\classes started by Baozoulolw in D:\STUDY\WebScoket\webchat)
[INFO ] [2021-06-09 15:20:51] [main] top.baozoulolw.webchat.WebchatApplication  t.b.webchat.WebchatApplication - The following profiles are active: dev
[WARN ] [2021-06-09 15:20:51] [background-preinit] org.springframework.http.converter.json.Jackson2ObjectMapperBuilder  o.s.h.c.j.Jackson2ObjectMapperBuilder - For Jackson Kotlin classes support please add "com.fasterxml.jackson.module:jackson-module-kotlin" to the classpath
[INFO ] [2021-06-09 15:20:52] [main] org.springframework.data.repository.config.RepositoryConfigurationDelegate  o.s.d.r.c.RepositoryConfigurationDelegate - Multiple Spring Data modules found, entering strict repository configuration mode!
[INFO ] [2021-06-09 15:20:52] [main] org.springframework.data.repository.config.RepositoryConfigurationDelegate  o.s.d.r.c.RepositoryConfigurationDelegate - Bootstrapping Spring Data Redis repositories in DEFAULT mode.
[INFO ] [2021-06-09 15:20:52] [main] org.springframework.data.repository.config.RepositoryConfigurationDelegate  o.s.d.r.c.RepositoryConfigurationDelegate - Finished Spring Data repository scanning in 13 ms. Found 0 Redis repository interfaces.
[INFO ] [2021-06-09 15:20:53] [main] org.springframework.context.support.PostProcessorRegistrationDelegate$BeanPostProcessorChecker  o.s.c.s.PostProcessorRegistrationDelegate$BeanPostProcessorChecker - Bean 'org.springframework.security.access.expression.method.DefaultMethodSecurityExpressionHandler@dab1f89' of type [org.springframework.security.access.expression.method.DefaultMethodSecurityExpressionHandler] is not eligible for getting processed by all BeanPostProcessors (for example: not eligible for auto-proxying)
[INFO ] [2021-06-09 15:20:53] [main] org.springframework.context.support.PostProcessorRegistrationDelegate$BeanPostProcessorChecker  o.s.c.s.PostProcessorRegistrationDelegate$BeanPostProcessorChecker - Bean 'methodSecurityMetadataSource' of type [org.springframework.security.access.method.DelegatingMethodSecurityMetadataSource] is not eligible for getting processed by all BeanPostProcessors (for example: not eligible for auto-proxying)
[INFO ] [2021-06-09 15:20:53] [main] org.springframework.boot.web.embedded.tomcat.TomcatWebServer  o.s.b.w.e.tomcat.TomcatWebServer - Tomcat initialized with port(s): 8001 (http)
[INFO ] [2021-06-09 15:20:53] [main] org.apache.coyote.http11.Http11NioProtocol  o.a.coyote.http11.Http11NioProtocol - Initializing ProtocolHandler ["http-nio-8001"]
[INFO ] [2021-06-09 15:20:53] [main] org.apache.catalina.core.StandardService  o.a.catalina.core.StandardService - Starting service [Tomcat]
[INFO ] [2021-06-09 15:20:53] [main] org.apache.catalina.core.StandardEngine  o.a.catalina.core.StandardEngine - Starting Servlet engine: [Apache Tomcat/9.0.46]
[INFO ] [2021-06-09 15:20:53] [main] org.apache.catalina.core.ContainerBase.[Tomcat].[localhost].[/]  o.a.c.c.C.[Tomcat].[localhost].[/] - Initializing Spring embedded WebApplicationContext
[INFO ] [2021-06-09 15:20:53] [main] org.springframework.boot.web.servlet.context.ServletWebServerApplicationContext  o.s.b.w.s.c.ServletWebServerApplicationContext - Root WebApplicationContext: initialization completed in 2137 ms
[INFO ] [2021-06-09 15:20:55] [main] springfox.documentation.spring.web.PropertySourcedRequestMappingHandlerMapping  s.d.s.w.PropertySourcedRequestMappingHandlerMapping - Mapped URL path [/v2/api-docs] onto method [springfox.documentation.swagger2.web.Swagger2Controller#getDocumentation(String, HttpServletRequest)]
[INFO ] [2021-06-09 15:20:56] [main] org.springframework.security.web.DefaultSecurityFilterChain  o.s.s.web.DefaultSecurityFilterChain - Will secure any request with [org.springframework.security.web.context.request.async.WebAsyncManagerIntegrationFilter@5cb8580, org.springframework.security.web.context.SecurityContextPersistenceFilter@c1a74d, org.springframework.security.web.header.HeaderWriterFilter@12e2f5ab, org.springframework.security.web.authentication.logout.LogoutFilter@3e9b3b3c, org.springframework.security.web.authentication.UsernamePasswordAuthenticationFilter@41a8f0d8, org.springframework.security.web.authentication.ui.DefaultLoginPageGeneratingFilter@43294e9b, org.springframework.security.web.authentication.ui.DefaultLogoutPageGeneratingFilter@2ca1e49a, org.springframework.security.web.savedrequest.RequestCacheAwareFilter@5cfa2ac5, org.springframework.security.web.servletapi.SecurityContextHolderAwareRequestFilter@a63643e, org.springframework.security.web.authentication.AnonymousAuthenticationFilter@1aee6d14, org.springframework.security.web.session.SessionManagementFilter@686e7513, org.springframework.security.web.access.ExceptionTranslationFilter@73234691, org.springframework.security.web.access.intercept.FilterSecurityInterceptor@30a62a5b]
[INFO ] [2021-06-09 15:20:56] [main] org.apache.coyote.http11.Http11NioProtocol  o.a.coyote.http11.Http11NioProtocol - Starting ProtocolHandler ["http-nio-8001"]
[INFO ] [2021-06-09 15:20:56] [main] org.springframework.boot.web.embedded.tomcat.TomcatWebServer  o.s.b.w.e.tomcat.TomcatWebServer - Tomcat started on port(s): 8001 (http) with context path ''
[INFO ] [2021-06-09 15:20:56] [main] springfox.documentation.spring.web.plugins.DocumentationPluginsBootstrapper  s.d.s.w.p.DocumentationPluginsBootstrapper - Context refreshed
[INFO ] [2021-06-09 15:20:56] [main] springfox.documentation.spring.web.plugins.DocumentationPluginsBootstrapper  s.d.s.w.p.DocumentationPluginsBootstrapper - Found 1 custom documentation plugin(s)
[INFO ] [2021-06-09 15:20:56] [main] springfox.documentation.spring.web.scanners.ApiListingReferenceScanner  s.d.s.w.s.ApiListingReferenceScanner - Scanning for api listing references
[INFO ] [2021-06-09 15:20:56] [main] top.baozoulolw.webchat.WebchatApplication  t.b.webchat.WebchatApplication - Started WebchatApplication in 6.259 seconds (JVM running for 8.067)
[INFO ] [2021-06-09 15:20:56] [main] org.springframework.boot.availability.ApplicationAvailabilityBean  o.s.b.a.ApplicationAvailabilityBean - Application availability state LivenessState changed to CORRECT
[INFO ] [2021-06-09 15:20:56] [main] org.springframework.boot.availability.ApplicationAvailabilityBean  o.s.b.a.ApplicationAvailabilityBean - Application availability state ReadinessState changed to ACCEPTING_TRAFFIC
[INFO ] [2021-06-09 15:21:02] [http-nio-8001-exec-2] org.apache.catalina.core.ContainerBase.[Tomcat].[localhost].[/]  o.a.c.c.C.[Tomcat].[localhost].[/] - Initializing Spring DispatcherServlet 'dispatcherServlet'
[INFO ] [2021-06-09 15:21:02] [http-nio-8001-exec-2] org.springframework.web.servlet.DispatcherServlet  o.s.web.servlet.DispatcherServlet - Initializing Servlet 'dispatcherServlet'
[INFO ] [2021-06-09 15:21:02] [http-nio-8001-exec-2] org.springframework.web.servlet.DispatcherServlet  o.s.web.servlet.DispatcherServlet - Completed initialization in 2 ms
[INFO ] [2021-06-09 15:21:10] [http-nio-8001-exec-4] com.zaxxer.hikari.HikariDataSource  com.zaxxer.hikari.HikariDataSource - HikariPool-1 - Starting...
[INFO ] [2021-06-09 15:21:19] [http-nio-8001-exec-4] com.zaxxer.hikari.HikariDataSource  com.zaxxer.hikari.HikariDataSource - HikariPool-1 - Start completed.
[INFO ] [2021-06-09 15:25:19] [SpringContextShutdownHook] org.springframework.boot.availability.ApplicationAvailabilityBean  o.s.b.a.ApplicationAvailabilityBean - Application availability state ReadinessState changed from ACCEPTING_TRAFFIC to REFUSING_TRAFFIC
[INFO ] [2021-06-09 15:27:55] [main] top.baozoulolw.webchat.WebchatApplication  t.b.webchat.WebchatApplication - Starting WebchatApplication using Java 1.8.0_271 on DESKTOP-MR1797F with PID 5620 (D:\STUDY\WebScoket\webchat\target\classes started by Baozoulolw in D:\STUDY\WebScoket\webchat)
[INFO ] [2021-06-09 15:27:55] [main] top.baozoulolw.webchat.WebchatApplication  t.b.webchat.WebchatApplication - The following profiles are active: dev
[WARN ] [2021-06-09 15:27:56] [background-preinit] org.springframework.http.converter.json.Jackson2ObjectMapperBuilder  o.s.h.c.j.Jackson2ObjectMapperBuilder - For Jackson Kotlin classes support please add "com.fasterxml.jackson.module:jackson-module-kotlin" to the classpath
[INFO ] [2021-06-09 15:27:57] [main] org.springframework.data.repository.config.RepositoryConfigurationDelegate  o.s.d.r.c.RepositoryConfigurationDelegate - Multiple Spring Data modules found, entering strict repository configuration mode!
[INFO ] [2021-06-09 15:27:57] [main] org.springframework.data.repository.config.RepositoryConfigurationDelegate  o.s.d.r.c.RepositoryConfigurationDelegate - Bootstrapping Spring Data Redis repositories in DEFAULT mode.
[INFO ] [2021-06-09 15:27:57] [main] org.springframework.data.repository.config.RepositoryConfigurationDelegate  o.s.d.r.c.RepositoryConfigurationDelegate - Finished Spring Data repository scanning in 11 ms. Found 0 Redis repository interfaces.
[INFO ] [2021-06-09 15:27:57] [main] org.springframework.context.support.PostProcessorRegistrationDelegate$BeanPostProcessorChecker  o.s.c.s.PostProcessorRegistrationDelegate$BeanPostProcessorChecker - Bean 'org.springframework.security.access.expression.method.DefaultMethodSecurityExpressionHandler@59e43e8c' of type [org.springframework.security.access.expression.method.DefaultMethodSecurityExpressionHandler] is not eligible for getting processed by all BeanPostProcessors (for example: not eligible for auto-proxying)
[INFO ] [2021-06-09 15:27:57] [main] org.springframework.context.support.PostProcessorRegistrationDelegate$BeanPostProcessorChecker  o.s.c.s.PostProcessorRegistrationDelegate$BeanPostProcessorChecker - Bean 'methodSecurityMetadataSource' of type [org.springframework.security.access.method.DelegatingMethodSecurityMetadataSource] is not eligible for getting processed by all BeanPostProcessors (for example: not eligible for auto-proxying)
[INFO ] [2021-06-09 15:27:57] [main] org.springframework.boot.web.embedded.tomcat.TomcatWebServer  o.s.b.w.e.tomcat.TomcatWebServer - Tomcat initialized with port(s): 8001 (http)
[INFO ] [2021-06-09 15:27:57] [main] org.apache.coyote.http11.Http11NioProtocol  o.a.coyote.http11.Http11NioProtocol - Initializing ProtocolHandler ["http-nio-8001"]
[INFO ] [2021-06-09 15:27:57] [main] org.apache.catalina.core.StandardService  o.a.catalina.core.StandardService - Starting service [Tomcat]
[INFO ] [2021-06-09 15:27:57] [main] org.apache.catalina.core.StandardEngine  o.a.catalina.core.StandardEngine - Starting Servlet engine: [Apache Tomcat/9.0.46]
[INFO ] [2021-06-09 15:27:58] [main] org.apache.catalina.core.ContainerBase.[Tomcat].[localhost].[/]  o.a.c.c.C.[Tomcat].[localhost].[/] - Initializing Spring embedded WebApplicationContext
[INFO ] [2021-06-09 15:27:58] [main] org.springframework.boot.web.servlet.context.ServletWebServerApplicationContext  o.s.b.w.s.c.ServletWebServerApplicationContext - Root WebApplicationContext: initialization completed in 2082 ms
[INFO ] [2021-06-09 15:27:59] [main] springfox.documentation.spring.web.PropertySourcedRequestMappingHandlerMapping  s.d.s.w.PropertySourcedRequestMappingHandlerMapping - Mapped URL path [/v2/api-docs] onto method [springfox.documentation.swagger2.web.Swagger2Controller#getDocumentation(String, HttpServletRequest)]
[INFO ] [2021-06-09 15:28:00] [main] org.springframework.security.web.DefaultSecurityFilterChain  o.s.s.web.DefaultSecurityFilterChain - Will secure any request with [org.springframework.security.web.context.request.async.WebAsyncManagerIntegrationFilter@16e1219f, org.springframework.security.web.context.SecurityContextPersistenceFilter@e3899fd, org.springframework.security.web.header.HeaderWriterFilter@7e191fda, org.springframework.security.web.authentication.logout.LogoutFilter@19a5b637, org.springframework.security.web.authentication.UsernamePasswordAuthenticationFilter@30508066, org.springframework.security.web.authentication.ui.DefaultLoginPageGeneratingFilter@26b3c9a2, org.springframework.security.web.authentication.ui.DefaultLogoutPageGeneratingFilter@13f40d71, org.springframework.security.web.savedrequest.RequestCacheAwareFilter@788e3702, org.springframework.security.web.servletapi.SecurityContextHolderAwareRequestFilter@578c3fd9, org.springframework.security.web.authentication.AnonymousAuthenticationFilter@73a845cb, org.springframework.security.web.session.SessionManagementFilter@2ce524d2, org.springframework.security.web.access.ExceptionTranslationFilter@24d8f87a, org.springframework.security.web.access.intercept.FilterSecurityInterceptor@1e495414]
[INFO ] [2021-06-09 15:28:00] [main] org.apache.coyote.http11.Http11NioProtocol  o.a.coyote.http11.Http11NioProtocol - Starting ProtocolHandler ["http-nio-8001"]
[INFO ] [2021-06-09 15:28:00] [main] org.springframework.boot.web.embedded.tomcat.TomcatWebServer  o.s.b.w.e.tomcat.TomcatWebServer - Tomcat started on port(s): 8001 (http) with context path ''
[INFO ] [2021-06-09 15:28:00] [main] springfox.documentation.spring.web.plugins.DocumentationPluginsBootstrapper  s.d.s.w.p.DocumentationPluginsBootstrapper - Context refreshed
[INFO ] [2021-06-09 15:28:00] [main] springfox.documentation.spring.web.plugins.DocumentationPluginsBootstrapper  s.d.s.w.p.DocumentationPluginsBootstrapper - Found 1 custom documentation plugin(s)
[INFO ] [2021-06-09 15:28:00] [main] springfox.documentation.spring.web.scanners.ApiListingReferenceScanner  s.d.s.w.s.ApiListingReferenceScanner - Scanning for api listing references
[INFO ] [2021-06-09 15:28:00] [main] top.baozoulolw.webchat.WebchatApplication  t.b.webchat.WebchatApplication - Started WebchatApplication in 6.207 seconds (JVM running for 7.791)
[INFO ] [2021-06-09 15:28:00] [main] org.springframework.boot.availability.ApplicationAvailabilityBean  o.s.b.a.ApplicationAvailabilityBean - Application availability state LivenessState changed to CORRECT
[INFO ] [2021-06-09 15:28:00] [main] org.springframework.boot.availability.ApplicationAvailabilityBean  o.s.b.a.ApplicationAvailabilityBean - Application availability state ReadinessState changed to ACCEPTING_TRAFFIC
[INFO ] [2021-06-09 15:28:10] [http-nio-8001-exec-1] org.apache.catalina.core.ContainerBase.[Tomcat].[localhost].[/]  o.a.c.c.C.[Tomcat].[localhost].[/] - Initializing Spring DispatcherServlet 'dispatcherServlet'
[INFO ] [2021-06-09 15:28:10] [http-nio-8001-exec-1] org.springframework.web.servlet.DispatcherServlet  o.s.web.servlet.DispatcherServlet - Initializing Servlet 'dispatcherServlet'
[INFO ] [2021-06-09 15:28:10] [http-nio-8001-exec-1] org.springframework.web.servlet.DispatcherServlet  o.s.web.servlet.DispatcherServlet - Completed initialization in 1 ms
[INFO ] [2021-06-09 15:28:12] [http-nio-8001-exec-4] com.zaxxer.hikari.HikariDataSource  com.zaxxer.hikari.HikariDataSource - HikariPool-1 - Starting...
[INFO ] [2021-06-09 15:28:13] [http-nio-8001-exec-4] com.zaxxer.hikari.HikariDataSource  com.zaxxer.hikari.HikariDataSource - HikariPool-1 - Start completed.
