[INFO ] [2021-06-09 11:21:09] [main] top.baozoulolw.webchat.WebchatApplication  t.b.webchat.WebchatApplication - Starting WebchatApplication using Java 1.8.0_271 on DESKTOP-MR1797F with PID 7984 (D:\STUDY\WebScoket\webchat\target\classes started by Baozoulolw in D:\STUDY\WebScoket\webchat)
[INFO ] [2021-06-09 11:21:09] [main] top.baozoulolw.webchat.WebchatApplication  t.b.webchat.WebchatApplication - The following profiles are active: dev
[INFO ] [2021-06-09 11:21:10] [main] org.springframework.data.repository.config.RepositoryConfigurationDelegate  o.s.d.r.c.RepositoryConfigurationDelegate - Multiple Spring Data modules found, entering strict repository configuration mode!
[INFO ] [2021-06-09 11:21:10] [main] org.springframework.data.repository.config.RepositoryConfigurationDelegate  o.s.d.r.c.RepositoryConfigurationDelegate - Bootstrapping Spring Data Redis repositories in DEFAULT mode.
[INFO ] [2021-06-09 11:21:10] [main] org.springframework.data.repository.config.RepositoryConfigurationDelegate  o.s.d.r.c.RepositoryConfigurationDelegate - Finished Spring Data repository scanning in 9 ms. Found 0 Redis repository interfaces.
[INFO ] [2021-06-09 11:21:11] [main] org.springframework.boot.web.embedded.tomcat.TomcatWebServer  o.s.b.w.e.tomcat.TomcatWebServer - Tomcat initialized with port(s): 8080 (http)
[INFO ] [2021-06-09 11:21:11] [main] org.apache.coyote.http11.Http11NioProtocol  o.a.coyote.http11.Http11NioProtocol - Initializing ProtocolHandler ["http-nio-8080"]
[INFO ] [2021-06-09 11:21:11] [main] org.apache.catalina.core.StandardService  o.a.catalina.core.StandardService - Starting service [Tomcat]
[INFO ] [2021-06-09 11:21:11] [main] org.apache.catalina.core.StandardEngine  o.a.catalina.core.StandardEngine - Starting Servlet engine: [Apache Tomcat/9.0.46]
[INFO ] [2021-06-09 11:21:11] [main] org.apache.catalina.core.ContainerBase.[Tomcat].[localhost].[/]  o.a.c.c.C.[Tomcat].[localhost].[/] - Initializing Spring embedded WebApplicationContext
[INFO ] [2021-06-09 11:21:11] [main] org.springframework.boot.web.servlet.context.ServletWebServerApplicationContext  o.s.b.w.s.c.ServletWebServerApplicationContext - Root WebApplicationContext: initialization completed in 1867 ms
[INFO ] [2021-06-09 11:21:12] [main] org.springframework.boot.autoconfigure.security.servlet.UserDetailsServiceAutoConfiguration  o.s.b.a.s.s.UserDetailsServiceAutoConfiguration - 

Using generated security password: c95e1db1-f315-4b0b-9131-8d51cbd773a5

[INFO ] [2021-06-09 11:21:13] [main] org.springframework.security.web.DefaultSecurityFilterChain  o.s.s.web.DefaultSecurityFilterChain - Will secure any request with [org.springframework.security.web.context.request.async.WebAsyncManagerIntegrationFilter@cedee22, org.springframework.security.web.context.SecurityContextPersistenceFilter@6bcb12e6, org.springframework.security.web.header.HeaderWriterFilter@67536ae0, org.springframework.security.web.csrf.CsrfFilter@5b88b8e, org.springframework.security.web.authentication.logout.LogoutFilter@2f10f633, org.springframework.security.web.authentication.UsernamePasswordAuthenticationFilter@4debbf0, org.springframework.security.web.authentication.ui.DefaultLoginPageGeneratingFilter@3440e9cd, org.springframework.security.web.authentication.ui.DefaultLogoutPageGeneratingFilter@59b32539, org.springframework.security.web.authentication.www.BasicAuthenticationFilter@796f632b, org.springframework.security.web.savedrequest.RequestCacheAwareFilter@29c17c3d, org.springframework.security.web.servletapi.SecurityContextHolderAwareRequestFilter@3e1fd62b, org.springframework.security.web.authentication.AnonymousAuthenticationFilter@5b47731f, org.springframework.security.web.session.SessionManagementFilter@d16be4f, org.springframework.security.web.access.ExceptionTranslationFilter@493da830, org.springframework.security.web.access.intercept.FilterSecurityInterceptor@fa5f81c]
[INFO ] [2021-06-09 11:21:13] [main] org.apache.coyote.http11.Http11NioProtocol  o.a.coyote.http11.Http11NioProtocol - Starting ProtocolHandler ["http-nio-8080"]
[INFO ] [2021-06-09 11:21:13] [main] org.springframework.boot.web.embedded.tomcat.TomcatWebServer  o.s.b.w.e.tomcat.TomcatWebServer - Tomcat started on port(s): 8080 (http) with context path ''
[INFO ] [2021-06-09 11:21:13] [main] top.baozoulolw.webchat.WebchatApplication  t.b.webchat.WebchatApplication - Started WebchatApplication in 5.158 seconds (JVM running for 8.342)
[INFO ] [2021-06-09 11:21:13] [main] org.springframework.boot.availability.ApplicationAvailabilityBean  o.s.b.a.ApplicationAvailabilityBean - Application availability state LivenessState changed to CORRECT
[INFO ] [2021-06-09 11:21:13] [main] org.springframework.boot.availability.ApplicationAvailabilityBean  o.s.b.a.ApplicationAvailabilityBean - Application availability state ReadinessState changed to ACCEPTING_TRAFFIC
[INFO ] [2021-06-09 11:21:48] [http-nio-8080-exec-1] org.apache.catalina.core.ContainerBase.[Tomcat].[localhost].[/]  o.a.c.c.C.[Tomcat].[localhost].[/] - Initializing Spring DispatcherServlet 'dispatcherServlet'
[INFO ] [2021-06-09 11:21:48] [http-nio-8080-exec-1] org.springframework.web.servlet.DispatcherServlet  o.s.web.servlet.DispatcherServlet - Initializing Servlet 'dispatcherServlet'
[INFO ] [2021-06-09 11:21:48] [http-nio-8080-exec-1] org.springframework.web.servlet.DispatcherServlet  o.s.web.servlet.DispatcherServlet - Completed initialization in 1 ms
[INFO ] [2021-06-09 15:06:04] [main] top.baozoulolw.webchat.WebchatApplication  t.b.webchat.WebchatApplication - Starting WebchatApplication using Java 1.8.0_271 on DESKTOP-MR1797F with PID 1692 (D:\STUDY\WebScoket\webchat\target\classes started by Baozoulolw in D:\STUDY\WebScoket\webchat)
[INFO ] [2021-06-09 15:06:04] [main] top.baozoulolw.webchat.WebchatApplication  t.b.webchat.WebchatApplication - The following profiles are active: dev
[INFO ] [2021-06-09 15:06:06] [main] org.springframework.data.repository.config.RepositoryConfigurationDelegate  o.s.d.r.c.RepositoryConfigurationDelegate - Multiple Spring Data modules found, entering strict repository configuration mode!
[INFO ] [2021-06-09 15:06:06] [main] org.springframework.data.repository.config.RepositoryConfigurationDelegate  o.s.d.r.c.RepositoryConfigurationDelegate - Bootstrapping Spring Data Redis repositories in DEFAULT mode.
[INFO ] [2021-06-09 15:06:06] [main] org.springframework.data.repository.config.RepositoryConfigurationDelegate  o.s.d.r.c.RepositoryConfigurationDelegate - Finished Spring Data repository scanning in 12 ms. Found 0 Redis repository interfaces.
[INFO ] [2021-06-09 15:06:06] [main] org.springframework.context.support.PostProcessorRegistrationDelegate$BeanPostProcessorChecker  o.s.c.s.PostProcessorRegistrationDelegate$BeanPostProcessorChecker - Bean 'org.springframework.security.access.expression.method.DefaultMethodSecurityExpressionHandler@764cba' of type [org.springframework.security.access.expression.method.DefaultMethodSecurityExpressionHandler] is not eligible for getting processed by all BeanPostProcessors (for example: not eligible for auto-proxying)
[INFO ] [2021-06-09 15:06:06] [main] org.springframework.context.support.PostProcessorRegistrationDelegate$BeanPostProcessorChecker  o.s.c.s.PostProcessorRegistrationDelegate$BeanPostProcessorChecker - Bean 'methodSecurityMetadataSource' of type [org.springframework.security.access.method.DelegatingMethodSecurityMetadataSource] is not eligible for getting processed by all BeanPostProcessors (for example: not eligible for auto-proxying)
[INFO ] [2021-06-09 15:06:06] [main] org.springframework.boot.web.embedded.tomcat.TomcatWebServer  o.s.b.w.e.tomcat.TomcatWebServer - Tomcat initialized with port(s): 8080 (http)
[INFO ] [2021-06-09 15:06:06] [main] org.apache.coyote.http11.Http11NioProtocol  o.a.coyote.http11.Http11NioProtocol - Initializing ProtocolHandler ["http-nio-8080"]
[INFO ] [2021-06-09 15:06:06] [main] org.apache.catalina.core.StandardService  o.a.catalina.core.StandardService - Starting service [Tomcat]
[INFO ] [2021-06-09 15:06:06] [main] org.apache.catalina.core.StandardEngine  o.a.catalina.core.StandardEngine - Starting Servlet engine: [Apache Tomcat/9.0.46]
[INFO ] [2021-06-09 15:06:06] [main] org.apache.catalina.core.ContainerBase.[Tomcat].[localhost].[/]  o.a.c.c.C.[Tomcat].[localhost].[/] - Initializing Spring embedded WebApplicationContext
[INFO ] [2021-06-09 15:06:06] [main] org.springframework.boot.web.servlet.context.ServletWebServerApplicationContext  o.s.b.w.s.c.ServletWebServerApplicationContext - Root WebApplicationContext: initialization completed in 2403 ms
[INFO ] [2021-06-09 15:06:07] [main] org.apache.catalina.core.StandardService  o.a.catalina.core.StandardService - Stopping service [Tomcat]
[INFO ] [2021-06-09 15:06:07] [main] org.springframework.boot.autoconfigure.logging.ConditionEvaluationReportLoggingListener  o.s.b.a.l.ConditionEvaluationReportLoggingListener - 

Error starting ApplicationContext. To display the conditions report re-run your application with 'debug' enabled.
[INFO ] [2021-06-09 15:07:15] [main] top.baozoulolw.webchat.WebchatApplication  t.b.webchat.WebchatApplication - Starting WebchatApplication using Java 1.8.0_271 on DESKTOP-MR1797F with PID 3900 (D:\STUDY\WebScoket\webchat\target\classes started by Baozoulolw in D:\STUDY\WebScoket\webchat)
[INFO ] [2021-06-09 15:07:15] [main] top.baozoulolw.webchat.WebchatApplication  t.b.webchat.WebchatApplication - The following profiles are active: dev
[INFO ] [2021-06-09 15:07:17] [main] org.springframework.data.repository.config.RepositoryConfigurationDelegate  o.s.d.r.c.RepositoryConfigurationDelegate - Multiple Spring Data modules found, entering strict repository configuration mode!
[INFO ] [2021-06-09 15:07:17] [main] org.springframework.data.repository.config.RepositoryConfigurationDelegate  o.s.d.r.c.RepositoryConfigurationDelegate - Bootstrapping Spring Data Redis repositories in DEFAULT mode.
[INFO ] [2021-06-09 15:07:17] [main] org.springframework.data.repository.config.RepositoryConfigurationDelegate  o.s.d.r.c.RepositoryConfigurationDelegate - Finished Spring Data repository scanning in 14 ms. Found 0 Redis repository interfaces.
[INFO ] [2021-06-09 15:07:17] [main] org.springframework.context.support.PostProcessorRegistrationDelegate$BeanPostProcessorChecker  o.s.c.s.PostProcessorRegistrationDelegate$BeanPostProcessorChecker - Bean 'org.springframework.security.access.expression.method.DefaultMethodSecurityExpressionHandler@47a7a101' of type [org.springframework.security.access.expression.method.DefaultMethodSecurityExpressionHandler] is not eligible for getting processed by all BeanPostProcessors (for example: not eligible for auto-proxying)
[INFO ] [2021-06-09 15:07:17] [main] org.springframework.context.support.PostProcessorRegistrationDelegate$BeanPostProcessorChecker  o.s.c.s.PostProcessorRegistrationDelegate$BeanPostProcessorChecker - Bean 'methodSecurityMetadataSource' of type [org.springframework.security.access.method.DelegatingMethodSecurityMetadataSource] is not eligible for getting processed by all BeanPostProcessors (for example: not eligible for auto-proxying)
[INFO ] [2021-06-09 15:07:17] [main] org.springframework.boot.web.embedded.tomcat.TomcatWebServer  o.s.b.w.e.tomcat.TomcatWebServer - Tomcat initialized with port(s): 8080 (http)
[INFO ] [2021-06-09 15:07:17] [main] org.apache.coyote.http11.Http11NioProtocol  o.a.coyote.http11.Http11NioProtocol - Initializing ProtocolHandler ["http-nio-8080"]
[INFO ] [2021-06-09 15:07:17] [main] org.apache.catalina.core.StandardService  o.a.catalina.core.StandardService - Starting service [Tomcat]
[INFO ] [2021-06-09 15:07:17] [main] org.apache.catalina.core.StandardEngine  o.a.catalina.core.StandardEngine - Starting Servlet engine: [Apache Tomcat/9.0.46]
[INFO ] [2021-06-09 15:07:18] [main] org.apache.catalina.core.ContainerBase.[Tomcat].[localhost].[/]  o.a.c.c.C.[Tomcat].[localhost].[/] - Initializing Spring embedded WebApplicationContext
[INFO ] [2021-06-09 15:07:18] [main] org.springframework.boot.web.servlet.context.ServletWebServerApplicationContext  o.s.b.w.s.c.ServletWebServerApplicationContext - Root WebApplicationContext: initialization completed in 2222 ms
[INFO ] [2021-06-09 15:07:19] [main] springfox.documentation.spring.web.PropertySourcedRequestMappingHandlerMapping  s.d.s.w.PropertySourcedRequestMappingHandlerMapping - Mapped URL path [/v2/api-docs] onto method [springfox.documentation.swagger2.web.Swagger2Controller#getDocumentation(String, HttpServletRequest)]
[INFO ] [2021-06-09 15:07:20] [main] org.springframework.security.web.DefaultSecurityFilterChain  o.s.s.web.DefaultSecurityFilterChain - Will secure any request with [org.springframework.security.web.context.request.async.WebAsyncManagerIntegrationFilter@9408857, org.springframework.security.web.context.SecurityContextPersistenceFilter@7e191fda, org.springframework.security.web.header.HeaderWriterFilter@24d8f87a, org.springframework.security.web.authentication.logout.LogoutFilter@79195c22, org.springframework.security.web.authentication.UsernamePasswordAuthenticationFilter@1e495414, org.springframework.security.web.authentication.ui.DefaultLoginPageGeneratingFilter@712e787e, org.springframework.security.web.authentication.ui.DefaultLogoutPageGeneratingFilter@27e44e9c, org.springframework.security.web.savedrequest.RequestCacheAwareFilter@2ce524d2, org.springframework.security.web.servletapi.SecurityContextHolderAwareRequestFilter@47187f50, org.springframework.security.web.authentication.AnonymousAuthenticationFilter@2f09e6b2, org.springframework.security.web.session.SessionManagementFilter@255d9277, org.springframework.security.web.access.ExceptionTranslationFilter@226d5af0, org.springframework.security.web.access.intercept.FilterSecurityInterceptor@7f22687e]
[INFO ] [2021-06-09 15:07:20] [main] org.apache.coyote.http11.Http11NioProtocol  o.a.coyote.http11.Http11NioProtocol - Starting ProtocolHandler ["http-nio-8080"]
[INFO ] [2021-06-09 15:07:20] [main] org.springframework.boot.web.embedded.tomcat.TomcatWebServer  o.s.b.w.e.tomcat.TomcatWebServer - Tomcat started on port(s): 8080 (http) with context path ''
[INFO ] [2021-06-09 15:07:20] [main] springfox.documentation.spring.web.plugins.DocumentationPluginsBootstrapper  s.d.s.w.p.DocumentationPluginsBootstrapper - Context refreshed
[INFO ] [2021-06-09 15:07:20] [main] springfox.documentation.spring.web.plugins.DocumentationPluginsBootstrapper  s.d.s.w.p.DocumentationPluginsBootstrapper - Found 1 custom documentation plugin(s)
[INFO ] [2021-06-09 15:07:20] [main] springfox.documentation.spring.web.scanners.ApiListingReferenceScanner  s.d.s.w.s.ApiListingReferenceScanner - Scanning for api listing references
[INFO ] [2021-06-09 15:07:20] [main] top.baozoulolw.webchat.WebchatApplication  t.b.webchat.WebchatApplication - Started WebchatApplication in 6.441 seconds (JVM running for 8.034)
[INFO ] [2021-06-09 15:07:20] [main] org.springframework.boot.availability.ApplicationAvailabilityBean  o.s.b.a.ApplicationAvailabilityBean - Application availability state LivenessState changed to CORRECT
[INFO ] [2021-06-09 15:07:20] [main] org.springframework.boot.availability.ApplicationAvailabilityBean  o.s.b.a.ApplicationAvailabilityBean - Application availability state ReadinessState changed to ACCEPTING_TRAFFIC
[INFO ] [2021-06-09 15:08:29] [main] top.baozoulolw.webchat.WebchatApplication  t.b.webchat.WebchatApplication - Starting WebchatApplication using Java 1.8.0_271 on DESKTOP-MR1797F with PID 13980 (D:\STUDY\WebScoket\webchat\target\classes started by Baozoulolw in D:\STUDY\WebScoket\webchat)
[INFO ] [2021-06-09 15:08:29] [main] top.baozoulolw.webchat.WebchatApplication  t.b.webchat.WebchatApplication - The following profiles are active: dev
[INFO ] [2021-06-09 15:08:30] [main] org.springframework.data.repository.config.RepositoryConfigurationDelegate  o.s.d.r.c.RepositoryConfigurationDelegate - Multiple Spring Data modules found, entering strict repository configuration mode!
[INFO ] [2021-06-09 15:08:30] [main] org.springframework.data.repository.config.RepositoryConfigurationDelegate  o.s.d.r.c.RepositoryConfigurationDelegate - Bootstrapping Spring Data Redis repositories in DEFAULT mode.
[INFO ] [2021-06-09 15:08:30] [main] org.springframework.data.repository.config.RepositoryConfigurationDelegate  o.s.d.r.c.RepositoryConfigurationDelegate - Finished Spring Data repository scanning in 16 ms. Found 0 Redis repository interfaces.
[INFO ] [2021-06-09 15:08:31] [main] org.springframework.context.support.PostProcessorRegistrationDelegate$BeanPostProcessorChecker  o.s.c.s.PostProcessorRegistrationDelegate$BeanPostProcessorChecker - Bean 'org.springframework.security.access.expression.method.DefaultMethodSecurityExpressionHandler@47a7a101' of type [org.springframework.security.access.expression.method.DefaultMethodSecurityExpressionHandler] is not eligible for getting processed by all BeanPostProcessors (for example: not eligible for auto-proxying)
[INFO ] [2021-06-09 15:08:31] [main] org.springframework.context.support.PostProcessorRegistrationDelegate$BeanPostProcessorChecker  o.s.c.s.PostProcessorRegistrationDelegate$BeanPostProcessorChecker - Bean 'methodSecurityMetadataSource' of type [org.springframework.security.access.method.DelegatingMethodSecurityMetadataSource] is not eligible for getting processed by all BeanPostProcessors (for example: not eligible for auto-proxying)
[INFO ] [2021-06-09 15:08:31] [main] org.springframework.boot.web.embedded.tomcat.TomcatWebServer  o.s.b.w.e.tomcat.TomcatWebServer - Tomcat initialized with port(s): 8001 (http)
[INFO ] [2021-06-09 15:08:31] [main] org.apache.coyote.http11.Http11NioProtocol  o.a.coyote.http11.Http11NioProtocol - Initializing ProtocolHandler ["http-nio-8001"]
[INFO ] [2021-06-09 15:08:31] [main] org.apache.catalina.core.StandardService  o.a.catalina.core.StandardService - Starting service [Tomcat]
[INFO ] [2021-06-09 15:08:31] [main] org.apache.catalina.core.StandardEngine  o.a.catalina.core.StandardEngine - Starting Servlet engine: [Apache Tomcat/9.0.46]
[INFO ] [2021-06-09 15:08:31] [main] org.apache.catalina.core.ContainerBase.[Tomcat].[localhost].[/]  o.a.c.c.C.[Tomcat].[localhost].[/] - Initializing Spring embedded WebApplicationContext
[INFO ] [2021-06-09 15:08:31] [main] org.springframework.boot.web.servlet.context.ServletWebServerApplicationContext  o.s.b.w.s.c.ServletWebServerApplicationContext - Root WebApplicationContext: initialization completed in 2186 ms
[INFO ] [2021-06-09 15:08:33] [main] springfox.documentation.spring.web.PropertySourcedRequestMappingHandlerMapping  s.d.s.w.PropertySourcedRequestMappingHandlerMapping - Mapped URL path [/v2/api-docs] onto method [springfox.documentation.swagger2.web.Swagger2Controller#getDocumentation(String, HttpServletRequest)]
[INFO ] [2021-06-09 15:08:34] [main] org.springframework.security.web.DefaultSecurityFilterChain  o.s.s.web.DefaultSecurityFilterChain - Will secure any request with [org.springframework.security.web.context.request.async.WebAsyncManagerIntegrationFilter@25a5c8e, org.springframework.security.web.context.SecurityContextPersistenceFilter@7d484fcd, org.springframework.security.web.header.HeaderWriterFilter@6562cc23, org.springframework.security.web.authentication.logout.LogoutFilter@4f3c7808, org.springframework.security.web.authentication.UsernamePasswordAuthenticationFilter@9408857, org.springframework.security.web.authentication.ui.DefaultLoginPageGeneratingFilter@241b971f, org.springframework.security.web.authentication.ui.DefaultLogoutPageGeneratingFilter@656c5c3, org.springframework.security.web.savedrequest.RequestCacheAwareFilter@d25e878, org.springframework.security.web.servletapi.SecurityContextHolderAwareRequestFilter@245cb8df, org.springframework.security.web.authentication.AnonymousAuthenticationFilter@7911cc15, org.springframework.security.web.session.SessionManagementFilter@3869a6e5, org.springframework.security.web.access.ExceptionTranslationFilter@3f048c86, org.springframework.security.web.access.intercept.FilterSecurityInterceptor@3711c71c]
[INFO ] [2021-06-09 15:08:34] [main] org.apache.coyote.http11.Http11NioProtocol  o.a.coyote.http11.Http11NioProtocol - Starting ProtocolHandler ["http-nio-8001"]
[INFO ] [2021-06-09 15:08:34] [main] org.springframework.boot.web.embedded.tomcat.TomcatWebServer  o.s.b.w.e.tomcat.TomcatWebServer - Tomcat started on port(s): 8001 (http) with context path ''
[INFO ] [2021-06-09 15:08:34] [main] springfox.documentation.spring.web.plugins.DocumentationPluginsBootstrapper  s.d.s.w.p.DocumentationPluginsBootstrapper - Context refreshed
[INFO ] [2021-06-09 15:08:34] [main] springfox.documentation.spring.web.plugins.DocumentationPluginsBootstrapper  s.d.s.w.p.DocumentationPluginsBootstrapper - Found 1 custom documentation plugin(s)
[INFO ] [2021-06-09 15:08:34] [main] springfox.documentation.spring.web.scanners.ApiListingReferenceScanner  s.d.s.w.s.ApiListingReferenceScanner - Scanning for api listing references
[INFO ] [2021-06-09 15:08:34] [main] top.baozoulolw.webchat.WebchatApplication  t.b.webchat.WebchatApplication - Started WebchatApplication in 6.398 seconds (JVM running for 8.016)
[INFO ] [2021-06-09 15:08:34] [main] org.springframework.boot.availability.ApplicationAvailabilityBean  o.s.b.a.ApplicationAvailabilityBean - Application availability state LivenessState changed to CORRECT
[INFO ] [2021-06-09 15:08:34] [main] org.springframework.boot.availability.ApplicationAvailabilityBean  o.s.b.a.ApplicationAvailabilityBean - Application availability state ReadinessState changed to ACCEPTING_TRAFFIC
[INFO ] [2021-06-09 15:08:45] [http-nio-8001-exec-1] org.apache.catalina.core.ContainerBase.[Tomcat].[localhost].[/]  o.a.c.c.C.[Tomcat].[localhost].[/] - Initializing Spring DispatcherServlet 'dispatcherServlet'
[INFO ] [2021-06-09 15:08:45] [http-nio-8001-exec-1] org.springframework.web.servlet.DispatcherServlet  o.s.web.servlet.DispatcherServlet - Initializing Servlet 'dispatcherServlet'
[INFO ] [2021-06-09 15:08:45] [http-nio-8001-exec-1] org.springframework.web.servlet.DispatcherServlet  o.s.web.servlet.DispatcherServlet - Completed initialization in 3 ms
[INFO ] [2021-06-09 15:11:15] [http-nio-8001-exec-7] com.zaxxer.hikari.HikariDataSource  com.zaxxer.hikari.HikariDataSource - HikariPool-1 - Starting...
[INFO ] [2021-06-09 15:11:16] [http-nio-8001-exec-7] com.zaxxer.hikari.HikariDataSource  com.zaxxer.hikari.HikariDataSource - HikariPool-1 - Start completed.
[INFO ] [2021-06-09 15:12:20] [main] top.baozoulolw.webchat.WebchatApplication  t.b.webchat.WebchatApplication - Starting WebchatApplication using Java 1.8.0_271 on DESKTOP-MR1797F with PID 14516 (D:\STUDY\WebScoket\webchat\target\classes started by Baozoulolw in D:\STUDY\WebScoket\webchat)
[INFO ] [2021-06-09 15:12:20] [main] top.baozoulolw.webchat.WebchatApplication  t.b.webchat.WebchatApplication - The following profiles are active: dev
[INFO ] [2021-06-09 15:12:21] [main] org.springframework.data.repository.config.RepositoryConfigurationDelegate  o.s.d.r.c.RepositoryConfigurationDelegate - Multiple Spring Data modules found, entering strict repository configuration mode!
[INFO ] [2021-06-09 15:12:21] [main] org.springframework.data.repository.config.RepositoryConfigurationDelegate  o.s.d.r.c.RepositoryConfigurationDelegate - Bootstrapping Spring Data Redis repositories in DEFAULT mode.
[INFO ] [2021-06-09 15:12:22] [main] org.springframework.data.repository.config.RepositoryConfigurationDelegate  o.s.d.r.c.RepositoryConfigurationDelegate - Finished Spring Data repository scanning in 13 ms. Found 0 Redis repository interfaces.
[INFO ] [2021-06-09 15:12:22] [main] org.springframework.context.support.PostProcessorRegistrationDelegate$BeanPostProcessorChecker  o.s.c.s.PostProcessorRegistrationDelegate$BeanPostProcessorChecker - Bean 'org.springframework.security.access.expression.method.DefaultMethodSecurityExpressionHandler@1aa6e3c0' of type [org.springframework.security.access.expression.method.DefaultMethodSecurityExpressionHandler] is not eligible for getting processed by all BeanPostProcessors (for example: not eligible for auto-proxying)
[INFO ] [2021-06-09 15:12:22] [main] org.springframework.context.support.PostProcessorRegistrationDelegate$BeanPostProcessorChecker  o.s.c.s.PostProcessorRegistrationDelegate$BeanPostProcessorChecker - Bean 'methodSecurityMetadataSource' of type [org.springframework.security.access.method.DelegatingMethodSecurityMetadataSource] is not eligible for getting processed by all BeanPostProcessors (for example: not eligible for auto-proxying)
[INFO ] [2021-06-09 15:12:22] [main] org.springframework.boot.web.embedded.tomcat.TomcatWebServer  o.s.b.w.e.tomcat.TomcatWebServer - Tomcat initialized with port(s): 8001 (http)
[INFO ] [2021-06-09 15:12:22] [main] org.apache.coyote.http11.Http11NioProtocol  o.a.coyote.http11.Http11NioProtocol - Initializing ProtocolHandler ["http-nio-8001"]
[INFO ] [2021-06-09 15:12:22] [main] org.apache.catalina.core.StandardService  o.a.catalina.core.StandardService - Starting service [Tomcat]
[INFO ] [2021-06-09 15:12:22] [main] org.apache.catalina.core.StandardEngine  o.a.catalina.core.StandardEngine - Starting Servlet engine: [Apache Tomcat/9.0.46]
[INFO ] [2021-06-09 15:12:22] [main] org.apache.catalina.core.ContainerBase.[Tomcat].[localhost].[/]  o.a.c.c.C.[Tomcat].[localhost].[/] - Initializing Spring embedded WebApplicationContext
[INFO ] [2021-06-09 15:12:22] [main] org.springframework.boot.web.servlet.context.ServletWebServerApplicationContext  o.s.b.w.s.c.ServletWebServerApplicationContext - Root WebApplicationContext: initialization completed in 1695 ms
[INFO ] [2021-06-09 15:12:24] [main] springfox.documentation.spring.web.PropertySourcedRequestMappingHandlerMapping  s.d.s.w.PropertySourcedRequestMappingHandlerMapping - Mapped URL path [/v2/api-docs] onto method [springfox.documentation.swagger2.web.Swagger2Controller#getDocumentation(String, HttpServletRequest)]
[INFO ] [2021-06-09 15:12:24] [main] org.springframework.security.web.DefaultSecurityFilterChain  o.s.s.web.DefaultSecurityFilterChain - Will secure any request with [org.springframework.security.web.context.request.async.WebAsyncManagerIntegrationFilter@1e495414, org.springframework.security.web.context.SecurityContextPersistenceFilter@6c2a95d5, org.springframework.security.web.header.HeaderWriterFilter@6b063470, org.springframework.security.web.authentication.logout.LogoutFilter@241b971f, org.springframework.security.web.authentication.UsernamePasswordAuthenticationFilter@289f15e9, org.springframework.security.web.authentication.ui.DefaultLoginPageGeneratingFilter@7d484fcd, org.springframework.security.web.authentication.ui.DefaultLogoutPageGeneratingFilter@3711c71c, org.springframework.security.web.savedrequest.RequestCacheAwareFilter@3f048c86, org.springframework.security.web.servletapi.SecurityContextHolderAwareRequestFilter@3869a6e5, org.springframework.security.web.authentication.AnonymousAuthenticationFilter@33e3bd2e, org.springframework.security.web.session.SessionManagementFilter@527937d0, org.springframework.security.web.access.ExceptionTranslationFilter@6238d5e0, org.springframework.security.web.access.intercept.FilterSecurityInterceptor@463045fb]
[INFO ] [2021-06-09 15:12:25] [main] org.apache.coyote.http11.Http11NioProtocol  o.a.coyote.http11.Http11NioProtocol - Starting ProtocolHandler ["http-nio-8001"]
[INFO ] [2021-06-09 15:12:25] [main] org.springframework.boot.web.embedded.tomcat.TomcatWebServer  o.s.b.w.e.tomcat.TomcatWebServer - Tomcat started on port(s): 8001 (http) with context path ''
[INFO ] [2021-06-09 15:12:25] [main] springfox.documentation.spring.web.plugins.DocumentationPluginsBootstrapper  s.d.s.w.p.DocumentationPluginsBootstrapper - Context refreshed
[INFO ] [2021-06-09 15:12:25] [main] springfox.documentation.spring.web.plugins.DocumentationPluginsBootstrapper  s.d.s.w.p.DocumentationPluginsBootstrapper - Found 1 custom documentation plugin(s)
[INFO ] [2021-06-09 15:12:25] [main] springfox.documentation.spring.web.scanners.ApiListingReferenceScanner  s.d.s.w.s.ApiListingReferenceScanner - Scanning for api listing references
[INFO ] [2021-06-09 15:12:25] [main] top.baozoulolw.webchat.WebchatApplication  t.b.webchat.WebchatApplication - Started WebchatApplication in 5.185 seconds (JVM running for 6.59)
[INFO ] [2021-06-09 15:12:25] [main] org.springframework.boot.availability.ApplicationAvailabilityBean  o.s.b.a.ApplicationAvailabilityBean - Application availability state LivenessState changed to CORRECT
[INFO ] [2021-06-09 15:12:25] [main] org.springframework.boot.availability.ApplicationAvailabilityBean  o.s.b.a.ApplicationAvailabilityBean - Application availability state ReadinessState changed to ACCEPTING_TRAFFIC
[INFO ] [2021-06-09 15:13:23] [http-nio-8001-exec-1] org.apache.catalina.core.ContainerBase.[Tomcat].[localhost].[/]  o.a.c.c.C.[Tomcat].[localhost].[/] - Initializing Spring DispatcherServlet 'dispatcherServlet'
[INFO ] [2021-06-09 15:13:23] [http-nio-8001-exec-1] org.springframework.web.servlet.DispatcherServlet  o.s.web.servlet.DispatcherServlet - Initializing Servlet 'dispatcherServlet'
[INFO ] [2021-06-09 15:13:23] [http-nio-8001-exec-1] org.springframework.web.servlet.DispatcherServlet  o.s.web.servlet.DispatcherServlet - Completed initialization in 1 ms
[INFO ] [2021-06-09 15:13:24] [http-nio-8001-exec-4] com.zaxxer.hikari.HikariDataSource  com.zaxxer.hikari.HikariDataSource - HikariPool-1 - Starting...
[INFO ] [2021-06-09 15:13:25] [http-nio-8001-exec-4] com.zaxxer.hikari.HikariDataSource  com.zaxxer.hikari.HikariDataSource - HikariPool-1 - Start completed.
[INFO ] [2021-06-09 15:14:07] [main] top.baozoulolw.webchat.WebchatApplication  t.b.webchat.WebchatApplication - Starting WebchatApplication using Java 1.8.0_271 on DESKTOP-MR1797F with PID 15176 (D:\STUDY\WebScoket\webchat\target\classes started by Baozoulolw in D:\STUDY\WebScoket\webchat)
[INFO ] [2021-06-09 15:14:07] [main] top.baozoulolw.webchat.WebchatApplication  t.b.webchat.WebchatApplication - The following profiles are active: dev
[INFO ] [2021-06-09 15:14:08] [main] org.springframework.data.repository.config.RepositoryConfigurationDelegate  o.s.d.r.c.RepositoryConfigurationDelegate - Multiple Spring Data modules found, entering strict repository configuration mode!
[INFO ] [2021-06-09 15:14:08] [main] org.springframework.data.repository.config.RepositoryConfigurationDelegate  o.s.d.r.c.RepositoryConfigurationDelegate - Bootstrapping Spring Data Redis repositories in DEFAULT mode.
[INFO ] [2021-06-09 15:14:08] [main] org.springframework.data.repository.config.RepositoryConfigurationDelegate  o.s.d.r.c.RepositoryConfigurationDelegate - Finished Spring Data repository scanning in 8 ms. Found 0 Redis repository interfaces.
[INFO ] [2021-06-09 15:14:08] [main] org.springframework.context.support.PostProcessorRegistrationDelegate$BeanPostProcessorChecker  o.s.c.s.PostProcessorRegistrationDelegate$BeanPostProcessorChecker - Bean 'org.springframework.security.access.expression.method.DefaultMethodSecurityExpressionHandler@1aa6e3c0' of type [org.springframework.security.access.expression.method.DefaultMethodSecurityExpressionHandler] is not eligible for getting processed by all BeanPostProcessors (for example: not eligible for auto-proxying)
[INFO ] [2021-06-09 15:14:08] [main] org.springframework.context.support.PostProcessorRegistrationDelegate$BeanPostProcessorChecker  o.s.c.s.PostProcessorRegistrationDelegate$BeanPostProcessorChecker - Bean 'methodSecurityMetadataSource' of type [org.springframework.security.access.method.DelegatingMethodSecurityMetadataSource] is not eligible for getting processed by all BeanPostProcessors (for example: not eligible for auto-proxying)
[INFO ] [2021-06-09 15:14:09] [main] org.springframework.boot.web.embedded.tomcat.TomcatWebServer  o.s.b.w.e.tomcat.TomcatWebServer - Tomcat initialized with port(s): 8001 (http)
[INFO ] [2021-06-09 15:14:09] [main] org.apache.coyote.http11.Http11NioProtocol  o.a.coyote.http11.Http11NioProtocol - Initializing ProtocolHandler ["http-nio-8001"]
[INFO ] [2021-06-09 15:14:09] [main] org.apache.catalina.core.StandardService  o.a.catalina.core.StandardService - Starting service [Tomcat]
[INFO ] [2021-06-09 15:14:09] [main] org.apache.catalina.core.StandardEngine  o.a.catalina.core.StandardEngine - Starting Servlet engine: [Apache Tomcat/9.0.46]
[INFO ] [2021-06-09 15:14:09] [main] org.apache.catalina.core.ContainerBase.[Tomcat].[localhost].[/]  o.a.c.c.C.[Tomcat].[localhost].[/] - Initializing Spring embedded WebApplicationContext
[INFO ] [2021-06-09 15:14:09] [main] org.springframework.boot.web.servlet.context.ServletWebServerApplicationContext  o.s.b.w.s.c.ServletWebServerApplicationContext - Root WebApplicationContext: initialization completed in 1809 ms
[INFO ] [2021-06-09 15:14:10] [main] springfox.documentation.spring.web.PropertySourcedRequestMappingHandlerMapping  s.d.s.w.PropertySourcedRequestMappingHandlerMapping - Mapped URL path [/v2/api-docs] onto method [springfox.documentation.swagger2.web.Swagger2Controller#getDocumentation(String, HttpServletRequest)]
[INFO ] [2021-06-09 15:14:11] [main] org.springframework.security.web.DefaultSecurityFilterChain  o.s.s.web.DefaultSecurityFilterChain - Will secure any request with [org.springframework.security.web.context.request.async.WebAsyncManagerIntegrationFilter@1e495414, org.springframework.security.web.context.SecurityContextPersistenceFilter@6c2a95d5, org.springframework.security.web.header.HeaderWriterFilter@6b063470, org.springframework.security.web.authentication.logout.LogoutFilter@241b971f, org.springframework.security.web.authentication.UsernamePasswordAuthenticationFilter@289f15e9, org.springframework.security.web.authentication.ui.DefaultLoginPageGeneratingFilter@7d484fcd, org.springframework.security.web.authentication.ui.DefaultLogoutPageGeneratingFilter@3711c71c, org.springframework.security.web.savedrequest.RequestCacheAwareFilter@3f048c86, org.springframework.security.web.servletapi.SecurityContextHolderAwareRequestFilter@3869a6e5, org.springframework.security.web.authentication.AnonymousAuthenticationFilter@33e3bd2e, org.springframework.security.web.session.SessionManagementFilter@527937d0, org.springframework.security.web.access.ExceptionTranslationFilter@6238d5e0, org.springframework.security.web.access.intercept.FilterSecurityInterceptor@463045fb]
[INFO ] [2021-06-09 15:14:11] [main] org.apache.coyote.http11.Http11NioProtocol  o.a.coyote.http11.Http11NioProtocol - Starting ProtocolHandler ["http-nio-8001"]
[INFO ] [2021-06-09 15:14:11] [main] org.springframework.boot.web.embedded.tomcat.TomcatWebServer  o.s.b.w.e.tomcat.TomcatWebServer - Tomcat started on port(s): 8001 (http) with context path ''
[INFO ] [2021-06-09 15:14:11] [main] springfox.documentation.spring.web.plugins.DocumentationPluginsBootstrapper  s.d.s.w.p.DocumentationPluginsBootstrapper - Context refreshed
[INFO ] [2021-06-09 15:14:11] [main] springfox.documentation.spring.web.plugins.DocumentationPluginsBootstrapper  s.d.s.w.p.DocumentationPluginsBootstrapper - Found 1 custom documentation plugin(s)
[INFO ] [2021-06-09 15:14:11] [main] springfox.documentation.spring.web.scanners.ApiListingReferenceScanner  s.d.s.w.s.ApiListingReferenceScanner - Scanning for api listing references
[INFO ] [2021-06-09 15:14:11] [main] top.baozoulolw.webchat.WebchatApplication  t.b.webchat.WebchatApplication - Started WebchatApplication in 5.503 seconds (JVM running for 7.165)
[INFO ] [2021-06-09 15:14:11] [main] org.springframework.boot.availability.ApplicationAvailabilityBean  o.s.b.a.ApplicationAvailabilityBean - Application availability state LivenessState changed to CORRECT
[INFO ] [2021-06-09 15:14:11] [main] org.springframework.boot.availability.ApplicationAvailabilityBean  o.s.b.a.ApplicationAvailabilityBean - Application availability state ReadinessState changed to ACCEPTING_TRAFFIC
[INFO ] [2021-06-09 15:14:28] [main] top.baozoulolw.webchat.WebchatApplication  t.b.webchat.WebchatApplication - Starting WebchatApplication using Java 1.8.0_271 on DESKTOP-MR1797F with PID 5712 (D:\STUDY\WebScoket\webchat\target\classes started by Baozoulolw in D:\STUDY\WebScoket\webchat)
[INFO ] [2021-06-09 15:14:28] [main] top.baozoulolw.webchat.WebchatApplication  t.b.webchat.WebchatApplication - The following profiles are active: dev
[INFO ] [2021-06-09 15:14:29] [main] org.springframework.data.repository.config.RepositoryConfigurationDelegate  o.s.d.r.c.RepositoryConfigurationDelegate - Multiple Spring Data modules found, entering strict repository configuration mode!
[INFO ] [2021-06-09 15:14:29] [main] org.springframework.data.repository.config.RepositoryConfigurationDelegate  o.s.d.r.c.RepositoryConfigurationDelegate - Bootstrapping Spring Data Redis repositories in DEFAULT mode.
[INFO ] [2021-06-09 15:14:29] [main] org.springframework.data.repository.config.RepositoryConfigurationDelegate  o.s.d.r.c.RepositoryConfigurationDelegate - Finished Spring Data repository scanning in 9 ms. Found 0 Redis repository interfaces.
[INFO ] [2021-06-09 15:14:29] [main] org.springframework.context.support.PostProcessorRegistrationDelegate$BeanPostProcessorChecker  o.s.c.s.PostProcessorRegistrationDelegate$BeanPostProcessorChecker - Bean 'org.springframework.security.access.expression.method.DefaultMethodSecurityExpressionHandler@74dbb1ee' of type [org.springframework.security.access.expression.method.DefaultMethodSecurityExpressionHandler] is not eligible for getting processed by all BeanPostProcessors (for example: not eligible for auto-proxying)
[INFO ] [2021-06-09 15:14:29] [main] org.springframework.context.support.PostProcessorRegistrationDelegate$BeanPostProcessorChecker  o.s.c.s.PostProcessorRegistrationDelegate$BeanPostProcessorChecker - Bean 'methodSecurityMetadataSource' of type [org.springframework.security.access.method.DelegatingMethodSecurityMetadataSource] is not eligible for getting processed by all BeanPostProcessors (for example: not eligible for auto-proxying)
[INFO ] [2021-06-09 15:14:29] [main] org.springframework.boot.web.embedded.tomcat.TomcatWebServer  o.s.b.w.e.tomcat.TomcatWebServer - Tomcat initialized with port(s): 8001 (http)
[INFO ] [2021-06-09 15:14:29] [main] org.apache.coyote.http11.Http11NioProtocol  o.a.coyote.http11.Http11NioProtocol - Initializing ProtocolHandler ["http-nio-8001"]
[INFO ] [2021-06-09 15:14:29] [main] org.apache.catalina.core.StandardService  o.a.catalina.core.StandardService - Starting service [Tomcat]
[INFO ] [2021-06-09 15:14:29] [main] org.apache.catalina.core.StandardEngine  o.a.catalina.core.StandardEngine - Starting Servlet engine: [Apache Tomcat/9.0.46]
[INFO ] [2021-06-09 15:14:29] [main] org.apache.catalina.core.ContainerBase.[Tomcat].[localhost].[/]  o.a.c.c.C.[Tomcat].[localhost].[/] - Initializing Spring embedded WebApplicationContext
[INFO ] [2021-06-09 15:14:29] [main] org.springframework.boot.web.servlet.context.ServletWebServerApplicationContext  o.s.b.w.s.c.ServletWebServerApplicationContext - Root WebApplicationContext: initialization completed in 1615 ms
[INFO ] [2021-06-09 15:14:31] [main] springfox.documentation.spring.web.PropertySourcedRequestMappingHandlerMapping  s.d.s.w.PropertySourcedRequestMappingHandlerMapping - Mapped URL path [/v2/api-docs] onto method [springfox.documentation.swagger2.web.Swagger2Controller#getDocumentation(String, HttpServletRequest)]
[INFO ] [2021-06-09 15:14:32] [main] org.springframework.security.web.DefaultSecurityFilterChain  o.s.s.web.DefaultSecurityFilterChain - Will secure any request with [org.springframework.security.web.context.request.async.WebAsyncManagerIntegrationFilter@2c7c0e36, org.springframework.security.web.context.SecurityContextPersistenceFilter@70be89ec, org.springframework.security.web.header.HeaderWriterFilter@6b42e36d, org.springframework.security.web.authentication.logout.LogoutFilter@6cdee57, org.springframework.security.web.authentication.UsernamePasswordAuthenticationFilter@14e750c5, org.springframework.security.web.authentication.ui.DefaultLoginPageGeneratingFilter@3de79067, org.springframework.security.web.authentication.ui.DefaultLogoutPageGeneratingFilter@307cf964, org.springframework.security.web.savedrequest.RequestCacheAwareFilter@19a5b637, org.springframework.security.web.servletapi.SecurityContextHolderAwareRequestFilter@9b367c8, org.springframework.security.web.authentication.AnonymousAuthenticationFilter@374ccb9, org.springframework.security.web.session.SessionManagementFilter@79195c22, org.springframework.security.web.access.ExceptionTranslationFilter@26b3c9a2, org.springframework.security.web.access.intercept.FilterSecurityInterceptor@25a5c8e]
[INFO ] [2021-06-09 15:14:32] [main] org.apache.coyote.http11.Http11NioProtocol  o.a.coyote.http11.Http11NioProtocol - Starting ProtocolHandler ["http-nio-8001"]
[INFO ] [2021-06-09 15:14:32] [main] org.springframework.boot.web.embedded.tomcat.TomcatWebServer  o.s.b.w.e.tomcat.TomcatWebServer - Tomcat started on port(s): 8001 (http) with context path ''
[INFO ] [2021-06-09 15:14:32] [main] springfox.documentation.spring.web.plugins.DocumentationPluginsBootstrapper  s.d.s.w.p.DocumentationPluginsBootstrapper - Context refreshed
[INFO ] [2021-06-09 15:14:32] [main] springfox.documentation.spring.web.plugins.DocumentationPluginsBootstrapper  s.d.s.w.p.DocumentationPluginsBootstrapper - Found 1 custom documentation plugin(s)
[INFO ] [2021-06-09 15:14:32] [main] springfox.documentation.spring.web.scanners.ApiListingReferenceScanner  s.d.s.w.s.ApiListingReferenceScanner - Scanning for api listing references
[INFO ] [2021-06-09 15:14:32] [main] top.baozoulolw.webchat.WebchatApplication  t.b.webchat.WebchatApplication - Started WebchatApplication in 4.873 seconds (JVM running for 6.247)
[INFO ] [2021-06-09 15:14:32] [main] org.springframework.boot.availability.ApplicationAvailabilityBean  o.s.b.a.ApplicationAvailabilityBean - Application availability state LivenessState changed to CORRECT
[INFO ] [2021-06-09 15:14:32] [main] org.springframework.boot.availability.ApplicationAvailabilityBean  o.s.b.a.ApplicationAvailabilityBean - Application availability state ReadinessState changed to ACCEPTING_TRAFFIC
[INFO ] [2021-06-09 15:15:59] [http-nio-8001-exec-1] org.apache.catalina.core.ContainerBase.[Tomcat].[localhost].[/]  o.a.c.c.C.[Tomcat].[localhost].[/] - Initializing Spring DispatcherServlet 'dispatcherServlet'
[INFO ] [2021-06-09 15:15:59] [http-nio-8001-exec-1] org.springframework.web.servlet.DispatcherServlet  o.s.web.servlet.DispatcherServlet - Initializing Servlet 'dispatcherServlet'
[INFO ] [2021-06-09 15:15:59] [http-nio-8001-exec-1] org.springframework.web.servlet.DispatcherServlet  o.s.web.servlet.DispatcherServlet - Completed initialization in 1 ms
[INFO ] [2021-06-09 15:16:00] [http-nio-8001-exec-4] com.zaxxer.hikari.HikariDataSource  com.zaxxer.hikari.HikariDataSource - HikariPool-1 - Starting...
[INFO ] [2021-06-09 15:16:01] [http-nio-8001-exec-4] com.zaxxer.hikari.HikariDataSource  com.zaxxer.hikari.HikariDataSource - HikariPool-1 - Start completed.
[INFO ] [2021-06-09 15:18:12] [main] top.baozoulolw.webchat.WebchatApplication  t.b.webchat.WebchatApplication - Starting WebchatApplication using Java 1.8.0_271 on DESKTOP-MR1797F with PID 12808 (D:\STUDY\WebScoket\webchat\target\classes started by Baozoulolw in D:\STUDY\WebScoket\webchat)
[INFO ] [2021-06-09 15:18:12] [main] top.baozoulolw.webchat.WebchatApplication  t.b.webchat.WebchatApplication - The following profiles are active: dev
[INFO ] [2021-06-09 15:18:14] [main] org.springframework.data.repository.config.RepositoryConfigurationDelegate  o.s.d.r.c.RepositoryConfigurationDelegate - Multiple Spring Data modules found, entering strict repository configuration mode!
[INFO ] [2021-06-09 15:18:14] [main] org.springframework.data.repository.config.RepositoryConfigurationDelegate  o.s.d.r.c.RepositoryConfigurationDelegate - Bootstrapping Spring Data Redis repositories in DEFAULT mode.
[INFO ] [2021-06-09 15:18:14] [main] org.springframework.data.repository.config.RepositoryConfigurationDelegate  o.s.d.r.c.RepositoryConfigurationDelegate - Finished Spring Data repository scanning in 12 ms. Found 0 Redis repository interfaces.
[INFO ] [2021-06-09 15:18:14] [main] org.springframework.context.support.PostProcessorRegistrationDelegate$BeanPostProcessorChecker  o.s.c.s.PostProcessorRegistrationDelegate$BeanPostProcessorChecker - Bean 'org.springframework.security.access.expression.method.DefaultMethodSecurityExpressionHandler@1e84f3c8' of type [org.springframework.security.access.expression.method.DefaultMethodSecurityExpressionHandler] is not eligible for getting processed by all BeanPostProcessors (for example: not eligible for auto-proxying)
[INFO ] [2021-06-09 15:18:14] [main] org.springframework.context.support.PostProcessorRegistrationDelegate$BeanPostProcessorChecker  o.s.c.s.PostProcessorRegistrationDelegate$BeanPostProcessorChecker - Bean 'methodSecurityMetadataSource' of type [org.springframework.security.access.method.DelegatingMethodSecurityMetadataSource] is not eligible for getting processed by all BeanPostProcessors (for example: not eligible for auto-proxying)
[INFO ] [2021-06-09 15:18:15] [main] org.springframework.boot.web.embedded.tomcat.TomcatWebServer  o.s.b.w.e.tomcat.TomcatWebServer - Tomcat initialized with port(s): 8001 (http)
[INFO ] [2021-06-09 15:18:15] [main] org.apache.coyote.http11.Http11NioProtocol  o.a.coyote.http11.Http11NioProtocol - Initializing ProtocolHandler ["http-nio-8001"]
[INFO ] [2021-06-09 15:18:15] [main] org.apache.catalina.core.StandardService  o.a.catalina.core.StandardService - Starting service [Tomcat]
[INFO ] [2021-06-09 15:18:15] [main] org.apache.catalina.core.StandardEngine  o.a.catalina.core.StandardEngine - Starting Servlet engine: [Apache Tomcat/9.0.46]
[INFO ] [2021-06-09 15:18:15] [main] org.apache.catalina.core.ContainerBase.[Tomcat].[localhost].[/]  o.a.c.c.C.[Tomcat].[localhost].[/] - Initializing Spring embedded WebApplicationContext
[INFO ] [2021-06-09 15:18:15] [main] org.springframework.boot.web.servlet.context.ServletWebServerApplicationContext  o.s.b.w.s.c.ServletWebServerApplicationContext - Root WebApplicationContext: initialization completed in 2160 ms
[INFO ] [2021-06-09 15:18:16] [main] springfox.documentation.spring.web.PropertySourcedRequestMappingHandlerMapping  s.d.s.w.PropertySourcedRequestMappingHandlerMapping - Mapped URL path [/v2/api-docs] onto method [springfox.documentation.swagger2.web.Swagger2Controller#getDocumentation(String, HttpServletRequest)]
[INFO ] [2021-06-09 15:18:18] [main] org.springframework.security.web.DefaultSecurityFilterChain  o.s.s.web.DefaultSecurityFilterChain - Will secure any request with [org.springframework.security.web.context.request.async.WebAsyncManagerIntegrationFilter@4583b617, org.springframework.security.web.context.SecurityContextPersistenceFilter@5bf7f15f, org.springframework.security.web.header.HeaderWriterFilter@33eab2e8, org.springframework.security.web.authentication.logout.LogoutFilter@73234691, org.springframework.security.web.authentication.UsernamePasswordAuthenticationFilter@5fb514c2, org.springframework.security.web.authentication.ui.DefaultLoginPageGeneratingFilter@5c3710b3, org.springframework.security.web.authentication.ui.DefaultLogoutPageGeneratingFilter@22a63740, org.springframework.security.web.savedrequest.RequestCacheAwareFilter@11309dd4, org.springframework.security.web.servletapi.SecurityContextHolderAwareRequestFilter@103e7c7c, org.springframework.security.web.authentication.AnonymousAuthenticationFilter@211da640, org.springframework.security.web.session.SessionManagementFilter@37364634, org.springframework.security.web.access.ExceptionTranslationFilter@36cf16a6, org.springframework.security.web.access.intercept.FilterSecurityInterceptor@2864d34d]
[INFO ] [2021-06-09 15:18:18] [main] org.apache.coyote.http11.Http11NioProtocol  o.a.coyote.http11.Http11NioProtocol - Starting ProtocolHandler ["http-nio-8001"]
[INFO ] [2021-06-09 15:18:18] [main] org.springframework.boot.web.embedded.tomcat.TomcatWebServer  o.s.b.w.e.tomcat.TomcatWebServer - Tomcat started on port(s): 8001 (http) with context path ''
[INFO ] [2021-06-09 15:18:18] [main] springfox.documentation.spring.web.plugins.DocumentationPluginsBootstrapper  s.d.s.w.p.DocumentationPluginsBootstrapper - Context refreshed
[INFO ] [2021-06-09 15:18:18] [main] springfox.documentation.spring.web.plugins.DocumentationPluginsBootstrapper  s.d.s.w.p.DocumentationPluginsBootstrapper - Found 1 custom documentation plugin(s)
[INFO ] [2021-06-09 15:18:18] [main] springfox.documentation.spring.web.scanners.ApiListingReferenceScanner  s.d.s.w.s.ApiListingReferenceScanner - Scanning for api listing references
[INFO ] [2021-06-09 15:18:18] [main] top.baozoulolw.webchat.WebchatApplication  t.b.webchat.WebchatApplication - Started WebchatApplication in 6.175 seconds (JVM running for 9.169)
[INFO ] [2021-06-09 15:18:18] [main] org.springframework.boot.availability.ApplicationAvailabilityBean  o.s.b.a.ApplicationAvailabilityBean - Application availability state LivenessState changed to CORRECT
[INFO ] [2021-06-09 15:18:18] [main] org.springframework.boot.availability.ApplicationAvailabilityBean  o.s.b.a.ApplicationAvailabilityBean - Application availability state ReadinessState changed to ACCEPTING_TRAFFIC
[INFO ] [2021-06-09 15:18:32] [http-nio-8001-exec-1] org.apache.catalina.core.ContainerBase.[Tomcat].[localhost].[/]  o.a.c.c.C.[Tomcat].[localhost].[/] - Initializing Spring DispatcherServlet 'dispatcherServlet'
[INFO ] [2021-06-09 15:18:32] [http-nio-8001-exec-1] org.springframework.web.servlet.DispatcherServlet  o.s.web.servlet.DispatcherServlet - Initializing Servlet 'dispatcherServlet'
[INFO ] [2021-06-09 15:18:32] [http-nio-8001-exec-1] org.springframework.web.servlet.DispatcherServlet  o.s.web.servlet.DispatcherServlet - Completed initialization in 0 ms
[INFO ] [2021-06-09 15:18:43] [http-nio-8001-exec-4] com.zaxxer.hikari.HikariDataSource  com.zaxxer.hikari.HikariDataSource - HikariPool-1 - Starting...
[INFO ] [2021-06-09 15:18:52] [http-nio-8001-exec-4] com.zaxxer.hikari.HikariDataSource  com.zaxxer.hikari.HikariDataSource - HikariPool-1 - Start completed.
[INFO ] [2021-06-09 15:20:51] [main] top.baozoulolw.webchat.WebchatApplication  t.b.webchat.WebchatApplication - Starting WebchatApplication using Java 1.8.0_271 on DESKTOP-MR1797F with PID 14376 (D:\STUDY\WebScoket\webchat\target\classes started by Baozoulolw in D:\STUDY\WebScoket\webchat)
[INFO ] [2021-06-09 15:20:51] [main] top.baozoulolw.webchat.WebchatApplication  t.b.webchat.WebchatApplication - The following profiles are active: dev
[INFO ] [2021-06-09 15:20:52] [main] org.springframework.data.repository.config.RepositoryConfigurationDelegate  o.s.d.r.c.RepositoryConfigurationDelegate - Multiple Spring Data modules found, entering strict repository configuration mode!
[INFO ] [2021-06-09 15:20:52] [main] org.springframework.data.repository.config.RepositoryConfigurationDelegate  o.s.d.r.c.RepositoryConfigurationDelegate - Bootstrapping Spring Data Redis repositories in DEFAULT mode.
[INFO ] [2021-06-09 15:20:52] [main] org.springframework.data.repository.config.RepositoryConfigurationDelegate  o.s.d.r.c.RepositoryConfigurationDelegate - Finished Spring Data repository scanning in 13 ms. Found 0 Redis repository interfaces.
[INFO ] [2021-06-09 15:20:53] [main] org.springframework.context.support.PostProcessorRegistrationDelegate$BeanPostProcessorChecker  o.s.c.s.PostProcessorRegistrationDelegate$BeanPostProcessorChecker - Bean 'org.springframework.security.access.expression.method.DefaultMethodSecurityExpressionHandler@dab1f89' of type [org.springframework.security.access.expression.method.DefaultMethodSecurityExpressionHandler] is not eligible for getting processed by all BeanPostProcessors (for example: not eligible for auto-proxying)
[INFO ] [2021-06-09 15:20:53] [main] org.springframework.context.support.PostProcessorRegistrationDelegate$BeanPostProcessorChecker  o.s.c.s.PostProcessorRegistrationDelegate$BeanPostProcessorChecker - Bean 'methodSecurityMetadataSource' of type [org.springframework.security.access.method.DelegatingMethodSecurityMetadataSource] is not eligible for getting processed by all BeanPostProcessors (for example: not eligible for auto-proxying)
[INFO ] [2021-06-09 15:20:53] [main] org.springframework.boot.web.embedded.tomcat.TomcatWebServer  o.s.b.w.e.tomcat.TomcatWebServer - Tomcat initialized with port(s): 8001 (http)
[INFO ] [2021-06-09 15:20:53] [main] org.apache.coyote.http11.Http11NioProtocol  o.a.coyote.http11.Http11NioProtocol - Initializing ProtocolHandler ["http-nio-8001"]
[INFO ] [2021-06-09 15:20:53] [main] org.apache.catalina.core.StandardService  o.a.catalina.core.StandardService - Starting service [Tomcat]
[INFO ] [2021-06-09 15:20:53] [main] org.apache.catalina.core.StandardEngine  o.a.catalina.core.StandardEngine - Starting Servlet engine: [Apache Tomcat/9.0.46]
[INFO ] [2021-06-09 15:20:53] [main] org.apache.catalina.core.ContainerBase.[Tomcat].[localhost].[/]  o.a.c.c.C.[Tomcat].[localhost].[/] - Initializing Spring embedded WebApplicationContext
[INFO ] [2021-06-09 15:20:53] [main] org.springframework.boot.web.servlet.context.ServletWebServerApplicationContext  o.s.b.w.s.c.ServletWebServerApplicationContext - Root WebApplicationContext: initialization completed in 2137 ms
[INFO ] [2021-06-09 15:20:55] [main] springfox.documentation.spring.web.PropertySourcedRequestMappingHandlerMapping  s.d.s.w.PropertySourcedRequestMappingHandlerMapping - Mapped URL path [/v2/api-docs] onto method [springfox.documentation.swagger2.web.Swagger2Controller#getDocumentation(String, HttpServletRequest)]
[INFO ] [2021-06-09 15:20:56] [main] org.springframework.security.web.DefaultSecurityFilterChain  o.s.s.web.DefaultSecurityFilterChain - Will secure any request with [org.springframework.security.web.context.request.async.WebAsyncManagerIntegrationFilter@5cb8580, org.springframework.security.web.context.SecurityContextPersistenceFilter@c1a74d, org.springframework.security.web.header.HeaderWriterFilter@12e2f5ab, org.springframework.security.web.authentication.logout.LogoutFilter@3e9b3b3c, org.springframework.security.web.authentication.UsernamePasswordAuthenticationFilter@41a8f0d8, org.springframework.security.web.authentication.ui.DefaultLoginPageGeneratingFilter@43294e9b, org.springframework.security.web.authentication.ui.DefaultLogoutPageGeneratingFilter@2ca1e49a, org.springframework.security.web.savedrequest.RequestCacheAwareFilter@5cfa2ac5, org.springframework.security.web.servletapi.SecurityContextHolderAwareRequestFilter@a63643e, org.springframework.security.web.authentication.AnonymousAuthenticationFilter@1aee6d14, org.springframework.security.web.session.SessionManagementFilter@686e7513, org.springframework.security.web.access.ExceptionTranslationFilter@73234691, org.springframework.security.web.access.intercept.FilterSecurityInterceptor@30a62a5b]
[INFO ] [2021-06-09 15:20:56] [main] org.apache.coyote.http11.Http11NioProtocol  o.a.coyote.http11.Http11NioProtocol - Starting ProtocolHandler ["http-nio-8001"]
[INFO ] [2021-06-09 15:20:56] [main] org.springframework.boot.web.embedded.tomcat.TomcatWebServer  o.s.b.w.e.tomcat.TomcatWebServer - Tomcat started on port(s): 8001 (http) with context path ''
[INFO ] [2021-06-09 15:20:56] [main] springfox.documentation.spring.web.plugins.DocumentationPluginsBootstrapper  s.d.s.w.p.DocumentationPluginsBootstrapper - Context refreshed
[INFO ] [2021-06-09 15:20:56] [main] springfox.documentation.spring.web.plugins.DocumentationPluginsBootstrapper  s.d.s.w.p.DocumentationPluginsBootstrapper - Found 1 custom documentation plugin(s)
[INFO ] [2021-06-09 15:20:56] [main] springfox.documentation.spring.web.scanners.ApiListingReferenceScanner  s.d.s.w.s.ApiListingReferenceScanner - Scanning for api listing references
[INFO ] [2021-06-09 15:20:56] [main] top.baozoulolw.webchat.WebchatApplication  t.b.webchat.WebchatApplication - Started WebchatApplication in 6.259 seconds (JVM running for 8.067)
[INFO ] [2021-06-09 15:20:56] [main] org.springframework.boot.availability.ApplicationAvailabilityBean  o.s.b.a.ApplicationAvailabilityBean - Application availability state LivenessState changed to CORRECT
[INFO ] [2021-06-09 15:20:56] [main] org.springframework.boot.availability.ApplicationAvailabilityBean  o.s.b.a.ApplicationAvailabilityBean - Application availability state ReadinessState changed to ACCEPTING_TRAFFIC
[INFO ] [2021-06-09 15:21:02] [http-nio-8001-exec-2] org.apache.catalina.core.ContainerBase.[Tomcat].[localhost].[/]  o.a.c.c.C.[Tomcat].[localhost].[/] - Initializing Spring DispatcherServlet 'dispatcherServlet'
[INFO ] [2021-06-09 15:21:02] [http-nio-8001-exec-2] org.springframework.web.servlet.DispatcherServlet  o.s.web.servlet.DispatcherServlet - Initializing Servlet 'dispatcherServlet'
[INFO ] [2021-06-09 15:21:02] [http-nio-8001-exec-2] org.springframework.web.servlet.DispatcherServlet  o.s.web.servlet.DispatcherServlet - Completed initialization in 2 ms
[INFO ] [2021-06-09 15:21:10] [http-nio-8001-exec-4] com.zaxxer.hikari.HikariDataSource  com.zaxxer.hikari.HikariDataSource - HikariPool-1 - Starting...
[INFO ] [2021-06-09 15:21:19] [http-nio-8001-exec-4] com.zaxxer.hikari.HikariDataSource  com.zaxxer.hikari.HikariDataSource - HikariPool-1 - Start completed.
[INFO ] [2021-06-09 15:27:55] [main] top.baozoulolw.webchat.WebchatApplication  t.b.webchat.WebchatApplication - Starting WebchatApplication using Java 1.8.0_271 on DESKTOP-MR1797F with PID 5620 (D:\STUDY\WebScoket\webchat\target\classes started by Baozoulolw in D:\STUDY\WebScoket\webchat)
[INFO ] [2021-06-09 15:27:55] [main] top.baozoulolw.webchat.WebchatApplication  t.b.webchat.WebchatApplication - The following profiles are active: dev
[INFO ] [2021-06-09 15:27:57] [main] org.springframework.data.repository.config.RepositoryConfigurationDelegate  o.s.d.r.c.RepositoryConfigurationDelegate - Multiple Spring Data modules found, entering strict repository configuration mode!
[INFO ] [2021-06-09 15:27:57] [main] org.springframework.data.repository.config.RepositoryConfigurationDelegate  o.s.d.r.c.RepositoryConfigurationDelegate - Bootstrapping Spring Data Redis repositories in DEFAULT mode.
[INFO ] [2021-06-09 15:27:57] [main] org.springframework.data.repository.config.RepositoryConfigurationDelegate  o.s.d.r.c.RepositoryConfigurationDelegate - Finished Spring Data repository scanning in 11 ms. Found 0 Redis repository interfaces.
[INFO ] [2021-06-09 15:27:57] [main] org.springframework.context.support.PostProcessorRegistrationDelegate$BeanPostProcessorChecker  o.s.c.s.PostProcessorRegistrationDelegate$BeanPostProcessorChecker - Bean 'org.springframework.security.access.expression.method.DefaultMethodSecurityExpressionHandler@59e43e8c' of type [org.springframework.security.access.expression.method.DefaultMethodSecurityExpressionHandler] is not eligible for getting processed by all BeanPostProcessors (for example: not eligible for auto-proxying)
[INFO ] [2021-06-09 15:27:57] [main] org.springframework.context.support.PostProcessorRegistrationDelegate$BeanPostProcessorChecker  o.s.c.s.PostProcessorRegistrationDelegate$BeanPostProcessorChecker - Bean 'methodSecurityMetadataSource' of type [org.springframework.security.access.method.DelegatingMethodSecurityMetadataSource] is not eligible for getting processed by all BeanPostProcessors (for example: not eligible for auto-proxying)
[INFO ] [2021-06-09 15:27:57] [main] org.springframework.boot.web.embedded.tomcat.TomcatWebServer  o.s.b.w.e.tomcat.TomcatWebServer - Tomcat initialized with port(s): 8001 (http)
[INFO ] [2021-06-09 15:27:57] [main] org.apache.coyote.http11.Http11NioProtocol  o.a.coyote.http11.Http11NioProtocol - Initializing ProtocolHandler ["http-nio-8001"]
[INFO ] [2021-06-09 15:27:57] [main] org.apache.catalina.core.StandardService  o.a.catalina.core.StandardService - Starting service [Tomcat]
[INFO ] [2021-06-09 15:27:57] [main] org.apache.catalina.core.StandardEngine  o.a.catalina.core.StandardEngine - Starting Servlet engine: [Apache Tomcat/9.0.46]
[INFO ] [2021-06-09 15:27:58] [main] org.apache.catalina.core.ContainerBase.[Tomcat].[localhost].[/]  o.a.c.c.C.[Tomcat].[localhost].[/] - Initializing Spring embedded WebApplicationContext
[INFO ] [2021-06-09 15:27:58] [main] org.springframework.boot.web.servlet.context.ServletWebServerApplicationContext  o.s.b.w.s.c.ServletWebServerApplicationContext - Root WebApplicationContext: initialization completed in 2082 ms
[INFO ] [2021-06-09 15:27:59] [main] springfox.documentation.spring.web.PropertySourcedRequestMappingHandlerMapping  s.d.s.w.PropertySourcedRequestMappingHandlerMapping - Mapped URL path [/v2/api-docs] onto method [springfox.documentation.swagger2.web.Swagger2Controller#getDocumentation(String, HttpServletRequest)]
[INFO ] [2021-06-09 15:28:00] [main] org.springframework.security.web.DefaultSecurityFilterChain  o.s.s.web.DefaultSecurityFilterChain - Will secure any request with [org.springframework.security.web.context.request.async.WebAsyncManagerIntegrationFilter@16e1219f, org.springframework.security.web.context.SecurityContextPersistenceFilter@e3899fd, org.springframework.security.web.header.HeaderWriterFilter@7e191fda, org.springframework.security.web.authentication.logout.LogoutFilter@19a5b637, org.springframework.security.web.authentication.UsernamePasswordAuthenticationFilter@30508066, org.springframework.security.web.authentication.ui.DefaultLoginPageGeneratingFilter@26b3c9a2, org.springframework.security.web.authentication.ui.DefaultLogoutPageGeneratingFilter@13f40d71, org.springframework.security.web.savedrequest.RequestCacheAwareFilter@788e3702, org.springframework.security.web.servletapi.SecurityContextHolderAwareRequestFilter@578c3fd9, org.springframework.security.web.authentication.AnonymousAuthenticationFilter@73a845cb, org.springframework.security.web.session.SessionManagementFilter@2ce524d2, org.springframework.security.web.access.ExceptionTranslationFilter@24d8f87a, org.springframework.security.web.access.intercept.FilterSecurityInterceptor@1e495414]
[INFO ] [2021-06-09 15:28:00] [main] org.apache.coyote.http11.Http11NioProtocol  o.a.coyote.http11.Http11NioProtocol - Starting ProtocolHandler ["http-nio-8001"]
[INFO ] [2021-06-09 15:28:00] [main] org.springframework.boot.web.embedded.tomcat.TomcatWebServer  o.s.b.w.e.tomcat.TomcatWebServer - Tomcat started on port(s): 8001 (http) with context path ''
[INFO ] [2021-06-09 15:28:00] [main] springfox.documentation.spring.web.plugins.DocumentationPluginsBootstrapper  s.d.s.w.p.DocumentationPluginsBootstrapper - Context refreshed
[INFO ] [2021-06-09 15:28:00] [main] springfox.documentation.spring.web.plugins.DocumentationPluginsBootstrapper  s.d.s.w.p.DocumentationPluginsBootstrapper - Found 1 custom documentation plugin(s)
[INFO ] [2021-06-09 15:28:00] [main] springfox.documentation.spring.web.scanners.ApiListingReferenceScanner  s.d.s.w.s.ApiListingReferenceScanner - Scanning for api listing references
[INFO ] [2021-06-09 15:28:00] [main] top.baozoulolw.webchat.WebchatApplication  t.b.webchat.WebchatApplication - Started WebchatApplication in 6.207 seconds (JVM running for 7.791)
[INFO ] [2021-06-09 15:28:00] [main] org.springframework.boot.availability.ApplicationAvailabilityBean  o.s.b.a.ApplicationAvailabilityBean - Application availability state LivenessState changed to CORRECT
[INFO ] [2021-06-09 15:28:00] [main] org.springframework.boot.availability.ApplicationAvailabilityBean  o.s.b.a.ApplicationAvailabilityBean - Application availability state ReadinessState changed to ACCEPTING_TRAFFIC
[INFO ] [2021-06-09 15:28:10] [http-nio-8001-exec-1] org.apache.catalina.core.ContainerBase.[Tomcat].[localhost].[/]  o.a.c.c.C.[Tomcat].[localhost].[/] - Initializing Spring DispatcherServlet 'dispatcherServlet'
[INFO ] [2021-06-09 15:28:10] [http-nio-8001-exec-1] org.springframework.web.servlet.DispatcherServlet  o.s.web.servlet.DispatcherServlet - Initializing Servlet 'dispatcherServlet'
[INFO ] [2021-06-09 15:28:10] [http-nio-8001-exec-1] org.springframework.web.servlet.DispatcherServlet  o.s.web.servlet.DispatcherServlet - Completed initialization in 1 ms
[INFO ] [2021-06-09 15:28:12] [http-nio-8001-exec-4] com.zaxxer.hikari.HikariDataSource  com.zaxxer.hikari.HikariDataSource - HikariPool-1 - Starting...
[INFO ] [2021-06-09 15:28:13] [http-nio-8001-exec-4] com.zaxxer.hikari.HikariDataSource  com.zaxxer.hikari.HikariDataSource - HikariPool-1 - Start completed.
[INFO ] [2021-06-09 20:04:14] [main] top.baozoulolw.webchat.WebchatApplication  t.b.webchat.WebchatApplication - Starting WebchatApplication using Java 1.8.0_212 on DESKTOP-P5QJ30K with PID 15288 (G:\STUDY\WebChat\my\webchat\target\classes started by Baozoulolw in G:\STUDY\WebChat\my\webchat)
[INFO ] [2021-06-09 20:04:14] [main] top.baozoulolw.webchat.WebchatApplication  t.b.webchat.WebchatApplication - The following profiles are active: dev
[INFO ] [2021-06-09 20:04:16] [main] org.springframework.data.repository.config.RepositoryConfigurationDelegate  o.s.d.r.c.RepositoryConfigurationDelegate - Multiple Spring Data modules found, entering strict repository configuration mode!
[INFO ] [2021-06-09 20:04:16] [main] org.springframework.data.repository.config.RepositoryConfigurationDelegate  o.s.d.r.c.RepositoryConfigurationDelegate - Bootstrapping Spring Data Redis repositories in DEFAULT mode.
[INFO ] [2021-06-09 20:04:16] [main] org.springframework.data.repository.config.RepositoryConfigurationDelegate  o.s.d.r.c.RepositoryConfigurationDelegate - Finished Spring Data repository scanning in 9 ms. Found 0 Redis repository interfaces.
[INFO ] [2021-06-09 20:04:16] [main] org.springframework.context.support.PostProcessorRegistrationDelegate$BeanPostProcessorChecker  o.s.c.s.PostProcessorRegistrationDelegate$BeanPostProcessorChecker - Bean 'org.springframework.security.access.expression.method.DefaultMethodSecurityExpressionHandler@3f049056' of type [org.springframework.security.access.expression.method.DefaultMethodSecurityExpressionHandler] is not eligible for getting processed by all BeanPostProcessors (for example: not eligible for auto-proxying)
[INFO ] [2021-06-09 20:04:16] [main] org.springframework.context.support.PostProcessorRegistrationDelegate$BeanPostProcessorChecker  o.s.c.s.PostProcessorRegistrationDelegate$BeanPostProcessorChecker - Bean 'methodSecurityMetadataSource' of type [org.springframework.security.access.method.DelegatingMethodSecurityMetadataSource] is not eligible for getting processed by all BeanPostProcessors (for example: not eligible for auto-proxying)
[INFO ] [2021-06-09 20:04:17] [main] org.springframework.boot.web.embedded.tomcat.TomcatWebServer  o.s.b.w.e.tomcat.TomcatWebServer - Tomcat initialized with port(s): 8001 (http)
[INFO ] [2021-06-09 20:04:17] [main] org.apache.coyote.http11.Http11NioProtocol  o.a.coyote.http11.Http11NioProtocol - Initializing ProtocolHandler ["http-nio-8001"]
[INFO ] [2021-06-09 20:04:17] [main] org.apache.catalina.core.StandardService  o.a.catalina.core.StandardService - Starting service [Tomcat]
[INFO ] [2021-06-09 20:04:17] [main] org.apache.catalina.core.StandardEngine  o.a.catalina.core.StandardEngine - Starting Servlet engine: [Apache Tomcat/9.0.46]
[INFO ] [2021-06-09 20:04:17] [main] org.apache.catalina.core.ContainerBase.[Tomcat].[localhost].[/]  o.a.c.c.C.[Tomcat].[localhost].[/] - Initializing Spring embedded WebApplicationContext
[INFO ] [2021-06-09 20:04:17] [main] org.springframework.boot.web.servlet.context.ServletWebServerApplicationContext  o.s.b.w.s.c.ServletWebServerApplicationContext - Root WebApplicationContext: initialization completed in 2222 ms
[INFO ] [2021-06-09 20:04:18] [main] springfox.documentation.spring.web.PropertySourcedRequestMappingHandlerMapping  s.d.s.w.PropertySourcedRequestMappingHandlerMapping - Mapped URL path [/v2/api-docs] onto method [springfox.documentation.swagger2.web.Swagger2Controller#getDocumentation(String, HttpServletRequest)]
[INFO ] [2021-06-09 20:04:19] [main] org.springframework.security.web.DefaultSecurityFilterChain  o.s.s.web.DefaultSecurityFilterChain - Will secure any request with [org.springframework.security.web.context.request.async.WebAsyncManagerIntegrationFilter@5864e8bf, org.springframework.security.web.context.SecurityContextPersistenceFilter@256589a1, org.springframework.security.web.header.HeaderWriterFilter@19a5b637, org.springframework.security.web.authentication.logout.LogoutFilter@1e56bc9b, org.springframework.security.web.authentication.UsernamePasswordAuthenticationFilter@307cf964, org.springframework.security.web.authentication.ui.DefaultLoginPageGeneratingFilter@67c6f4d8, org.springframework.security.web.authentication.ui.DefaultLogoutPageGeneratingFilter@37ca3ca8, org.springframework.security.web.savedrequest.RequestCacheAwareFilter@9b367c8, org.springframework.security.web.servletapi.SecurityContextHolderAwareRequestFilter@87f501f, org.springframework.security.web.authentication.AnonymousAuthenticationFilter@191ec193, org.springframework.security.web.session.SessionManagementFilter@4b4969ea, org.springframework.security.web.access.ExceptionTranslationFilter@79195c22, org.springframework.security.web.access.intercept.FilterSecurityInterceptor@5329f6b3]
[INFO ] [2021-06-09 20:04:19] [main] org.apache.coyote.http11.Http11NioProtocol  o.a.coyote.http11.Http11NioProtocol - Starting ProtocolHandler ["http-nio-8001"]
[INFO ] [2021-06-09 20:04:19] [main] org.springframework.boot.web.embedded.tomcat.TomcatWebServer  o.s.b.w.e.tomcat.TomcatWebServer - Tomcat started on port(s): 8001 (http) with context path ''
[INFO ] [2021-06-09 20:04:19] [main] springfox.documentation.spring.web.plugins.DocumentationPluginsBootstrapper  s.d.s.w.p.DocumentationPluginsBootstrapper - Context refreshed
[INFO ] [2021-06-09 20:04:19] [main] springfox.documentation.spring.web.plugins.DocumentationPluginsBootstrapper  s.d.s.w.p.DocumentationPluginsBootstrapper - Found 1 custom documentation plugin(s)
[INFO ] [2021-06-09 20:04:19] [main] springfox.documentation.spring.web.scanners.ApiListingReferenceScanner  s.d.s.w.s.ApiListingReferenceScanner - Scanning for api listing references
[INFO ] [2021-06-09 20:04:19] [main] top.baozoulolw.webchat.WebchatApplication  t.b.webchat.WebchatApplication - Started WebchatApplication in 5.525 seconds (JVM running for 7.085)
[INFO ] [2021-06-09 20:04:19] [main] org.springframework.boot.availability.ApplicationAvailabilityBean  o.s.b.a.ApplicationAvailabilityBean - Application availability state LivenessState changed to CORRECT
[INFO ] [2021-06-09 20:04:19] [main] org.springframework.boot.availability.ApplicationAvailabilityBean  o.s.b.a.ApplicationAvailabilityBean - Application availability state ReadinessState changed to ACCEPTING_TRAFFIC
[INFO ] [2021-06-09 20:04:37] [http-nio-8001-exec-1] org.apache.catalina.core.ContainerBase.[Tomcat].[localhost].[/]  o.a.c.c.C.[Tomcat].[localhost].[/] - Initializing Spring DispatcherServlet 'dispatcherServlet'
[INFO ] [2021-06-09 20:04:37] [http-nio-8001-exec-1] org.springframework.web.servlet.DispatcherServlet  o.s.web.servlet.DispatcherServlet - Initializing Servlet 'dispatcherServlet'
[INFO ] [2021-06-09 20:04:37] [http-nio-8001-exec-1] org.springframework.web.servlet.DispatcherServlet  o.s.web.servlet.DispatcherServlet - Completed initialization in 1 ms
[INFO ] [2021-06-09 20:04:48] [http-nio-8001-exec-5] com.zaxxer.hikari.HikariDataSource  com.zaxxer.hikari.HikariDataSource - HikariPool-1 - Starting...
[INFO ] [2021-06-09 20:04:49] [http-nio-8001-exec-5] com.zaxxer.hikari.HikariDataSource  com.zaxxer.hikari.HikariDataSource - HikariPool-1 - Start completed.
[INFO ] [2021-06-09 20:07:17] [main] top.baozoulolw.webchat.WebchatApplication  t.b.webchat.WebchatApplication - Starting WebchatApplication using Java 1.8.0_212 on DESKTOP-P5QJ30K with PID 3484 (G:\STUDY\WebChat\my\webchat\target\classes started by Baozoulolw in G:\STUDY\WebChat\my\webchat)
[INFO ] [2021-06-09 20:07:17] [main] top.baozoulolw.webchat.WebchatApplication  t.b.webchat.WebchatApplication - The following profiles are active: dev
[INFO ] [2021-06-09 20:07:18] [main] org.springframework.data.repository.config.RepositoryConfigurationDelegate  o.s.d.r.c.RepositoryConfigurationDelegate - Multiple Spring Data modules found, entering strict repository configuration mode!
[INFO ] [2021-06-09 20:07:18] [main] org.springframework.data.repository.config.RepositoryConfigurationDelegate  o.s.d.r.c.RepositoryConfigurationDelegate - Bootstrapping Spring Data Redis repositories in DEFAULT mode.
[INFO ] [2021-06-09 20:07:18] [main] org.springframework.data.repository.config.RepositoryConfigurationDelegate  o.s.d.r.c.RepositoryConfigurationDelegate - Finished Spring Data repository scanning in 8 ms. Found 0 Redis repository interfaces.
[INFO ] [2021-06-09 20:07:18] [main] org.springframework.context.support.PostProcessorRegistrationDelegate$BeanPostProcessorChecker  o.s.c.s.PostProcessorRegistrationDelegate$BeanPostProcessorChecker - Bean 'org.springframework.security.access.expression.method.DefaultMethodSecurityExpressionHandler@3f049056' of type [org.springframework.security.access.expression.method.DefaultMethodSecurityExpressionHandler] is not eligible for getting processed by all BeanPostProcessors (for example: not eligible for auto-proxying)
[INFO ] [2021-06-09 20:07:18] [main] org.springframework.context.support.PostProcessorRegistrationDelegate$BeanPostProcessorChecker  o.s.c.s.PostProcessorRegistrationDelegate$BeanPostProcessorChecker - Bean 'methodSecurityMetadataSource' of type [org.springframework.security.access.method.DelegatingMethodSecurityMetadataSource] is not eligible for getting processed by all BeanPostProcessors (for example: not eligible for auto-proxying)
[INFO ] [2021-06-09 20:07:18] [main] org.springframework.boot.web.embedded.tomcat.TomcatWebServer  o.s.b.w.e.tomcat.TomcatWebServer - Tomcat initialized with port(s): 8001 (http)
[INFO ] [2021-06-09 20:07:18] [main] org.apache.coyote.http11.Http11NioProtocol  o.a.coyote.http11.Http11NioProtocol - Initializing ProtocolHandler ["http-nio-8001"]
[INFO ] [2021-06-09 20:07:18] [main] org.apache.catalina.core.StandardService  o.a.catalina.core.StandardService - Starting service [Tomcat]
[INFO ] [2021-06-09 20:07:18] [main] org.apache.catalina.core.StandardEngine  o.a.catalina.core.StandardEngine - Starting Servlet engine: [Apache Tomcat/9.0.46]
[INFO ] [2021-06-09 20:07:18] [main] org.apache.catalina.core.ContainerBase.[Tomcat].[localhost].[/]  o.a.c.c.C.[Tomcat].[localhost].[/] - Initializing Spring embedded WebApplicationContext
[INFO ] [2021-06-09 20:07:18] [main] org.springframework.boot.web.servlet.context.ServletWebServerApplicationContext  o.s.b.w.s.c.ServletWebServerApplicationContext - Root WebApplicationContext: initialization completed in 1438 ms
[INFO ] [2021-06-09 20:07:19] [main] springfox.documentation.spring.web.PropertySourcedRequestMappingHandlerMapping  s.d.s.w.PropertySourcedRequestMappingHandlerMapping - Mapped URL path [/v2/api-docs] onto method [springfox.documentation.swagger2.web.Swagger2Controller#getDocumentation(String, HttpServletRequest)]
[INFO ] [2021-06-09 20:07:20] [main] org.springframework.security.web.DefaultSecurityFilterChain  o.s.s.web.DefaultSecurityFilterChain - Will secure any request with [org.springframework.security.web.context.request.async.WebAsyncManagerIntegrationFilter@2f09e6b2, org.springframework.security.web.context.SecurityContextPersistenceFilter@2ce524d2, org.springframework.security.web.header.HeaderWriterFilter@255d9277, org.springframework.security.web.authentication.logout.LogoutFilter@70be89ec, org.springframework.security.web.authentication.UsernamePasswordAuthenticationFilter@33e3bd2e, org.springframework.security.web.authentication.ui.DefaultLoginPageGeneratingFilter@578c3fd9, org.springframework.security.web.authentication.ui.DefaultLogoutPageGeneratingFilter@1bee0085, org.springframework.security.web.savedrequest.RequestCacheAwareFilter@e3899fd, org.springframework.security.web.servletapi.SecurityContextHolderAwareRequestFilter@712e787e, org.springframework.security.web.authentication.AnonymousAuthenticationFilter@16e1219f, org.springframework.security.web.session.SessionManagementFilter@7e191fda, org.springframework.security.web.access.ExceptionTranslationFilter@36d582cb, org.springframework.security.web.access.intercept.FilterSecurityInterceptor@22a4ca4a]
[INFO ] [2021-06-09 20:07:20] [main] org.apache.coyote.http11.Http11NioProtocol  o.a.coyote.http11.Http11NioProtocol - Starting ProtocolHandler ["http-nio-8001"]
[INFO ] [2021-06-09 20:07:20] [main] org.springframework.boot.web.embedded.tomcat.TomcatWebServer  o.s.b.w.e.tomcat.TomcatWebServer - Tomcat started on port(s): 8001 (http) with context path ''
[INFO ] [2021-06-09 20:07:20] [main] springfox.documentation.spring.web.plugins.DocumentationPluginsBootstrapper  s.d.s.w.p.DocumentationPluginsBootstrapper - Context refreshed
[INFO ] [2021-06-09 20:07:20] [main] springfox.documentation.spring.web.plugins.DocumentationPluginsBootstrapper  s.d.s.w.p.DocumentationPluginsBootstrapper - Found 1 custom documentation plugin(s)
[INFO ] [2021-06-09 20:07:20] [main] springfox.documentation.spring.web.scanners.ApiListingReferenceScanner  s.d.s.w.s.ApiListingReferenceScanner - Scanning for api listing references
[INFO ] [2021-06-09 20:07:20] [main] top.baozoulolw.webchat.WebchatApplication  t.b.webchat.WebchatApplication - Started WebchatApplication in 3.916 seconds (JVM running for 4.698)
[INFO ] [2021-06-09 20:07:20] [main] org.springframework.boot.availability.ApplicationAvailabilityBean  o.s.b.a.ApplicationAvailabilityBean - Application availability state LivenessState changed to CORRECT
[INFO ] [2021-06-09 20:07:20] [main] org.springframework.boot.availability.ApplicationAvailabilityBean  o.s.b.a.ApplicationAvailabilityBean - Application availability state ReadinessState changed to ACCEPTING_TRAFFIC
[INFO ] [2021-06-09 20:07:33] [http-nio-8001-exec-1] org.apache.catalina.core.ContainerBase.[Tomcat].[localhost].[/]  o.a.c.c.C.[Tomcat].[localhost].[/] - Initializing Spring DispatcherServlet 'dispatcherServlet'
[INFO ] [2021-06-09 20:07:33] [http-nio-8001-exec-1] org.springframework.web.servlet.DispatcherServlet  o.s.web.servlet.DispatcherServlet - Initializing Servlet 'dispatcherServlet'
[INFO ] [2021-06-09 20:07:33] [http-nio-8001-exec-1] org.springframework.web.servlet.DispatcherServlet  o.s.web.servlet.DispatcherServlet - Completed initialization in 1 ms
[INFO ] [2021-06-09 20:07:38] [http-nio-8001-exec-4] com.zaxxer.hikari.HikariDataSource  com.zaxxer.hikari.HikariDataSource - HikariPool-1 - Starting...
[INFO ] [2021-06-09 20:07:39] [http-nio-8001-exec-4] com.zaxxer.hikari.HikariDataSource  com.zaxxer.hikari.HikariDataSource - HikariPool-1 - Start completed.
[INFO ] [2021-06-09 20:09:09] [main] top.baozoulolw.webchat.WebchatApplication  t.b.webchat.WebchatApplication - Starting WebchatApplication using Java 1.8.0_212 on DESKTOP-P5QJ30K with PID 4288 (G:\STUDY\WebChat\my\webchat\target\classes started by Baozoulolw in G:\STUDY\WebChat\my\webchat)
[INFO ] [2021-06-09 20:09:09] [main] top.baozoulolw.webchat.WebchatApplication  t.b.webchat.WebchatApplication - The following profiles are active: dev
[INFO ] [2021-06-09 20:09:10] [main] org.springframework.data.repository.config.RepositoryConfigurationDelegate  o.s.d.r.c.RepositoryConfigurationDelegate - Multiple Spring Data modules found, entering strict repository configuration mode!
[INFO ] [2021-06-09 20:09:10] [main] org.springframework.data.repository.config.RepositoryConfigurationDelegate  o.s.d.r.c.RepositoryConfigurationDelegate - Bootstrapping Spring Data Redis repositories in DEFAULT mode.
[INFO ] [2021-06-09 20:09:10] [main] org.springframework.data.repository.config.RepositoryConfigurationDelegate  o.s.d.r.c.RepositoryConfigurationDelegate - Finished Spring Data repository scanning in 8 ms. Found 0 Redis repository interfaces.
[INFO ] [2021-06-09 20:09:10] [main] org.springframework.context.support.PostProcessorRegistrationDelegate$BeanPostProcessorChecker  o.s.c.s.PostProcessorRegistrationDelegate$BeanPostProcessorChecker - Bean 'org.springframework.security.access.expression.method.DefaultMethodSecurityExpressionHandler@55fdf7f9' of type [org.springframework.security.access.expression.method.DefaultMethodSecurityExpressionHandler] is not eligible for getting processed by all BeanPostProcessors (for example: not eligible for auto-proxying)
[INFO ] [2021-06-09 20:09:10] [main] org.springframework.context.support.PostProcessorRegistrationDelegate$BeanPostProcessorChecker  o.s.c.s.PostProcessorRegistrationDelegate$BeanPostProcessorChecker - Bean 'methodSecurityMetadataSource' of type [org.springframework.security.access.method.DelegatingMethodSecurityMetadataSource] is not eligible for getting processed by all BeanPostProcessors (for example: not eligible for auto-proxying)
[INFO ] [2021-06-09 20:09:11] [main] org.springframework.boot.web.embedded.tomcat.TomcatWebServer  o.s.b.w.e.tomcat.TomcatWebServer - Tomcat initialized with port(s): 8001 (http)
[INFO ] [2021-06-09 20:09:11] [main] org.apache.coyote.http11.Http11NioProtocol  o.a.coyote.http11.Http11NioProtocol - Initializing ProtocolHandler ["http-nio-8001"]
[INFO ] [2021-06-09 20:09:11] [main] org.apache.catalina.core.StandardService  o.a.catalina.core.StandardService - Starting service [Tomcat]
[INFO ] [2021-06-09 20:09:11] [main] org.apache.catalina.core.StandardEngine  o.a.catalina.core.StandardEngine - Starting Servlet engine: [Apache Tomcat/9.0.46]
[INFO ] [2021-06-09 20:09:11] [main] org.apache.catalina.core.ContainerBase.[Tomcat].[localhost].[/]  o.a.c.c.C.[Tomcat].[localhost].[/] - Initializing Spring embedded WebApplicationContext
[INFO ] [2021-06-09 20:09:11] [main] org.springframework.boot.web.servlet.context.ServletWebServerApplicationContext  o.s.b.w.s.c.ServletWebServerApplicationContext - Root WebApplicationContext: initialization completed in 1763 ms
[INFO ] [2021-06-09 20:09:12] [main] springfox.documentation.spring.web.PropertySourcedRequestMappingHandlerMapping  s.d.s.w.PropertySourcedRequestMappingHandlerMapping - Mapped URL path [/v2/api-docs] onto method [springfox.documentation.swagger2.web.Swagger2Controller#getDocumentation(String, HttpServletRequest)]
[INFO ] [2021-06-09 20:09:13] [main] org.springframework.security.web.DefaultSecurityFilterChain  o.s.s.web.DefaultSecurityFilterChain - Will secure any request with [org.springframework.security.web.context.request.async.WebAsyncManagerIntegrationFilter@66944c7c, org.springframework.security.web.context.SecurityContextPersistenceFilter@7544260a, org.springframework.security.web.header.HeaderWriterFilter@2932e15f, org.springframework.security.web.authentication.logout.LogoutFilter@14b26e90, org.springframework.security.web.authentication.UsernamePasswordAuthenticationFilter@7981963f, org.springframework.security.web.authentication.ui.DefaultLoginPageGeneratingFilter@708f7386, org.springframework.security.web.authentication.ui.DefaultLogoutPageGeneratingFilter@14993306, org.springframework.security.web.savedrequest.RequestCacheAwareFilter@506b083, org.springframework.security.web.servletapi.SecurityContextHolderAwareRequestFilter@7b2d58e6, org.springframework.security.web.authentication.AnonymousAuthenticationFilter@73ae82da, org.springframework.security.web.session.SessionManagementFilter@2375a976, org.springframework.security.web.access.ExceptionTranslationFilter@3b66ac74, org.springframework.security.web.access.intercept.FilterSecurityInterceptor@39342614]
[INFO ] [2021-06-09 20:09:13] [main] org.apache.coyote.http11.Http11NioProtocol  o.a.coyote.http11.Http11NioProtocol - Starting ProtocolHandler ["http-nio-8001"]
[INFO ] [2021-06-09 20:09:13] [main] org.springframework.boot.web.embedded.tomcat.TomcatWebServer  o.s.b.w.e.tomcat.TomcatWebServer - Tomcat started on port(s): 8001 (http) with context path ''
[INFO ] [2021-06-09 20:09:13] [main] springfox.documentation.spring.web.plugins.DocumentationPluginsBootstrapper  s.d.s.w.p.DocumentationPluginsBootstrapper - Context refreshed
[INFO ] [2021-06-09 20:09:13] [main] springfox.documentation.spring.web.plugins.DocumentationPluginsBootstrapper  s.d.s.w.p.DocumentationPluginsBootstrapper - Found 1 custom documentation plugin(s)
[INFO ] [2021-06-09 20:09:13] [main] springfox.documentation.spring.web.scanners.ApiListingReferenceScanner  s.d.s.w.s.ApiListingReferenceScanner - Scanning for api listing references
[INFO ] [2021-06-09 20:09:13] [main] top.baozoulolw.webchat.WebchatApplication  t.b.webchat.WebchatApplication - Started WebchatApplication in 4.479 seconds (JVM running for 6.571)
[INFO ] [2021-06-09 20:09:13] [main] org.springframework.boot.availability.ApplicationAvailabilityBean  o.s.b.a.ApplicationAvailabilityBean - Application availability state LivenessState changed to CORRECT
[INFO ] [2021-06-09 20:09:13] [main] org.springframework.boot.availability.ApplicationAvailabilityBean  o.s.b.a.ApplicationAvailabilityBean - Application availability state ReadinessState changed to ACCEPTING_TRAFFIC
[INFO ] [2021-06-09 20:09:36] [http-nio-8001-exec-3] org.apache.catalina.core.ContainerBase.[Tomcat].[localhost].[/]  o.a.c.c.C.[Tomcat].[localhost].[/] - Initializing Spring DispatcherServlet 'dispatcherServlet'
[INFO ] [2021-06-09 20:09:36] [http-nio-8001-exec-3] org.springframework.web.servlet.DispatcherServlet  o.s.web.servlet.DispatcherServlet - Initializing Servlet 'dispatcherServlet'
[INFO ] [2021-06-09 20:09:36] [http-nio-8001-exec-3] org.springframework.web.servlet.DispatcherServlet  o.s.web.servlet.DispatcherServlet - Completed initialization in 2 ms
[INFO ] [2021-06-09 20:09:42] [http-nio-8001-exec-4] com.zaxxer.hikari.HikariDataSource  com.zaxxer.hikari.HikariDataSource - HikariPool-1 - Starting...
[INFO ] [2021-06-09 20:09:43] [http-nio-8001-exec-4] com.zaxxer.hikari.HikariDataSource  com.zaxxer.hikari.HikariDataSource - HikariPool-1 - Start completed.
[INFO ] [2021-06-09 20:10:47] [main] top.baozoulolw.webchat.WebchatApplication  t.b.webchat.WebchatApplication - Starting WebchatApplication using Java 1.8.0_212 on DESKTOP-P5QJ30K with PID 8284 (G:\STUDY\WebChat\my\webchat\target\classes started by Baozoulolw in G:\STUDY\WebChat\my\webchat)
[INFO ] [2021-06-09 20:10:47] [main] top.baozoulolw.webchat.WebchatApplication  t.b.webchat.WebchatApplication - The following profiles are active: dev
[INFO ] [2021-06-09 20:10:48] [main] org.springframework.data.repository.config.RepositoryConfigurationDelegate  o.s.d.r.c.RepositoryConfigurationDelegate - Multiple Spring Data modules found, entering strict repository configuration mode!
[INFO ] [2021-06-09 20:10:48] [main] org.springframework.data.repository.config.RepositoryConfigurationDelegate  o.s.d.r.c.RepositoryConfigurationDelegate - Bootstrapping Spring Data Redis repositories in DEFAULT mode.
[INFO ] [2021-06-09 20:10:48] [main] org.springframework.data.repository.config.RepositoryConfigurationDelegate  o.s.d.r.c.RepositoryConfigurationDelegate - Finished Spring Data repository scanning in 9 ms. Found 0 Redis repository interfaces.
[INFO ] [2021-06-09 20:10:48] [main] org.springframework.context.support.PostProcessorRegistrationDelegate$BeanPostProcessorChecker  o.s.c.s.PostProcessorRegistrationDelegate$BeanPostProcessorChecker - Bean 'org.springframework.security.access.expression.method.DefaultMethodSecurityExpressionHandler@9f86dc3' of type [org.springframework.security.access.expression.method.DefaultMethodSecurityExpressionHandler] is not eligible for getting processed by all BeanPostProcessors (for example: not eligible for auto-proxying)
[INFO ] [2021-06-09 20:10:48] [main] org.springframework.context.support.PostProcessorRegistrationDelegate$BeanPostProcessorChecker  o.s.c.s.PostProcessorRegistrationDelegate$BeanPostProcessorChecker - Bean 'methodSecurityMetadataSource' of type [org.springframework.security.access.method.DelegatingMethodSecurityMetadataSource] is not eligible for getting processed by all BeanPostProcessors (for example: not eligible for auto-proxying)
[INFO ] [2021-06-09 20:10:49] [main] org.springframework.boot.web.embedded.tomcat.TomcatWebServer  o.s.b.w.e.tomcat.TomcatWebServer - Tomcat initialized with port(s): 8001 (http)
[INFO ] [2021-06-09 20:10:49] [main] org.apache.coyote.http11.Http11NioProtocol  o.a.coyote.http11.Http11NioProtocol - Initializing ProtocolHandler ["http-nio-8001"]
[INFO ] [2021-06-09 20:10:49] [main] org.apache.catalina.core.StandardService  o.a.catalina.core.StandardService - Starting service [Tomcat]
[INFO ] [2021-06-09 20:10:49] [main] org.apache.catalina.core.StandardEngine  o.a.catalina.core.StandardEngine - Starting Servlet engine: [Apache Tomcat/9.0.46]
[INFO ] [2021-06-09 20:10:49] [main] org.apache.catalina.core.ContainerBase.[Tomcat].[localhost].[/]  o.a.c.c.C.[Tomcat].[localhost].[/] - Initializing Spring embedded WebApplicationContext
[INFO ] [2021-06-09 20:10:49] [main] org.springframework.boot.web.servlet.context.ServletWebServerApplicationContext  o.s.b.w.s.c.ServletWebServerApplicationContext - Root WebApplicationContext: initialization completed in 1544 ms
[INFO ] [2021-06-09 20:10:50] [main] springfox.documentation.spring.web.PropertySourcedRequestMappingHandlerMapping  s.d.s.w.PropertySourcedRequestMappingHandlerMapping - Mapped URL path [/v2/api-docs] onto method [springfox.documentation.swagger2.web.Swagger2Controller#getDocumentation(String, HttpServletRequest)]
[INFO ] [2021-06-09 20:10:50] [main] org.springframework.security.web.DefaultSecurityFilterChain  o.s.s.web.DefaultSecurityFilterChain - Will secure any request with [org.springframework.security.web.context.request.async.WebAsyncManagerIntegrationFilter@4c79ca55, org.springframework.security.web.context.SecurityContextPersistenceFilter@6ff8e744, org.springframework.security.web.header.HeaderWriterFilter@c83ed77, org.springframework.security.web.authentication.logout.LogoutFilter@6fcc0a1, org.springframework.security.web.authentication.UsernamePasswordAuthenticationFilter@2ac9e53c, org.springframework.security.web.authentication.ui.DefaultLoginPageGeneratingFilter@6a878778, org.springframework.security.web.authentication.ui.DefaultLogoutPageGeneratingFilter@3a63d248, org.springframework.security.web.savedrequest.RequestCacheAwareFilter@409395b9, org.springframework.security.web.servletapi.SecurityContextHolderAwareRequestFilter@78861d9e, org.springframework.security.web.authentication.AnonymousAuthenticationFilter@3c4ad54, org.springframework.security.web.session.SessionManagementFilter@d271a54, org.springframework.security.web.access.ExceptionTranslationFilter@57bac3f0, org.springframework.security.web.access.intercept.FilterSecurityInterceptor@7793b55d]
[INFO ] [2021-06-09 20:10:51] [main] org.apache.coyote.http11.Http11NioProtocol  o.a.coyote.http11.Http11NioProtocol - Starting ProtocolHandler ["http-nio-8001"]
[INFO ] [2021-06-09 20:10:51] [main] org.springframework.boot.web.embedded.tomcat.TomcatWebServer  o.s.b.w.e.tomcat.TomcatWebServer - Tomcat started on port(s): 8001 (http) with context path ''
[INFO ] [2021-06-09 20:10:51] [main] springfox.documentation.spring.web.plugins.DocumentationPluginsBootstrapper  s.d.s.w.p.DocumentationPluginsBootstrapper - Context refreshed
[INFO ] [2021-06-09 20:10:51] [main] springfox.documentation.spring.web.plugins.DocumentationPluginsBootstrapper  s.d.s.w.p.DocumentationPluginsBootstrapper - Found 1 custom documentation plugin(s)
[INFO ] [2021-06-09 20:10:51] [main] springfox.documentation.spring.web.scanners.ApiListingReferenceScanner  s.d.s.w.s.ApiListingReferenceScanner - Scanning for api listing references
[INFO ] [2021-06-09 20:10:51] [main] top.baozoulolw.webchat.WebchatApplication  t.b.webchat.WebchatApplication - Started WebchatApplication in 4.029 seconds (JVM running for 5.147)
[INFO ] [2021-06-09 20:10:51] [main] org.springframework.boot.availability.ApplicationAvailabilityBean  o.s.b.a.ApplicationAvailabilityBean - Application availability state LivenessState changed to CORRECT
[INFO ] [2021-06-09 20:10:51] [main] org.springframework.boot.availability.ApplicationAvailabilityBean  o.s.b.a.ApplicationAvailabilityBean - Application availability state ReadinessState changed to ACCEPTING_TRAFFIC
[INFO ] [2021-06-09 20:13:46] [http-nio-8001-exec-2] org.apache.catalina.core.ContainerBase.[Tomcat].[localhost].[/]  o.a.c.c.C.[Tomcat].[localhost].[/] - Initializing Spring DispatcherServlet 'dispatcherServlet'
[INFO ] [2021-06-09 20:13:46] [http-nio-8001-exec-2] org.springframework.web.servlet.DispatcherServlet  o.s.web.servlet.DispatcherServlet - Initializing Servlet 'dispatcherServlet'
[INFO ] [2021-06-09 20:13:46] [http-nio-8001-exec-2] org.springframework.web.servlet.DispatcherServlet  o.s.web.servlet.DispatcherServlet - Completed initialization in 1 ms
[INFO ] [2021-06-09 20:13:51] [http-nio-8001-exec-5] com.zaxxer.hikari.HikariDataSource  com.zaxxer.hikari.HikariDataSource - HikariPool-1 - Starting...
[INFO ] [2021-06-09 20:13:52] [http-nio-8001-exec-5] com.zaxxer.hikari.HikariDataSource  com.zaxxer.hikari.HikariDataSource - HikariPool-1 - Start completed.
[INFO ] [2021-06-09 23:42:42] [main] top.baozoulolw.webchat.WebchatApplicationTests  t.b.webchat.WebchatApplicationTests - Starting WebchatApplicationTests using Java 1.8.0_212 on DESKTOP-P5QJ30K with PID 408 (started by Baozoulolw in G:\STUDY\WebChat\my\webchat)
[INFO ] [2021-06-09 23:42:42] [main] top.baozoulolw.webchat.WebchatApplicationTests  t.b.webchat.WebchatApplicationTests - The following profiles are active: dev
[INFO ] [2021-06-09 23:42:43] [main] org.springframework.data.repository.config.RepositoryConfigurationDelegate  o.s.d.r.c.RepositoryConfigurationDelegate - Multiple Spring Data modules found, entering strict repository configuration mode!
[INFO ] [2021-06-09 23:42:43] [main] org.springframework.data.repository.config.RepositoryConfigurationDelegate  o.s.d.r.c.RepositoryConfigurationDelegate - Bootstrapping Spring Data Redis repositories in DEFAULT mode.
[INFO ] [2021-06-09 23:42:43] [main] org.springframework.data.repository.config.RepositoryConfigurationDelegate  o.s.d.r.c.RepositoryConfigurationDelegate - Finished Spring Data repository scanning in 23 ms. Found 0 Redis repository interfaces.
[INFO ] [2021-06-09 23:42:44] [main] org.springframework.context.support.PostProcessorRegistrationDelegate$BeanPostProcessorChecker  o.s.c.s.PostProcessorRegistrationDelegate$BeanPostProcessorChecker - Bean 'org.springframework.security.access.expression.method.DefaultMethodSecurityExpressionHandler@22d9bc14' of type [org.springframework.security.access.expression.method.DefaultMethodSecurityExpressionHandler] is not eligible for getting processed by all BeanPostProcessors (for example: not eligible for auto-proxying)
[INFO ] [2021-06-09 23:42:44] [main] org.springframework.context.support.PostProcessorRegistrationDelegate$BeanPostProcessorChecker  o.s.c.s.PostProcessorRegistrationDelegate$BeanPostProcessorChecker - Bean 'methodSecurityMetadataSource' of type [org.springframework.security.access.method.DelegatingMethodSecurityMetadataSource] is not eligible for getting processed by all BeanPostProcessors (for example: not eligible for auto-proxying)
[INFO ] [2021-06-09 23:42:45] [main] springfox.documentation.spring.web.PropertySourcedRequestMappingHandlerMapping  s.d.s.w.PropertySourcedRequestMappingHandlerMapping - Mapped URL path [/v2/api-docs] onto method [springfox.documentation.swagger2.web.Swagger2Controller#getDocumentation(String, HttpServletRequest)]
[INFO ] [2021-06-09 23:42:47] [main] org.springframework.security.web.DefaultSecurityFilterChain  o.s.s.web.DefaultSecurityFilterChain - Will secure any request with [org.springframework.security.web.context.request.async.WebAsyncManagerIntegrationFilter@4070ace9, org.springframework.security.web.context.SecurityContextPersistenceFilter@53f495f0, org.springframework.security.web.header.HeaderWriterFilter@525b8922, org.springframework.security.web.authentication.logout.LogoutFilter@77a2688d, org.springframework.security.web.authentication.UsernamePasswordAuthenticationFilter@5ca22e19, org.springframework.security.web.authentication.ui.DefaultLoginPageGeneratingFilter@17354708, org.springframework.security.web.authentication.ui.DefaultLogoutPageGeneratingFilter@722b2728, org.springframework.security.web.savedrequest.RequestCacheAwareFilter@45707f76, org.springframework.security.web.servletapi.SecurityContextHolderAwareRequestFilter@26463a6, org.springframework.security.web.authentication.AnonymousAuthenticationFilter@740c4868, org.springframework.security.web.session.SessionManagementFilter@6caa4dc5, org.springframework.security.web.access.ExceptionTranslationFilter@74764622, org.springframework.security.web.access.intercept.FilterSecurityInterceptor@71039ce1]
[INFO ] [2021-06-09 23:42:47] [main] springfox.documentation.spring.web.plugins.DocumentationPluginsBootstrapper  s.d.s.w.p.DocumentationPluginsBootstrapper - Context refreshed
[INFO ] [2021-06-09 23:42:47] [main] springfox.documentation.spring.web.plugins.DocumentationPluginsBootstrapper  s.d.s.w.p.DocumentationPluginsBootstrapper - Found 1 custom documentation plugin(s)
[INFO ] [2021-06-09 23:42:47] [main] springfox.documentation.spring.web.scanners.ApiListingReferenceScanner  s.d.s.w.s.ApiListingReferenceScanner - Scanning for api listing references
[INFO ] [2021-06-09 23:42:48] [main] top.baozoulolw.webchat.WebchatApplicationTests  t.b.webchat.WebchatApplicationTests - Started WebchatApplicationTests in 6.637 seconds (JVM running for 7.988)
[INFO ] [2021-06-09 23:42:48] [main] org.springframework.boot.availability.ApplicationAvailabilityBean  o.s.b.a.ApplicationAvailabilityBean - Application availability state LivenessState changed to CORRECT
[INFO ] [2021-06-09 23:42:48] [main] org.springframework.boot.availability.ApplicationAvailabilityBean  o.s.b.a.ApplicationAvailabilityBean - Application availability state ReadinessState changed to ACCEPTING_TRAFFIC
