[INFO ] [2021-06-10 00:04:33] [main] top.baozoulolw.webchat.WebchatApplicationTests  t.b.webchat.WebchatApplicationTests - Starting WebchatApplicationTests using Java 1.8.0_212 on DESKTOP-P5QJ30K with PID 5084 (started by Baozoulolw in G:\STUDY\WebChat\my\webchat)
[INFO ] [2021-06-10 00:04:33] [main] top.baozoulolw.webchat.WebchatApplicationTests  t.b.webchat.WebchatApplicationTests - The following profiles are active: dev
[WARN ] [2021-06-10 00:04:33] [background-preinit] org.springframework.http.converter.json.Jackson2ObjectMapperBuilder  o.s.h.c.j.Jackson2ObjectMapperBuilder - For Jackson Kotlin classes support please add "com.fasterxml.jackson.module:jackson-module-kotlin" to the classpath
[INFO ] [2021-06-10 00:04:34] [main] org.springframework.data.repository.config.RepositoryConfigurationDelegate  o.s.d.r.c.RepositoryConfigurationDelegate - Multiple Spring Data modules found, entering strict repository configuration mode!
[INFO ] [2021-06-10 00:04:34] [main] org.springframework.data.repository.config.RepositoryConfigurationDelegate  o.s.d.r.c.RepositoryConfigurationDelegate - Bootstrapping Spring Data Redis repositories in DEFAULT mode.
[INFO ] [2021-06-10 00:04:34] [main] org.springframework.data.repository.config.RepositoryConfigurationDelegate  o.s.d.r.c.RepositoryConfigurationDelegate - Finished Spring Data repository scanning in 10 ms. Found 0 Redis repository interfaces.
[INFO ] [2021-06-10 00:04:35] [main] org.springframework.context.support.PostProcessorRegistrationDelegate$BeanPostProcessorChecker  o.s.c.s.PostProcessorRegistrationDelegate$BeanPostProcessorChecker - Bean 'org.springframework.security.access.expression.method.DefaultMethodSecurityExpressionHandler@3382cf68' of type [org.springframework.security.access.expression.method.DefaultMethodSecurityExpressionHandler] is not eligible for getting processed by all BeanPostProcessors (for example: not eligible for auto-proxying)
[INFO ] [2021-06-10 00:04:35] [main] org.springframework.context.support.PostProcessorRegistrationDelegate$BeanPostProcessorChecker  o.s.c.s.PostProcessorRegistrationDelegate$BeanPostProcessorChecker - Bean 'methodSecurityMetadataSource' of type [org.springframework.security.access.method.DelegatingMethodSecurityMetadataSource] is not eligible for getting processed by all BeanPostProcessors (for example: not eligible for auto-proxying)
[INFO ] [2021-06-10 00:04:36] [main] springfox.documentation.spring.web.PropertySourcedRequestMappingHandlerMapping  s.d.s.w.PropertySourcedRequestMappingHandlerMapping - Mapped URL path [/v2/api-docs] onto method [springfox.documentation.swagger2.web.Swagger2Controller#getDocumentation(String, HttpServletRequest)]
[INFO ] [2021-06-10 00:04:38] [main] org.springframework.security.web.DefaultSecurityFilterChain  o.s.s.web.DefaultSecurityFilterChain - Will secure any request with [org.springframework.security.web.context.request.async.WebAsyncManagerIntegrationFilter@7ce30c0b, org.springframework.security.web.context.SecurityContextPersistenceFilter@4bbc21bd, org.springframework.security.web.header.HeaderWriterFilter@77c692b4, org.springframework.security.web.authentication.logout.LogoutFilter@31b741e2, org.springframework.security.web.authentication.UsernamePasswordAuthenticationFilter@45c90a05, org.springframework.security.web.authentication.ui.DefaultLoginPageGeneratingFilter@166e5a6d, org.springframework.security.web.authentication.ui.DefaultLogoutPageGeneratingFilter@1d7f2f0a, org.springframework.security.web.savedrequest.RequestCacheAwareFilter@d85b399, org.springframework.security.web.servletapi.SecurityContextHolderAwareRequestFilter@67a0ff25, org.springframework.security.web.authentication.AnonymousAuthenticationFilter@54defd69, org.springframework.security.web.session.SessionManagementFilter@6caeba36, org.springframework.security.web.access.ExceptionTranslationFilter@7b3a6e95, org.springframework.security.web.access.intercept.FilterSecurityInterceptor@37e55819]
[INFO ] [2021-06-10 00:04:38] [main] springfox.documentation.spring.web.plugins.DocumentationPluginsBootstrapper  s.d.s.w.p.DocumentationPluginsBootstrapper - Context refreshed
[INFO ] [2021-06-10 00:04:38] [main] springfox.documentation.spring.web.plugins.DocumentationPluginsBootstrapper  s.d.s.w.p.DocumentationPluginsBootstrapper - Found 1 custom documentation plugin(s)
[INFO ] [2021-06-10 00:04:38] [main] springfox.documentation.spring.web.scanners.ApiListingReferenceScanner  s.d.s.w.s.ApiListingReferenceScanner - Scanning for api listing references
[INFO ] [2021-06-10 00:04:38] [main] top.baozoulolw.webchat.WebchatApplicationTests  t.b.webchat.WebchatApplicationTests - Started WebchatApplicationTests in 5.417 seconds (JVM running for 7.042)
[INFO ] [2021-06-10 00:04:38] [main] org.springframework.boot.availability.ApplicationAvailabilityBean  o.s.b.a.ApplicationAvailabilityBean - Application availability state LivenessState changed to CORRECT
[INFO ] [2021-06-10 00:04:38] [main] org.springframework.boot.availability.ApplicationAvailabilityBean  o.s.b.a.ApplicationAvailabilityBean - Application availability state ReadinessState changed to ACCEPTING_TRAFFIC
[INFO ] [2021-06-10 00:06:14] [main] top.baozoulolw.webchat.WebchatApplicationTests  t.b.webchat.WebchatApplicationTests - Starting WebchatApplicationTests using Java 1.8.0_212 on DESKTOP-P5QJ30K with PID 2316 (started by Baozoulolw in G:\STUDY\WebChat\my\webchat)
[INFO ] [2021-06-10 00:06:14] [main] top.baozoulolw.webchat.WebchatApplicationTests  t.b.webchat.WebchatApplicationTests - The following profiles are active: dev
[WARN ] [2021-06-10 00:06:14] [background-preinit] org.springframework.http.converter.json.Jackson2ObjectMapperBuilder  o.s.h.c.j.Jackson2ObjectMapperBuilder - For Jackson Kotlin classes support please add "com.fasterxml.jackson.module:jackson-module-kotlin" to the classpath
[INFO ] [2021-06-10 00:06:15] [main] org.springframework.data.repository.config.RepositoryConfigurationDelegate  o.s.d.r.c.RepositoryConfigurationDelegate - Multiple Spring Data modules found, entering strict repository configuration mode!
[INFO ] [2021-06-10 00:06:15] [main] org.springframework.data.repository.config.RepositoryConfigurationDelegate  o.s.d.r.c.RepositoryConfigurationDelegate - Bootstrapping Spring Data Redis repositories in DEFAULT mode.
[INFO ] [2021-06-10 00:06:15] [main] org.springframework.data.repository.config.RepositoryConfigurationDelegate  o.s.d.r.c.RepositoryConfigurationDelegate - Finished Spring Data repository scanning in 12 ms. Found 0 Redis repository interfaces.
[INFO ] [2021-06-10 00:06:15] [main] org.springframework.context.support.PostProcessorRegistrationDelegate$BeanPostProcessorChecker  o.s.c.s.PostProcessorRegistrationDelegate$BeanPostProcessorChecker - Bean 'org.springframework.security.access.expression.method.DefaultMethodSecurityExpressionHandler@27be17c8' of type [org.springframework.security.access.expression.method.DefaultMethodSecurityExpressionHandler] is not eligible for getting processed by all BeanPostProcessors (for example: not eligible for auto-proxying)
[INFO ] [2021-06-10 00:06:15] [main] org.springframework.context.support.PostProcessorRegistrationDelegate$BeanPostProcessorChecker  o.s.c.s.PostProcessorRegistrationDelegate$BeanPostProcessorChecker - Bean 'methodSecurityMetadataSource' of type [org.springframework.security.access.method.DelegatingMethodSecurityMetadataSource] is not eligible for getting processed by all BeanPostProcessors (for example: not eligible for auto-proxying)
[INFO ] [2021-06-10 00:06:17] [main] springfox.documentation.spring.web.PropertySourcedRequestMappingHandlerMapping  s.d.s.w.PropertySourcedRequestMappingHandlerMapping - Mapped URL path [/v2/api-docs] onto method [springfox.documentation.swagger2.web.Swagger2Controller#getDocumentation(String, HttpServletRequest)]
[INFO ] [2021-06-10 00:06:18] [main] org.springframework.security.web.DefaultSecurityFilterChain  o.s.s.web.DefaultSecurityFilterChain - Will secure any request with [org.springframework.security.web.context.request.async.WebAsyncManagerIntegrationFilter@4ad1a276, org.springframework.security.web.context.SecurityContextPersistenceFilter@432c0f1, org.springframework.security.web.header.HeaderWriterFilter@166e5a6d, org.springframework.security.web.authentication.logout.LogoutFilter@44aed6a4, org.springframework.security.web.authentication.UsernamePasswordAuthenticationFilter@70884875, org.springframework.security.web.authentication.ui.DefaultLoginPageGeneratingFilter@31b741e2, org.springframework.security.web.authentication.ui.DefaultLogoutPageGeneratingFilter@4a833595, org.springframework.security.web.savedrequest.RequestCacheAwareFilter@284d4885, org.springframework.security.web.servletapi.SecurityContextHolderAwareRequestFilter@1846ad0f, org.springframework.security.web.authentication.AnonymousAuthenticationFilter@31006a75, org.springframework.security.web.session.SessionManagementFilter@7d6c4079, org.springframework.security.web.access.ExceptionTranslationFilter@47198524, org.springframework.security.web.access.intercept.FilterSecurityInterceptor@54defd69]
[INFO ] [2021-06-10 00:06:18] [main] springfox.documentation.spring.web.plugins.DocumentationPluginsBootstrapper  s.d.s.w.p.DocumentationPluginsBootstrapper - Context refreshed
[INFO ] [2021-06-10 00:06:18] [main] springfox.documentation.spring.web.plugins.DocumentationPluginsBootstrapper  s.d.s.w.p.DocumentationPluginsBootstrapper - Found 1 custom documentation plugin(s)
[INFO ] [2021-06-10 00:06:18] [main] springfox.documentation.spring.web.scanners.ApiListingReferenceScanner  s.d.s.w.s.ApiListingReferenceScanner - Scanning for api listing references
[INFO ] [2021-06-10 00:06:18] [main] top.baozoulolw.webchat.WebchatApplicationTests  t.b.webchat.WebchatApplicationTests - Started WebchatApplicationTests in 5.386 seconds (JVM running for 6.837)
[INFO ] [2021-06-10 00:06:18] [main] org.springframework.boot.availability.ApplicationAvailabilityBean  o.s.b.a.ApplicationAvailabilityBean - Application availability state LivenessState changed to CORRECT
[INFO ] [2021-06-10 00:06:18] [main] org.springframework.boot.availability.ApplicationAvailabilityBean  o.s.b.a.ApplicationAvailabilityBean - Application availability state ReadinessState changed to ACCEPTING_TRAFFIC
[INFO ] [2021-06-10 00:08:31] [main] top.baozoulolw.webchat.WebchatApplicationTests  t.b.webchat.WebchatApplicationTests - Starting WebchatApplicationTests using Java 1.8.0_212 on DESKTOP-P5QJ30K with PID 1852 (started by Baozoulolw in G:\STUDY\WebChat\my\webchat)
[INFO ] [2021-06-10 00:08:31] [main] top.baozoulolw.webchat.WebchatApplicationTests  t.b.webchat.WebchatApplicationTests - The following profiles are active: dev
[WARN ] [2021-06-10 00:08:31] [background-preinit] org.springframework.http.converter.json.Jackson2ObjectMapperBuilder  o.s.h.c.j.Jackson2ObjectMapperBuilder - For Jackson Kotlin classes support please add "com.fasterxml.jackson.module:jackson-module-kotlin" to the classpath
[INFO ] [2021-06-10 00:08:32] [main] org.springframework.data.repository.config.RepositoryConfigurationDelegate  o.s.d.r.c.RepositoryConfigurationDelegate - Multiple Spring Data modules found, entering strict repository configuration mode!
[INFO ] [2021-06-10 00:08:32] [main] org.springframework.data.repository.config.RepositoryConfigurationDelegate  o.s.d.r.c.RepositoryConfigurationDelegate - Bootstrapping Spring Data Redis repositories in DEFAULT mode.
[INFO ] [2021-06-10 00:08:32] [main] org.springframework.data.repository.config.RepositoryConfigurationDelegate  o.s.d.r.c.RepositoryConfigurationDelegate - Finished Spring Data repository scanning in 12 ms. Found 0 Redis repository interfaces.
[INFO ] [2021-06-10 00:08:33] [main] org.springframework.context.support.PostProcessorRegistrationDelegate$BeanPostProcessorChecker  o.s.c.s.PostProcessorRegistrationDelegate$BeanPostProcessorChecker - Bean 'org.springframework.security.access.expression.method.DefaultMethodSecurityExpressionHandler@4aa11206' of type [org.springframework.security.access.expression.method.DefaultMethodSecurityExpressionHandler] is not eligible for getting processed by all BeanPostProcessors (for example: not eligible for auto-proxying)
[INFO ] [2021-06-10 00:08:33] [main] org.springframework.context.support.PostProcessorRegistrationDelegate$BeanPostProcessorChecker  o.s.c.s.PostProcessorRegistrationDelegate$BeanPostProcessorChecker - Bean 'methodSecurityMetadataSource' of type [org.springframework.security.access.method.DelegatingMethodSecurityMetadataSource] is not eligible for getting processed by all BeanPostProcessors (for example: not eligible for auto-proxying)
[INFO ] [2021-06-10 00:08:34] [main] springfox.documentation.spring.web.PropertySourcedRequestMappingHandlerMapping  s.d.s.w.PropertySourcedRequestMappingHandlerMapping - Mapped URL path [/v2/api-docs] onto method [springfox.documentation.swagger2.web.Swagger2Controller#getDocumentation(String, HttpServletRequest)]
[INFO ] [2021-06-10 00:08:35] [main] org.springframework.security.web.DefaultSecurityFilterChain  o.s.s.web.DefaultSecurityFilterChain - Will secure any request with [org.springframework.security.web.context.request.async.WebAsyncManagerIntegrationFilter@156324b, org.springframework.security.web.context.SecurityContextPersistenceFilter@573a078, org.springframework.security.web.header.HeaderWriterFilter@5a8dcfbb, org.springframework.security.web.authentication.logout.LogoutFilter@722b2728, org.springframework.security.web.authentication.UsernamePasswordAuthenticationFilter@49122853, org.springframework.security.web.authentication.ui.DefaultLoginPageGeneratingFilter@7540160e, org.springframework.security.web.authentication.ui.DefaultLogoutPageGeneratingFilter@38a38ed4, org.springframework.security.web.savedrequest.RequestCacheAwareFilter@660296d5, org.springframework.security.web.servletapi.SecurityContextHolderAwareRequestFilter@2d9de284, org.springframework.security.web.authentication.AnonymousAuthenticationFilter@1e29a81a, org.springframework.security.web.session.SessionManagementFilter@5597ca3, org.springframework.security.web.access.ExceptionTranslationFilter@284d4885, org.springframework.security.web.access.intercept.FilterSecurityInterceptor@31f7eb8]
[INFO ] [2021-06-10 00:08:36] [main] springfox.documentation.spring.web.plugins.DocumentationPluginsBootstrapper  s.d.s.w.p.DocumentationPluginsBootstrapper - Context refreshed
[INFO ] [2021-06-10 00:08:36] [main] springfox.documentation.spring.web.plugins.DocumentationPluginsBootstrapper  s.d.s.w.p.DocumentationPluginsBootstrapper - Found 1 custom documentation plugin(s)
[INFO ] [2021-06-10 00:08:36] [main] springfox.documentation.spring.web.scanners.ApiListingReferenceScanner  s.d.s.w.s.ApiListingReferenceScanner - Scanning for api listing references
[INFO ] [2021-06-10 00:08:36] [main] top.baozoulolw.webchat.WebchatApplicationTests  t.b.webchat.WebchatApplicationTests - Started WebchatApplicationTests in 5.259 seconds (JVM running for 6.652)
[INFO ] [2021-06-10 00:08:36] [main] org.springframework.boot.availability.ApplicationAvailabilityBean  o.s.b.a.ApplicationAvailabilityBean - Application availability state LivenessState changed to CORRECT
[INFO ] [2021-06-10 00:08:36] [main] org.springframework.boot.availability.ApplicationAvailabilityBean  o.s.b.a.ApplicationAvailabilityBean - Application availability state ReadinessState changed to ACCEPTING_TRAFFIC
[INFO ] [2021-06-10 00:09:12] [main] top.baozoulolw.webchat.WebchatApplication  t.b.webchat.WebchatApplication - Starting WebchatApplication using Java 1.8.0_212 on DESKTOP-P5QJ30K with PID 12716 (G:\STUDY\WebChat\my\webchat\target\classes started by Baozoulolw in G:\STUDY\WebChat\my\webchat)
[INFO ] [2021-06-10 00:09:12] [main] top.baozoulolw.webchat.WebchatApplication  t.b.webchat.WebchatApplication - The following profiles are active: dev
[WARN ] [2021-06-10 00:09:12] [background-preinit] org.springframework.http.converter.json.Jackson2ObjectMapperBuilder  o.s.h.c.j.Jackson2ObjectMapperBuilder - For Jackson Kotlin classes support please add "com.fasterxml.jackson.module:jackson-module-kotlin" to the classpath
[INFO ] [2021-06-10 00:09:12] [main] org.springframework.data.repository.config.RepositoryConfigurationDelegate  o.s.d.r.c.RepositoryConfigurationDelegate - Multiple Spring Data modules found, entering strict repository configuration mode!
[INFO ] [2021-06-10 00:09:12] [main] org.springframework.data.repository.config.RepositoryConfigurationDelegate  o.s.d.r.c.RepositoryConfigurationDelegate - Bootstrapping Spring Data Redis repositories in DEFAULT mode.
[INFO ] [2021-06-10 00:09:12] [main] org.springframework.data.repository.config.RepositoryConfigurationDelegate  o.s.d.r.c.RepositoryConfigurationDelegate - Finished Spring Data repository scanning in 7 ms. Found 0 Redis repository interfaces.
[INFO ] [2021-06-10 00:09:13] [main] org.springframework.context.support.PostProcessorRegistrationDelegate$BeanPostProcessorChecker  o.s.c.s.PostProcessorRegistrationDelegate$BeanPostProcessorChecker - Bean 'org.springframework.security.access.expression.method.DefaultMethodSecurityExpressionHandler@4d1f1ff5' of type [org.springframework.security.access.expression.method.DefaultMethodSecurityExpressionHandler] is not eligible for getting processed by all BeanPostProcessors (for example: not eligible for auto-proxying)
[INFO ] [2021-06-10 00:09:13] [main] org.springframework.context.support.PostProcessorRegistrationDelegate$BeanPostProcessorChecker  o.s.c.s.PostProcessorRegistrationDelegate$BeanPostProcessorChecker - Bean 'methodSecurityMetadataSource' of type [org.springframework.security.access.method.DelegatingMethodSecurityMetadataSource] is not eligible for getting processed by all BeanPostProcessors (for example: not eligible for auto-proxying)
[INFO ] [2021-06-10 00:09:13] [main] org.springframework.boot.web.embedded.tomcat.TomcatWebServer  o.s.b.w.e.tomcat.TomcatWebServer - Tomcat initialized with port(s): 8001 (http)
[INFO ] [2021-06-10 00:09:13] [main] org.apache.coyote.http11.Http11NioProtocol  o.a.coyote.http11.Http11NioProtocol - Initializing ProtocolHandler ["http-nio-8001"]
[INFO ] [2021-06-10 00:09:13] [main] org.apache.catalina.core.StandardService  o.a.catalina.core.StandardService - Starting service [Tomcat]
[INFO ] [2021-06-10 00:09:13] [main] org.apache.catalina.core.StandardEngine  o.a.catalina.core.StandardEngine - Starting Servlet engine: [Apache Tomcat/9.0.46]
[INFO ] [2021-06-10 00:09:13] [main] org.apache.catalina.core.ContainerBase.[Tomcat].[localhost].[/]  o.a.c.c.C.[Tomcat].[localhost].[/] - Initializing Spring embedded WebApplicationContext
[INFO ] [2021-06-10 00:09:13] [main] org.springframework.boot.web.servlet.context.ServletWebServerApplicationContext  o.s.b.w.s.c.ServletWebServerApplicationContext - Root WebApplicationContext: initialization completed in 1381 ms
[INFO ] [2021-06-10 00:09:14] [main] springfox.documentation.spring.web.PropertySourcedRequestMappingHandlerMapping  s.d.s.w.PropertySourcedRequestMappingHandlerMapping - Mapped URL path [/v2/api-docs] onto method [springfox.documentation.swagger2.web.Swagger2Controller#getDocumentation(String, HttpServletRequest)]
[INFO ] [2021-06-10 00:09:14] [main] org.springframework.security.web.DefaultSecurityFilterChain  o.s.s.web.DefaultSecurityFilterChain - Will secure any request with [org.springframework.security.web.context.request.async.WebAsyncManagerIntegrationFilter@7d50f2a8, org.springframework.security.web.context.SecurityContextPersistenceFilter@79195c22, org.springframework.security.web.header.HeaderWriterFilter@125f16b2, org.springframework.security.web.authentication.logout.LogoutFilter@7f0766ef, org.springframework.security.web.authentication.UsernamePasswordAuthenticationFilter@2c7c0e36, org.springframework.security.web.authentication.ui.DefaultLoginPageGeneratingFilter@54495935, org.springframework.security.web.authentication.ui.DefaultLogoutPageGeneratingFilter@5864e8bf, org.springframework.security.web.savedrequest.RequestCacheAwareFilter@70be89ec, org.springframework.security.web.servletapi.SecurityContextHolderAwareRequestFilter@99a8de3, org.springframework.security.web.authentication.AnonymousAuthenticationFilter@37ca3ca8, org.springframework.security.web.session.SessionManagementFilter@6b42e36d, org.springframework.security.web.access.ExceptionTranslationFilter@578c3fd9, org.springframework.security.web.access.intercept.FilterSecurityInterceptor@242ff747]
[INFO ] [2021-06-10 00:09:14] [main] org.apache.coyote.http11.Http11NioProtocol  o.a.coyote.http11.Http11NioProtocol - Starting ProtocolHandler ["http-nio-8001"]
[INFO ] [2021-06-10 00:09:14] [main] org.springframework.boot.web.embedded.tomcat.TomcatWebServer  o.s.b.w.e.tomcat.TomcatWebServer - Tomcat started on port(s): 8001 (http) with context path ''
[INFO ] [2021-06-10 00:09:14] [main] springfox.documentation.spring.web.plugins.DocumentationPluginsBootstrapper  s.d.s.w.p.DocumentationPluginsBootstrapper - Context refreshed
[INFO ] [2021-06-10 00:09:14] [main] springfox.documentation.spring.web.plugins.DocumentationPluginsBootstrapper  s.d.s.w.p.DocumentationPluginsBootstrapper - Found 1 custom documentation plugin(s)
[INFO ] [2021-06-10 00:09:14] [main] springfox.documentation.spring.web.scanners.ApiListingReferenceScanner  s.d.s.w.s.ApiListingReferenceScanner - Scanning for api listing references
[INFO ] [2021-06-10 00:09:14] [main] top.baozoulolw.webchat.WebchatApplication  t.b.webchat.WebchatApplication - Started WebchatApplication in 3.415 seconds (JVM running for 4.244)
[INFO ] [2021-06-10 00:09:14] [main] org.springframework.boot.availability.ApplicationAvailabilityBean  o.s.b.a.ApplicationAvailabilityBean - Application availability state LivenessState changed to CORRECT
[INFO ] [2021-06-10 00:09:14] [main] org.springframework.boot.availability.ApplicationAvailabilityBean  o.s.b.a.ApplicationAvailabilityBean - Application availability state ReadinessState changed to ACCEPTING_TRAFFIC
[INFO ] [2021-06-10 00:09:47] [http-nio-8001-exec-1] org.apache.catalina.core.ContainerBase.[Tomcat].[localhost].[/]  o.a.c.c.C.[Tomcat].[localhost].[/] - Initializing Spring DispatcherServlet 'dispatcherServlet'
[INFO ] [2021-06-10 00:09:47] [http-nio-8001-exec-1] org.springframework.web.servlet.DispatcherServlet  o.s.web.servlet.DispatcherServlet - Initializing Servlet 'dispatcherServlet'
[INFO ] [2021-06-10 00:09:47] [http-nio-8001-exec-1] org.springframework.web.servlet.DispatcherServlet  o.s.web.servlet.DispatcherServlet - Completed initialization in 1 ms
[INFO ] [2021-06-10 00:09:53] [http-nio-8001-exec-9] com.zaxxer.hikari.HikariDataSource  com.zaxxer.hikari.HikariDataSource - HikariPool-1 - Starting...
[INFO ] [2021-06-10 00:09:54] [http-nio-8001-exec-9] com.zaxxer.hikari.HikariDataSource  com.zaxxer.hikari.HikariDataSource - HikariPool-1 - Start completed.
[INFO ] [2021-06-10 00:16:25] [main] top.baozoulolw.webchat.WebchatApplication  t.b.webchat.WebchatApplication - Starting WebchatApplication using Java 1.8.0_212 on DESKTOP-P5QJ30K with PID 13020 (G:\STUDY\WebChat\my\webchat\target\classes started by Baozoulolw in G:\STUDY\WebChat\my\webchat)
[INFO ] [2021-06-10 00:16:25] [main] top.baozoulolw.webchat.WebchatApplication  t.b.webchat.WebchatApplication - The following profiles are active: dev
[WARN ] [2021-06-10 00:16:26] [background-preinit] org.springframework.http.converter.json.Jackson2ObjectMapperBuilder  o.s.h.c.j.Jackson2ObjectMapperBuilder - For Jackson Kotlin classes support please add "com.fasterxml.jackson.module:jackson-module-kotlin" to the classpath
[INFO ] [2021-06-10 00:16:26] [main] org.springframework.data.repository.config.RepositoryConfigurationDelegate  o.s.d.r.c.RepositoryConfigurationDelegate - Multiple Spring Data modules found, entering strict repository configuration mode!
[INFO ] [2021-06-10 00:16:26] [main] org.springframework.data.repository.config.RepositoryConfigurationDelegate  o.s.d.r.c.RepositoryConfigurationDelegate - Bootstrapping Spring Data Redis repositories in DEFAULT mode.
[INFO ] [2021-06-10 00:16:26] [main] org.springframework.data.repository.config.RepositoryConfigurationDelegate  o.s.d.r.c.RepositoryConfigurationDelegate - Finished Spring Data repository scanning in 8 ms. Found 0 Redis repository interfaces.
[INFO ] [2021-06-10 00:16:27] [main] org.springframework.context.support.PostProcessorRegistrationDelegate$BeanPostProcessorChecker  o.s.c.s.PostProcessorRegistrationDelegate$BeanPostProcessorChecker - Bean 'org.springframework.security.access.expression.method.DefaultMethodSecurityExpressionHandler@4d1f1ff5' of type [org.springframework.security.access.expression.method.DefaultMethodSecurityExpressionHandler] is not eligible for getting processed by all BeanPostProcessors (for example: not eligible for auto-proxying)
[INFO ] [2021-06-10 00:16:27] [main] org.springframework.context.support.PostProcessorRegistrationDelegate$BeanPostProcessorChecker  o.s.c.s.PostProcessorRegistrationDelegate$BeanPostProcessorChecker - Bean 'methodSecurityMetadataSource' of type [org.springframework.security.access.method.DelegatingMethodSecurityMetadataSource] is not eligible for getting processed by all BeanPostProcessors (for example: not eligible for auto-proxying)
[INFO ] [2021-06-10 00:16:27] [main] org.springframework.boot.web.embedded.tomcat.TomcatWebServer  o.s.b.w.e.tomcat.TomcatWebServer - Tomcat initialized with port(s): 8001 (http)
[INFO ] [2021-06-10 00:16:27] [main] org.apache.coyote.http11.Http11NioProtocol  o.a.coyote.http11.Http11NioProtocol - Initializing ProtocolHandler ["http-nio-8001"]
[INFO ] [2021-06-10 00:16:27] [main] org.apache.catalina.core.StandardService  o.a.catalina.core.StandardService - Starting service [Tomcat]
[INFO ] [2021-06-10 00:16:27] [main] org.apache.catalina.core.StandardEngine  o.a.catalina.core.StandardEngine - Starting Servlet engine: [Apache Tomcat/9.0.46]
[INFO ] [2021-06-10 00:16:27] [main] org.apache.catalina.core.ContainerBase.[Tomcat].[localhost].[/]  o.a.c.c.C.[Tomcat].[localhost].[/] - Initializing Spring embedded WebApplicationContext
[INFO ] [2021-06-10 00:16:27] [main] org.springframework.boot.web.servlet.context.ServletWebServerApplicationContext  o.s.b.w.s.c.ServletWebServerApplicationContext - Root WebApplicationContext: initialization completed in 1539 ms
[INFO ] [2021-06-10 00:16:28] [main] springfox.documentation.spring.web.PropertySourcedRequestMappingHandlerMapping  s.d.s.w.PropertySourcedRequestMappingHandlerMapping - Mapped URL path [/v2/api-docs] onto method [springfox.documentation.swagger2.web.Swagger2Controller#getDocumentation(String, HttpServletRequest)]
[INFO ] [2021-06-10 00:16:28] [main] org.springframework.security.web.DefaultSecurityFilterChain  o.s.s.web.DefaultSecurityFilterChain - Will secure any request with [org.springframework.security.web.context.request.async.WebAsyncManagerIntegrationFilter@37ca3ca8, org.springframework.security.web.context.SecurityContextPersistenceFilter@935493d, org.springframework.security.web.header.HeaderWriterFilter@4f3c7808, org.springframework.security.web.authentication.logout.LogoutFilter@6f3bd37f, org.springframework.security.web.authentication.UsernamePasswordAuthenticationFilter@374ccb9, org.springframework.security.web.authentication.ui.DefaultLoginPageGeneratingFilter@3a6e9856, org.springframework.security.web.authentication.ui.DefaultLogoutPageGeneratingFilter@191ec193, org.springframework.security.web.savedrequest.RequestCacheAwareFilter@34c62fdf, org.springframework.security.web.servletapi.SecurityContextHolderAwareRequestFilter@54495935, org.springframework.security.web.authentication.AnonymousAuthenticationFilter@6321a5aa, org.springframework.security.web.session.SessionManagementFilter@11c581a0, org.springframework.security.web.access.ExceptionTranslationFilter@c9b5a99, org.springframework.security.web.access.intercept.FilterSecurityInterceptor@597d48ca]
[INFO ] [2021-06-10 00:16:28] [main] org.apache.coyote.http11.Http11NioProtocol  o.a.coyote.http11.Http11NioProtocol - Starting ProtocolHandler ["http-nio-8001"]
[INFO ] [2021-06-10 00:16:29] [main] org.springframework.boot.web.embedded.tomcat.TomcatWebServer  o.s.b.w.e.tomcat.TomcatWebServer - Tomcat started on port(s): 8001 (http) with context path ''
[INFO ] [2021-06-10 00:16:29] [main] springfox.documentation.spring.web.plugins.DocumentationPluginsBootstrapper  s.d.s.w.p.DocumentationPluginsBootstrapper - Context refreshed
[INFO ] [2021-06-10 00:16:29] [main] springfox.documentation.spring.web.plugins.DocumentationPluginsBootstrapper  s.d.s.w.p.DocumentationPluginsBootstrapper - Found 1 custom documentation plugin(s)
[INFO ] [2021-06-10 00:16:29] [main] springfox.documentation.spring.web.scanners.ApiListingReferenceScanner  s.d.s.w.s.ApiListingReferenceScanner - Scanning for api listing references
[INFO ] [2021-06-10 00:16:29] [main] top.baozoulolw.webchat.WebchatApplication  t.b.webchat.WebchatApplication - Started WebchatApplication in 3.721 seconds (JVM running for 4.489)
[INFO ] [2021-06-10 00:16:29] [main] org.springframework.boot.availability.ApplicationAvailabilityBean  o.s.b.a.ApplicationAvailabilityBean - Application availability state LivenessState changed to CORRECT
[INFO ] [2021-06-10 00:16:29] [main] org.springframework.boot.availability.ApplicationAvailabilityBean  o.s.b.a.ApplicationAvailabilityBean - Application availability state ReadinessState changed to ACCEPTING_TRAFFIC
[INFO ] [2021-06-10 00:16:38] [http-nio-8001-exec-1] org.apache.catalina.core.ContainerBase.[Tomcat].[localhost].[/]  o.a.c.c.C.[Tomcat].[localhost].[/] - Initializing Spring DispatcherServlet 'dispatcherServlet'
[INFO ] [2021-06-10 00:16:38] [http-nio-8001-exec-1] org.springframework.web.servlet.DispatcherServlet  o.s.web.servlet.DispatcherServlet - Initializing Servlet 'dispatcherServlet'
[INFO ] [2021-06-10 00:16:38] [http-nio-8001-exec-1] org.springframework.web.servlet.DispatcherServlet  o.s.web.servlet.DispatcherServlet - Completed initialization in 1 ms
[INFO ] [2021-06-10 00:21:25] [http-nio-8001-exec-1] com.zaxxer.hikari.HikariDataSource  com.zaxxer.hikari.HikariDataSource - HikariPool-1 - Starting...
[INFO ] [2021-06-10 00:21:26] [http-nio-8001-exec-1] com.zaxxer.hikari.HikariDataSource  com.zaxxer.hikari.HikariDataSource - HikariPool-1 - Start completed.
